<?xml version="1.0" encoding="utf-8"?>
<!DOCTYPE coverage SYSTEM "http://cobertura.sourceforge.net/xml/coverage-04.dtd">
<coverage line-rate="0.9616477272727273" branch-rate="0.8867924528301887" lines-covered="677" lines-valid="704" branches-covered="94" branches-valid="106" complexity="202" version="0" timestamp="1607345759">
  <sources>
    <source>C:\Users\Mehmed\</source>
  </sources>
  <packages>
    <package name="Studentski Dom" line-rate="0.9727891156462585" branch-rate="0.9117647058823529" complexity="146">
      <classes>
        <class name="Studentski_Dom.Korisnik" filename="C:\Users\Mehmed\Desktop\vvs-zadaca2\Studentski Dom\Korisnik.cs" line-rate="1" branch-rate="1" complexity="13">
          <methods>
            <method name="get_Username" signature="()" line-rate="1" branch-rate="1" complexity="1">
              <lines>
                <line number="18" hits="2" branch="false" />
              </lines>
            </method>
            <method name="set_Username" signature="(...)" line-rate="1" branch-rate="1" complexity="2">
              <lines>
                <line number="20" hits="37" branch="false" />
                <line number="21" hits="37" branch="true" condition-coverage="100% (2/2)" />
                <line number="22" hits="2" branch="false" />
                <line number="24" hits="35" branch="false" />
                <line number="25" hits="35" branch="false" />
              </lines>
            </method>
            <method name="set_Password" signature="(...)" line-rate="1" branch-rate="1" complexity="6">
              <lines>
                <line number="31" hits="42" branch="false" />
                <line number="32" hits="42" branch="true" condition-coverage="100% (6/6)" />
                <line number="33" hits="42" branch="false" />
                <line number="34" hits="42" branch="false" />
                <line number="35" hits="5" branch="false" />
                <line number="37" hits="37" branch="false" />
                <line number="38" hits="37" branch="false" />
              </lines>
            </method>
            <method name="DajHashiraniPassword" signature="(...)" line-rate="1" branch-rate="1" complexity="2">
              <lines>
                <line number="70" hits="3" branch="false" />
                <line number="71" hits="3" branch="false" />
                <line number="73" hits="5" branch="true" condition-coverage="100% (2/2)" />
                <line number="74" hits="2" branch="false" />
                <line number="77" hits="1" branch="false" />
                <line number="78" hits="3" branch="false" />
              </lines>
            </method>
            <method name=".ctor" signature="(...)" line-rate="1" branch-rate="1" complexity="1">
              <lines>
                <line number="44" hits="34" branch="false" />
                <line number="45" hits="34" branch="false" />
                <line number="46" hits="34" branch="false" />
                <line number="47" hits="34" branch="false" />
                <line number="48" hits="34" branch="false" />
              </lines>
            </method>
            <method name=".ctor" signature="()" line-rate="1" branch-rate="1" complexity="1">
              <lines>
                <line number="50" hits="15" branch="false" />
                <line number="51" hits="15" branch="false" />
                <line number="53" hits="15" branch="false" />
              </lines>
            </method>
          </methods>
          <lines>
            <line number="18" hits="2" branch="false" />
            <line number="20" hits="37" branch="false" />
            <line number="21" hits="37" branch="true" condition-coverage="100% (2/2)" />
            <line number="22" hits="2" branch="false" />
            <line number="24" hits="35" branch="false" />
            <line number="25" hits="35" branch="false" />
            <line number="31" hits="42" branch="false" />
            <line number="32" hits="42" branch="true" condition-coverage="100% (6/6)" />
            <line number="33" hits="42" branch="false" />
            <line number="34" hits="42" branch="false" />
            <line number="35" hits="5" branch="false" />
            <line number="37" hits="37" branch="false" />
            <line number="38" hits="37" branch="false" />
            <line number="44" hits="34" branch="false" />
            <line number="45" hits="34" branch="false" />
            <line number="46" hits="34" branch="false" />
            <line number="47" hits="34" branch="false" />
            <line number="48" hits="34" branch="false" />
            <line number="50" hits="15" branch="false" />
            <line number="51" hits="15" branch="false" />
            <line number="53" hits="15" branch="false" />
            <line number="70" hits="3" branch="false" />
            <line number="71" hits="3" branch="false" />
            <line number="73" hits="5" branch="true" condition-coverage="100% (2/2)" />
            <line number="74" hits="2" branch="false" />
            <line number="77" hits="1" branch="false" />
            <line number="78" hits="3" branch="false" />
          </lines>
        </class>
        <class name="Studentski_Dom.LicniPodaci" filename="C:\Users\Mehmed\Desktop\vvs-zadaca2\Studentski Dom\LicniPodaci.cs" line-rate="1" branch-rate="0.9285714285714286" complexity="40">
          <methods>
            <method name="get_Ime" signature="()" line-rate="1" branch-rate="1" complexity="1">
              <lines>
                <line number="27" hits="4" branch="false" />
              </lines>
            </method>
            <method name="set_Ime" signature="(...)" line-rate="1" branch-rate="0.8333333333333334" complexity="6">
              <lines>
                <line number="29" hits="6" branch="false" />
                <line number="30" hits="6" branch="true" condition-coverage="83% (5/6)" />
                <line number="31" hits="6" branch="false" />
                <line number="32" hits="6" branch="false" />
                <line number="33" hits="2" branch="false" />
                <line number="35" hits="4" branch="false" />
                <line number="36" hits="4" branch="false" />
              </lines>
            </method>
            <method name="get_Prezime" signature="()" line-rate="1" branch-rate="1" complexity="1">
              <lines>
                <line number="41" hits="2" branch="false" />
              </lines>
            </method>
            <method name="set_Prezime" signature="(...)" line-rate="1" branch-rate="0.8333333333333334" complexity="6">
              <lines>
                <line number="43" hits="7" branch="false" />
                <line number="44" hits="7" branch="true" condition-coverage="83% (5/6)" />
                <line number="45" hits="7" branch="false" />
                <line number="46" hits="7" branch="false" />
                <line number="47" hits="2" branch="false" />
                <line number="49" hits="5" branch="false" />
                <line number="50" hits="5" branch="false" />
              </lines>
            </method>
            <method name="get_MjestoRodjenja" signature="()" line-rate="1" branch-rate="1" complexity="1">
              <lines>
                <line number="55" hits="2" branch="false" />
              </lines>
            </method>
            <method name="set_MjestoRodjenja" signature="(...)" line-rate="1" branch-rate="1" complexity="2">
              <lines>
                <line number="57" hits="5" branch="false" />
                <line number="58" hits="5" branch="true" condition-coverage="100% (2/2)" />
                <line number="59" hits="2" branch="false" />
                <line number="61" hits="3" branch="false" />
                <line number="62" hits="3" branch="false" />
              </lines>
            </method>
            <method name="get_Email" signature="()" line-rate="1" branch-rate="1" complexity="1">
              <lines>
                <line number="67" hits="3" branch="false" />
              </lines>
            </method>
            <method name="set_Email" signature="(...)" line-rate="1" branch-rate="1" complexity="2">
              <lines>
                <line number="69" hits="6" branch="false" />
                <line number="70" hits="6" branch="true" condition-coverage="100% (2/2)" />
                <line number="71" hits="2" branch="false" />
                <line number="73" hits="4" branch="false" />
                <line number="74" hits="4" branch="false" />
              </lines>
            </method>
            <method name="get_Slika" signature="()" line-rate="1" branch-rate="1" complexity="1">
              <lines>
                <line number="79" hits="3" branch="false" />
              </lines>
            </method>
            <method name="set_Slika" signature="(...)" line-rate="1" branch-rate="1" complexity="1">
              <lines>
                <line number="80" hits="3" branch="false" />
              </lines>
            </method>
            <method name="get_JMBG" signature="()" line-rate="1" branch-rate="1" complexity="1">
              <lines>
                <line number="85" hits="2" branch="false" />
              </lines>
            </method>
            <method name="set_JMBG" signature="(...)" line-rate="1" branch-rate="1" complexity="6">
              <lines>
                <line number="87" hits="9" branch="false" />
                <line number="88" hits="9" branch="true" condition-coverage="100% (6/6)" />
                <line number="89" hits="9" branch="false" />
                <line number="90" hits="9" branch="false" />
                <line number="91" hits="6" branch="false" />
                <line number="93" hits="3" branch="false" />
                <line number="94" hits="3" branch="false" />
              </lines>
            </method>
            <method name="get_Spol" signature="()" line-rate="1" branch-rate="1" complexity="1">
              <lines>
                <line number="99" hits="2" branch="false" />
              </lines>
            </method>
            <method name="set_Spol" signature="(...)" line-rate="1" branch-rate="1" complexity="1">
              <lines>
                <line number="100" hits="3" branch="false" />
              </lines>
            </method>
            <method name="get_DatumRodjenja" signature="()" line-rate="1" branch-rate="1" complexity="1">
              <lines>
                <line number="105" hits="3" branch="false" />
              </lines>
            </method>
            <method name="set_DatumRodjenja" signature="(...)" line-rate="1" branch-rate="1" complexity="2">
              <lines>
                <line number="107" hits="5" branch="false" />
                <line number="108" hits="5" branch="true" condition-coverage="100% (2/2)" />
                <line number="109" hits="1" branch="false" />
                <line number="111" hits="4" branch="false" />
                <line number="112" hits="4" branch="false" />
              </lines>
            </method>
            <method name="AutomatskoPostavljanjeNedostajucihPodataka" signature="()" line-rate="1" branch-rate="1" complexity="4">
              <lines>
                <line number="141" hits="3" branch="false" />
                <line number="142" hits="3" branch="true" condition-coverage="100% (2/2)" />
                <line number="143" hits="1" branch="false" />
                <line number="144" hits="1" branch="false" />
                <line number="146" hits="2" branch="false" />
                <line number="147" hits="2" branch="true" condition-coverage="100% (2/2)" />
                <line number="148" hits="1" branch="false" />
                <line number="149" hits="1" branch="false" />
                <line number="150" hits="1" branch="false" />
                <line number="151" hits="2" branch="false" />
                <line number="152" hits="2" branch="false" />
                <line number="153" hits="2" branch="false" />
                <line number="154" hits="2" branch="false" />
                <line number="157" hits="2" branch="false" />
                <line number="158" hits="2" branch="false" />
                <line number="159" hits="2" branch="false" />
              </lines>
            </method>
            <method name=".ctor" signature="(...)" line-rate="1" branch-rate="1" complexity="1">
              <lines>
                <line number="119" hits="2" branch="false" />
                <line number="120" hits="2" branch="false" />
                <line number="121" hits="2" branch="false" />
                <line number="122" hits="2" branch="false" />
                <line number="123" hits="2" branch="false" />
                <line number="124" hits="2" branch="false" />
                <line number="125" hits="2" branch="false" />
                <line number="126" hits="2" branch="false" />
                <line number="127" hits="2" branch="false" />
                <line number="128" hits="2" branch="false" />
                <line number="129" hits="2" branch="false" />
              </lines>
            </method>
            <method name=".ctor" signature="()" line-rate="1" branch-rate="1" complexity="1">
              <lines>
                <line number="131" hits="19" branch="false" />
                <line number="132" hits="19" branch="false" />
                <line number="134" hits="19" branch="false" />
              </lines>
            </method>
          </methods>
          <lines>
            <line number="27" hits="4" branch="false" />
            <line number="29" hits="6" branch="false" />
            <line number="30" hits="6" branch="true" condition-coverage="83% (5/6)" />
            <line number="31" hits="6" branch="false" />
            <line number="32" hits="6" branch="false" />
            <line number="33" hits="2" branch="false" />
            <line number="35" hits="4" branch="false" />
            <line number="36" hits="4" branch="false" />
            <line number="41" hits="2" branch="false" />
            <line number="43" hits="7" branch="false" />
            <line number="44" hits="7" branch="true" condition-coverage="83% (5/6)" />
            <line number="45" hits="7" branch="false" />
            <line number="46" hits="7" branch="false" />
            <line number="47" hits="2" branch="false" />
            <line number="49" hits="5" branch="false" />
            <line number="50" hits="5" branch="false" />
            <line number="55" hits="2" branch="false" />
            <line number="57" hits="5" branch="false" />
            <line number="58" hits="5" branch="true" condition-coverage="100% (2/2)" />
            <line number="59" hits="2" branch="false" />
            <line number="61" hits="3" branch="false" />
            <line number="62" hits="3" branch="false" />
            <line number="67" hits="3" branch="false" />
            <line number="69" hits="6" branch="false" />
            <line number="70" hits="6" branch="true" condition-coverage="100% (2/2)" />
            <line number="71" hits="2" branch="false" />
            <line number="73" hits="4" branch="false" />
            <line number="74" hits="4" branch="false" />
            <line number="79" hits="3" branch="false" />
            <line number="80" hits="3" branch="false" />
            <line number="85" hits="2" branch="false" />
            <line number="87" hits="9" branch="false" />
            <line number="88" hits="9" branch="true" condition-coverage="100% (6/6)" />
            <line number="89" hits="9" branch="false" />
            <line number="90" hits="9" branch="false" />
            <line number="91" hits="6" branch="false" />
            <line number="93" hits="3" branch="false" />
            <line number="94" hits="3" branch="false" />
            <line number="99" hits="2" branch="false" />
            <line number="100" hits="3" branch="false" />
            <line number="105" hits="3" branch="false" />
            <line number="107" hits="5" branch="false" />
            <line number="108" hits="5" branch="true" condition-coverage="100% (2/2)" />
            <line number="109" hits="1" branch="false" />
            <line number="111" hits="4" branch="false" />
            <line number="112" hits="4" branch="false" />
            <line number="119" hits="2" branch="false" />
            <line number="120" hits="2" branch="false" />
            <line number="121" hits="2" branch="false" />
            <line number="122" hits="2" branch="false" />
            <line number="123" hits="2" branch="false" />
            <line number="124" hits="2" branch="false" />
            <line number="125" hits="2" branch="false" />
            <line number="126" hits="2" branch="false" />
            <line number="127" hits="2" branch="false" />
            <line number="128" hits="2" branch="false" />
            <line number="129" hits="2" branch="false" />
            <line number="131" hits="19" branch="false" />
            <line number="132" hits="19" branch="false" />
            <line number="134" hits="19" branch="false" />
            <line number="141" hits="3" branch="false" />
            <line number="142" hits="3" branch="true" condition-coverage="100% (2/2)" />
            <line number="143" hits="1" branch="false" />
            <line number="144" hits="1" branch="false" />
            <line number="146" hits="2" branch="false" />
            <line number="147" hits="2" branch="true" condition-coverage="100% (2/2)" />
            <line number="148" hits="1" branch="false" />
            <line number="149" hits="1" branch="false" />
            <line number="150" hits="1" branch="false" />
            <line number="151" hits="2" branch="false" />
            <line number="152" hits="2" branch="false" />
            <line number="153" hits="2" branch="false" />
            <line number="154" hits="2" branch="false" />
            <line number="157" hits="2" branch="false" />
            <line number="158" hits="2" branch="false" />
            <line number="159" hits="2" branch="false" />
          </lines>
        </class>
        <class name="Studentski_Dom.Paviljon" filename="C:\Users\Mehmed\Desktop\vvs-zadaca2\Studentski Dom\Paviljon.cs" line-rate="1" branch-rate="1" complexity="1">
          <methods>
            <method name="DajImePaviljona" signature="()" line-rate="1" branch-rate="1" complexity="1">
              <lines>
                <line number="12" hits="2" branch="false" />
                <line number="13" hits="2" branch="false" />
              </lines>
            </method>
          </methods>
          <lines>
            <line number="12" hits="2" branch="false" />
            <line number="13" hits="2" branch="false" />
          </lines>
        </class>
        <class name="Studentski_Dom.Skolovanje" filename="C:\Users\Mehmed\Desktop\vvs-zadaca2\Studentski Dom\Skolovanje.cs" line-rate="1" branch-rate="1" complexity="15">
          <methods>
            <method name="get_MaticniFakultet" signature="()" line-rate="1" branch-rate="1" complexity="1">
              <lines>
                <line number="19" hits="2" branch="false" />
              </lines>
            </method>
            <method name="set_MaticniFakultet" signature="(...)" line-rate="1" branch-rate="1" complexity="1">
              <lines>
                <line number="20" hits="1" branch="false" />
              </lines>
            </method>
            <method name="get_BrojIndeksa" signature="()" line-rate="1" branch-rate="1" complexity="1">
              <lines>
                <line number="24" hits="7" branch="false" />
              </lines>
            </method>
            <method name="set_BrojIndeksa" signature="(...)" line-rate="1" branch-rate="1" complexity="1">
              <lines>
                <line number="25" hits="1" branch="false" />
              </lines>
            </method>
            <method name="get_GodinaStudija" signature="()" line-rate="1" branch-rate="1" complexity="1">
              <lines>
                <line number="29" hits="4" branch="false" />
              </lines>
            </method>
            <method name="set_GodinaStudija" signature="(...)" line-rate="1" branch-rate="1" complexity="1">
              <lines>
                <line number="30" hits="7" branch="false" />
              </lines>
            </method>
            <method name="get_CiklusStudija" signature="()" line-rate="1" branch-rate="1" complexity="1">
              <lines>
                <line number="34" hits="4" branch="false" />
              </lines>
            </method>
            <method name="set_CiklusStudija" signature="(...)" line-rate="1" branch-rate="1" complexity="1">
              <lines>
                <line number="35" hits="7" branch="false" />
              </lines>
            </method>
            <method name="PređiNaSljedećuGodinu" signature="()" line-rate="1" branch-rate="1" complexity="6">
              <lines>
                <line number="66" hits="4" branch="false" />
                <line number="67" hits="4" branch="true" condition-coverage="100% (2/2)" />
                <line number="68" hits="3" branch="false" />
                <line number="69" hits="3" branch="true" condition-coverage="100% (2/2)" />
                <line number="70" hits="2" branch="false" />
                <line number="71" hits="2" branch="false" />
                <line number="72" hits="2" branch="false" />
                <line number="74" hits="1" branch="false" />
                <line number="75" hits="1" branch="false" />
                <line number="76" hits="1" branch="false" />
                <line number="79" hits="1" branch="false" />
                <line number="84" hits="1" branch="false" />
                <line number="85" hits="1" branch="false" />
                <line number="86" hits="1" branch="false" />
                <line number="87" hits="3" branch="false" />
                <line number="89" hits="1" branch="false" />
                <line number="90" hits="1" branch="true" condition-coverage="100% (2/2)" />
                <line number="91" hits="1" branch="false" />
                <line number="92" hits="1" branch="false" />
                <line number="93" hits="1" branch="false" />
                <line number="94" hits="1" branch="false" />
                <line number="96" hits="4" branch="false" />
                <line number="97" hits="4" branch="false" />
              </lines>
            </method>
            <method name=".ctor" signature="()" line-rate="1" branch-rate="1" complexity="1">
              <lines>
                <line number="42" hits="7" branch="false" />
                <line number="43" hits="7" branch="false" />
                <line number="44" hits="7" branch="false" />
                <line number="45" hits="7" branch="false" />
                <line number="46" hits="7" branch="false" />
                <line number="47" hits="7" branch="false" />
                <line number="48" hits="7" branch="false" />
              </lines>
            </method>
          </methods>
          <lines>
            <line number="19" hits="2" branch="false" />
            <line number="20" hits="1" branch="false" />
            <line number="24" hits="7" branch="false" />
            <line number="25" hits="1" branch="false" />
            <line number="29" hits="4" branch="false" />
            <line number="30" hits="7" branch="false" />
            <line number="34" hits="4" branch="false" />
            <line number="35" hits="7" branch="false" />
            <line number="42" hits="7" branch="false" />
            <line number="43" hits="7" branch="false" />
            <line number="44" hits="7" branch="false" />
            <line number="45" hits="7" branch="false" />
            <line number="46" hits="7" branch="false" />
            <line number="47" hits="7" branch="false" />
            <line number="48" hits="7" branch="false" />
            <line number="66" hits="4" branch="false" />
            <line number="67" hits="4" branch="true" condition-coverage="100% (2/2)" />
            <line number="68" hits="3" branch="false" />
            <line number="69" hits="3" branch="true" condition-coverage="100% (2/2)" />
            <line number="70" hits="2" branch="false" />
            <line number="71" hits="2" branch="false" />
            <line number="72" hits="2" branch="false" />
            <line number="74" hits="1" branch="false" />
            <line number="75" hits="1" branch="false" />
            <line number="76" hits="1" branch="false" />
            <line number="79" hits="1" branch="false" />
            <line number="84" hits="1" branch="false" />
            <line number="85" hits="1" branch="false" />
            <line number="86" hits="1" branch="false" />
            <line number="87" hits="3" branch="false" />
            <line number="89" hits="1" branch="false" />
            <line number="90" hits="1" branch="true" condition-coverage="100% (2/2)" />
            <line number="91" hits="1" branch="false" />
            <line number="92" hits="1" branch="false" />
            <line number="93" hits="1" branch="false" />
            <line number="94" hits="1" branch="false" />
            <line number="96" hits="4" branch="false" />
            <line number="97" hits="4" branch="false" />
          </lines>
        </class>
        <class name="Studentski_Dom.Soba" filename="C:\Users\Mehmed\Desktop\vvs-zadaca2\Studentski Dom\Soba.cs" line-rate="1" branch-rate="1" complexity="10">
          <methods>
            <method name="get_BrojSobe" signature="()" line-rate="1" branch-rate="1" complexity="1">
              <lines>
                <line number="19" hits="1" branch="false" />
              </lines>
            </method>
            <method name="get_Kapacitet" signature="()" line-rate="1" branch-rate="1" complexity="1">
              <lines>
                <line number="24" hits="72" branch="false" />
              </lines>
            </method>
            <method name="get_Stanari" signature="()" line-rate="1" branch-rate="1" complexity="1">
              <lines>
                <line number="29" hits="128" branch="false" />
              </lines>
            </method>
            <method name="DodajStanara" signature="(...)" line-rate="1" branch-rate="1" complexity="2">
              <lines>
                <line number="48" hits="27" branch="false" />
                <line number="49" hits="27" branch="true" condition-coverage="100% (2/2)" />
                <line number="50" hits="1" branch="false" />
                <line number="52" hits="26" branch="false" />
                <line number="53" hits="26" branch="false" />
              </lines>
            </method>
            <method name="IsprazniSobu" signature="()" line-rate="1" branch-rate="1" complexity="1">
              <lines>
                <line number="56" hits="1" branch="false" />
                <line number="57" hits="1" branch="false" />
                <line number="58" hits="1" branch="false" />
              </lines>
            </method>
            <method name="IzbaciStudenta" signature="(...)" line-rate="1" branch-rate="1" complexity="2">
              <lines>
                <line number="61" hits="5" branch="false" />
                <line number="62" hits="13" branch="false" />
                <line number="64" hits="5" branch="true" condition-coverage="100% (2/2)" />
                <line number="65" hits="1" branch="false" />
                <line number="67" hits="4" branch="false" />
                <line number="68" hits="4" branch="false" />
              </lines>
            </method>
            <method name="DaLiJeStanar" signature="(...)" line-rate="1" branch-rate="1" complexity="1">
              <lines>
                <line number="71" hits="27" branch="false" />
                <line number="72" hits="59" branch="false" />
                <line number="73" hits="27" branch="false" />
              </lines>
            </method>
            <method name=".ctor" signature="(...)" line-rate="1" branch-rate="1" complexity="1">
              <lines>
                <line number="36" hits="53" branch="false" />
                <line number="37" hits="53" branch="false" />
                <line number="38" hits="53" branch="false" />
                <line number="39" hits="53" branch="false" />
                <line number="40" hits="53" branch="false" />
                <line number="41" hits="53" branch="false" />
              </lines>
            </method>
          </methods>
          <lines>
            <line number="19" hits="1" branch="false" />
            <line number="24" hits="72" branch="false" />
            <line number="29" hits="128" branch="false" />
            <line number="36" hits="53" branch="false" />
            <line number="37" hits="53" branch="false" />
            <line number="38" hits="53" branch="false" />
            <line number="39" hits="53" branch="false" />
            <line number="40" hits="53" branch="false" />
            <line number="41" hits="53" branch="false" />
            <line number="48" hits="27" branch="false" />
            <line number="49" hits="27" branch="true" condition-coverage="100% (2/2)" />
            <line number="50" hits="1" branch="false" />
            <line number="52" hits="26" branch="false" />
            <line number="53" hits="26" branch="false" />
            <line number="56" hits="1" branch="false" />
            <line number="57" hits="1" branch="false" />
            <line number="58" hits="1" branch="false" />
            <line number="61" hits="5" branch="false" />
            <line number="62" hits="13" branch="false" />
            <line number="64" hits="5" branch="true" condition-coverage="100% (2/2)" />
            <line number="65" hits="1" branch="false" />
            <line number="67" hits="4" branch="false" />
            <line number="68" hits="4" branch="false" />
            <line number="71" hits="27" branch="false" />
            <line number="72" hits="59" branch="false" />
            <line number="73" hits="27" branch="false" />
          </lines>
        </class>
        <class name="Studentski_Dom.Student" filename="C:\Users\Mehmed\Desktop\vvs-zadaca2\Studentski Dom\Student.cs" line-rate="1" branch-rate="1" complexity="14">
          <methods>
            <method name="get_IdentifikacioniBroj" signature="()" line-rate="1" branch-rate="1" complexity="1">
              <lines>
                <line number="23" hits="86" branch="false" />
              </lines>
            </method>
            <method name="get_Podaci" signature="()" line-rate="1" branch-rate="1" complexity="1">
              <lines>
                <line number="27" hits="2" branch="false" />
              </lines>
            </method>
            <method name="set_Podaci" signature="(...)" line-rate="1" branch-rate="1" complexity="1">
              <lines>
                <line number="28" hits="34" branch="false" />
              </lines>
            </method>
            <method name="get_Prebivaliste" signature="()" line-rate="1" branch-rate="1" complexity="1">
              <lines>
                <line number="32" hits="3" branch="false" />
              </lines>
            </method>
            <method name="set_Prebivaliste" signature="(...)" line-rate="1" branch-rate="1" complexity="1">
              <lines>
                <line number="33" hits="34" branch="false" />
              </lines>
            </method>
            <method name="get_Skolovanje" signature="()" line-rate="1" branch-rate="1" complexity="1">
              <lines>
                <line number="37" hits="3" branch="false" />
              </lines>
            </method>
            <method name="set_Skolovanje" signature="(...)" line-rate="1" branch-rate="1" complexity="1">
              <lines>
                <line number="38" hits="35" branch="false" />
              </lines>
            </method>
            <method name="get_StanjeRacuna" signature="()" line-rate="1" branch-rate="1" complexity="1">
              <lines>
                <line number="42" hits="1" branch="false" />
              </lines>
            </method>
            <method name="AzurirajStanjeRacuna" signature="(...)" line-rate="1" branch-rate="1" complexity="1">
              <lines>
                <line number="76" hits="2" branch="false" />
                <line number="77" hits="2" branch="false" />
                <line number="78" hits="2" branch="false" />
              </lines>
            </method>
            <method name="Placanje" signature="(...)" line-rate="1" branch-rate="1" complexity="2">
              <lines>
                <line number="90" hits="2" branch="false" />
                <line number="91" hits="2" branch="true" condition-coverage="100% (2/2)" />
                <line number="92" hits="1" branch="false" />
                <line number="93" hits="1" branch="false" />
                <line number="94" hits="1" branch="false" />
                <line number="96" hits="1" branch="false" />
                <line number="97" hits="1" branch="false" />
                <line number="99" hits="1" branch="false" />
              </lines>
            </method>
            <method name=".ctor" signature="(...)" line-rate="1" branch-rate="1" complexity="2">
              <lines>
                <line number="50" hits="34" branch="false" />
                <line number="51" hits="34" branch="false" />
                <line number="52" hits="34" branch="false" />
                <line number="53" hits="34" branch="false" />
                <line number="55" hits="34" branch="true" condition-coverage="100% (2/2)" />
                <line number="56" hits="33" branch="false" />
                <line number="58" hits="1" branch="false" />
                <line number="60" hits="34" branch="false" />
                <line number="61" hits="34" branch="false" />
                <line number="63" hits="34" branch="false" />
                <line number="64" hits="34" branch="false" />
              </lines>
            </method>
            <method name=".ctor" signature="()" line-rate="1" branch-rate="1" complexity="1">
              <lines>
                <line number="66" hits="15" branch="false" />
                <line number="67" hits="15" branch="false" />
                <line number="69" hits="15" branch="false" />
              </lines>
            </method>
          </methods>
          <lines>
            <line number="23" hits="86" branch="false" />
            <line number="27" hits="2" branch="false" />
            <line number="28" hits="34" branch="false" />
            <line number="32" hits="3" branch="false" />
            <line number="33" hits="34" branch="false" />
            <line number="37" hits="3" branch="false" />
            <line number="38" hits="35" branch="false" />
            <line number="42" hits="1" branch="false" />
            <line number="50" hits="34" branch="false" />
            <line number="51" hits="34" branch="false" />
            <line number="52" hits="34" branch="false" />
            <line number="53" hits="34" branch="false" />
            <line number="55" hits="34" branch="true" condition-coverage="100% (2/2)" />
            <line number="56" hits="33" branch="false" />
            <line number="58" hits="1" branch="false" />
            <line number="60" hits="34" branch="false" />
            <line number="61" hits="34" branch="false" />
            <line number="63" hits="34" branch="false" />
            <line number="64" hits="34" branch="false" />
            <line number="66" hits="15" branch="false" />
            <line number="67" hits="15" branch="false" />
            <line number="69" hits="15" branch="false" />
            <line number="76" hits="2" branch="false" />
            <line number="77" hits="2" branch="false" />
            <line number="78" hits="2" branch="false" />
            <line number="90" hits="2" branch="false" />
            <line number="91" hits="2" branch="true" condition-coverage="100% (2/2)" />
            <line number="92" hits="1" branch="false" />
            <line number="93" hits="1" branch="false" />
            <line number="94" hits="1" branch="false" />
            <line number="96" hits="1" branch="false" />
            <line number="97" hits="1" branch="false" />
            <line number="99" hits="1" branch="false" />
          </lines>
        </class>
        <class name="Studentski_Dom.StudentskiDom" filename="C:\Users\Mehmed\Desktop\vvs-zadaca2\Studentski Dom\StudentskiDom.cs" line-rate="0.9130434782608695" branch-rate="0.86" complexity="53">
          <methods>
            <method name="get_Studenti" signature="()" line-rate="1" branch-rate="1" complexity="1">
              <lines>
                <line number="20" hits="22" branch="false" />
              </lines>
            </method>
            <method name="get_Sobe" signature="()" line-rate="1" branch-rate="1" complexity="1">
              <lines>
                <line number="25" hits="113" branch="false" />
              </lines>
            </method>
            <method name="GenerišiSljedećiBroj" signature="()" line-rate="1" branch-rate="1" complexity="1">
              <lines>
                <line number="59" hits="10" branch="false" />
                <line number="61" hits="10" branch="false" />
                <line number="62" hits="10" branch="false" />
                <line number="63" hits="10" branch="false" />
                <line number="64" hits="10" branch="false" />
                <line number="65" hits="10" branch="false" />
              </lines>
            </method>
            <method name="RadSaStudentom" signature="(...)" line-rate="1" branch-rate="1" complexity="12">
              <lines>
                <line number="68" hits="10" branch="false" />
                <line number="69" hits="10" branch="true" condition-coverage="100% (2/2)" />
                <line number="70" hits="6" branch="false" />
                <line number="71" hits="7" branch="true" condition-coverage="100% (2/2)" />
                <line number="72" hits="1" branch="false" />
                <line number="73" hits="5" branch="false" />
                <line number="74" hits="5" branch="false" />
                <line number="75" hits="4" branch="true" condition-coverage="100% (2/2)" />
                <line number="76" hits="2" branch="false" />
                <line number="77" hits="4" branch="false" />
                <line number="78" hits="2" branch="true" condition-coverage="100% (2/2)" />
                <line number="79" hits="1" branch="false" />
                <line number="80" hits="1" branch="false" />
                <line number="81" hits="1" branch="false" />
                <line number="82" hits="2" branch="true" condition-coverage="100% (2/2)" />
                <line number="83" hits="2" branch="false" />
                <line number="84" hits="3" branch="false" />
                <line number="85" hits="2" branch="true" condition-coverage="100% (2/2)" />
                <line number="86" hits="1" branch="false" />
                <line number="87" hits="1" branch="false" />
                <line number="88" hits="1" branch="false" />
                <line number="89" hits="7" branch="false" />
              </lines>
            </method>
            <method name="UpisUDom" signature="(...)" line-rate="1" branch-rate="1" complexity="10">
              <lines>
                <line number="92" hits="22" branch="false" />
                <line number="93" hits="50" branch="true" condition-coverage="100% (2/2)" />
                <line number="94" hits="22" branch="true" condition-coverage="100% (4/4)" />
                <line number="95" hits="3" branch="false" />
                <line number="96" hits="19" branch="true" condition-coverage="100% (2/2)" />
                <line number="97" hits="8" branch="false" />
                <line number="98" hits="18" branch="false" />
                <line number="99" hits="8" branch="true" condition-coverage="100% (2/2)" />
                <line number="100" hits="1" branch="false" />
                <line number="101" hits="7" branch="false" />
                <line number="102" hits="7" branch="false" />
                <line number="104" hits="11" branch="false" />
                <line number="105" hits="18" branch="false" />
              </lines>
            </method>
            <method name="PremjestajStudenta" signature="(...)" line-rate="0.5789473684210527" branch-rate="0.4166666666666667" complexity="12">
              <lines>
                <line number="119" hits="4" branch="false" />
                <line number="120" hits="10" branch="false" />
                <line number="121" hits="4" branch="true" condition-coverage="50% (1/2)" />
                <line number="122" hits="0" branch="false" />
                <line number="123" hits="0" branch="true" condition-coverage="0% (0/4)" />
                <line number="124" hits="0" branch="false" />
                <line number="125" hits="0" branch="true" condition-coverage="0% (0/2)" />
                <line number="126" hits="0" branch="false" />
                <line number="127" hits="0" branch="false" />
                <line number="128" hits="0" branch="false" />
                <line number="129" hits="0" branch="false" />
                <line number="131" hits="4" branch="false" />
                <line number="132" hits="12" branch="true" condition-coverage="100% (2/2)" />
                <line number="133" hits="4" branch="true" condition-coverage="100% (2/2)" />
                <line number="134" hits="2" branch="false" />
                <line number="135" hits="2" branch="false" />
                <line number="136" hits="2" branch="false" />
                <line number="137" hits="2" branch="false" />
                <line number="138" hits="2" branch="false" />
              </lines>
            </method>
            <method name="DajStudenteIzPaviljona" signature="(...)" line-rate="1" branch-rate="1" complexity="4">
              <lines>
                <line number="142" hits="3" branch="false" />
                <line number="143" hits="3" branch="false" />
                <line number="144" hits="12" branch="true" condition-coverage="100% (2/2)" />
                <line number="145" hits="2" branch="false" />
                <line number="146" hits="2" branch="true" condition-coverage="100% (2/2)" />
                <line number="147" hits="1" branch="false" />
                <line number="148" hits="1" branch="false" />
                <line number="149" hits="2" branch="false" />
                <line number="150" hits="2" branch="false" />
              </lines>
            </method>
            <method name=".ctor" signature="(...)" line-rate="1" branch-rate="1" complexity="12">
              <lines>
                <line number="32" hits="17" branch="false" />
                <line number="33" hits="17" branch="false" />
                <line number="34" hits="17" branch="false" />
                <line number="35" hits="17" branch="false" />
                <line number="36" hits="132" branch="true" condition-coverage="100% (2/2)" />
                <line number="37" hits="49" branch="false" />
                <line number="38" hits="49" branch="false" />
                <line number="39" hits="49" branch="false" />
                <line number="40" hits="49" branch="true" condition-coverage="100% (6/6)" />
                <line number="41" hits="9" branch="false" />
                <line number="42" hits="9" branch="false" />
                <line number="43" hits="9" branch="false" />
                <line number="44" hits="9" branch="false" />
                <line number="45" hits="40" branch="true" condition-coverage="100% (4/4)" />
                <line number="46" hits="17" branch="false" />
                <line number="47" hits="17" branch="false" />
                <line number="48" hits="17" branch="false" />
                <line number="49" hits="17" branch="false" />
                <line number="50" hits="49" branch="false" />
                <line number="51" hits="49" branch="false" />
                <line number="52" hits="17" branch="false" />
              </lines>
            </method>
          </methods>
          <lines>
            <line number="20" hits="22" branch="false" />
            <line number="25" hits="113" branch="false" />
            <line number="32" hits="17" branch="false" />
            <line number="33" hits="17" branch="false" />
            <line number="34" hits="17" branch="false" />
            <line number="35" hits="17" branch="false" />
            <line number="36" hits="132" branch="true" condition-coverage="100% (2/2)" />
            <line number="37" hits="49" branch="false" />
            <line number="38" hits="49" branch="false" />
            <line number="39" hits="49" branch="false" />
            <line number="40" hits="49" branch="true" condition-coverage="100% (6/6)" />
            <line number="41" hits="9" branch="false" />
            <line number="42" hits="9" branch="false" />
            <line number="43" hits="9" branch="false" />
            <line number="44" hits="9" branch="false" />
            <line number="45" hits="40" branch="true" condition-coverage="100% (4/4)" />
            <line number="46" hits="17" branch="false" />
            <line number="47" hits="17" branch="false" />
            <line number="48" hits="17" branch="false" />
            <line number="49" hits="17" branch="false" />
            <line number="50" hits="49" branch="false" />
            <line number="51" hits="49" branch="false" />
            <line number="52" hits="17" branch="false" />
            <line number="59" hits="10" branch="false" />
            <line number="61" hits="10" branch="false" />
            <line number="62" hits="10" branch="false" />
            <line number="63" hits="10" branch="false" />
            <line number="64" hits="10" branch="false" />
            <line number="65" hits="10" branch="false" />
            <line number="68" hits="10" branch="false" />
            <line number="69" hits="10" branch="true" condition-coverage="100% (2/2)" />
            <line number="70" hits="6" branch="false" />
            <line number="71" hits="7" branch="true" condition-coverage="100% (2/2)" />
            <line number="72" hits="1" branch="false" />
            <line number="73" hits="5" branch="false" />
            <line number="74" hits="5" branch="false" />
            <line number="75" hits="4" branch="true" condition-coverage="100% (2/2)" />
            <line number="76" hits="2" branch="false" />
            <line number="77" hits="4" branch="false" />
            <line number="78" hits="2" branch="true" condition-coverage="100% (2/2)" />
            <line number="79" hits="1" branch="false" />
            <line number="80" hits="1" branch="false" />
            <line number="81" hits="1" branch="false" />
            <line number="82" hits="2" branch="true" condition-coverage="100% (2/2)" />
            <line number="83" hits="2" branch="false" />
            <line number="84" hits="3" branch="false" />
            <line number="85" hits="2" branch="true" condition-coverage="100% (2/2)" />
            <line number="86" hits="1" branch="false" />
            <line number="87" hits="1" branch="false" />
            <line number="88" hits="1" branch="false" />
            <line number="89" hits="7" branch="false" />
            <line number="92" hits="22" branch="false" />
            <line number="93" hits="50" branch="true" condition-coverage="100% (2/2)" />
            <line number="94" hits="22" branch="true" condition-coverage="100% (4/4)" />
            <line number="95" hits="3" branch="false" />
            <line number="96" hits="19" branch="true" condition-coverage="100% (2/2)" />
            <line number="97" hits="8" branch="false" />
            <line number="98" hits="18" branch="false" />
            <line number="99" hits="8" branch="true" condition-coverage="100% (2/2)" />
            <line number="100" hits="1" branch="false" />
            <line number="101" hits="7" branch="false" />
            <line number="102" hits="7" branch="false" />
            <line number="104" hits="11" branch="false" />
            <line number="105" hits="18" branch="false" />
            <line number="119" hits="4" branch="false" />
            <line number="120" hits="10" branch="false" />
            <line number="121" hits="4" branch="true" condition-coverage="50% (1/2)" />
            <line number="122" hits="0" branch="false" />
            <line number="123" hits="0" branch="true" condition-coverage="0% (0/4)" />
            <line number="124" hits="0" branch="false" />
            <line number="125" hits="0" branch="true" condition-coverage="0% (0/2)" />
            <line number="126" hits="0" branch="false" />
            <line number="127" hits="0" branch="false" />
            <line number="128" hits="0" branch="false" />
            <line number="129" hits="0" branch="false" />
            <line number="131" hits="4" branch="false" />
            <line number="132" hits="12" branch="true" condition-coverage="100% (2/2)" />
            <line number="133" hits="4" branch="true" condition-coverage="100% (2/2)" />
            <line number="134" hits="2" branch="false" />
            <line number="135" hits="2" branch="false" />
            <line number="136" hits="2" branch="false" />
            <line number="137" hits="2" branch="false" />
            <line number="138" hits="2" branch="false" />
            <line number="142" hits="3" branch="false" />
            <line number="143" hits="3" branch="false" />
            <line number="144" hits="12" branch="true" condition-coverage="100% (2/2)" />
            <line number="145" hits="2" branch="false" />
            <line number="146" hits="2" branch="true" condition-coverage="100% (2/2)" />
            <line number="147" hits="1" branch="false" />
            <line number="148" hits="1" branch="false" />
            <line number="149" hits="2" branch="false" />
            <line number="150" hits="2" branch="false" />
          </lines>
        </class>
      </classes>
    </package>
    <package name="Unit Testovi" line-rate="0.9536585365853658" branch-rate="0.25" complexity="56">
      <classes>
        <class name="AutoGeneratedProgram" filename="C:\Users\Mehmed\.nuget\packages\microsoft.net.test.sdk\16.5.0\build\netcoreapp2.1\Microsoft.NET.Test.Sdk.Program.cs" line-rate="0" branch-rate="1" complexity="1">
          <methods>
            <method name="Main" signature="(...)" line-rate="0" branch-rate="1" complexity="1">
              <lines>
                <line number="4" hits="0" branch="false" />
              </lines>
            </method>
          </methods>
          <lines>
            <line number="4" hits="0" branch="false" />
          </lines>
        </class>
        <class name="Unit_Testovi.KorisnikTest" filename="C:\Users\Mehmed\Desktop\vvs-zadaca2\Unit Testovi\KorisnikTest.cs" line-rate="1" branch-rate="1" complexity="6">
          <methods>
            <method name="get_NeispravanPassword" signature="()" line-rate="1" branch-rate="1" complexity="1">
              <lines>
                <line number="15" hits="1" branch="false" />
                <line number="16" hits="1" branch="false" />
                <line number="17" hits="1" branch="false" />
                <line number="18" hits="1" branch="false" />
                <line number="19" hits="1" branch="false" />
                <line number="20" hits="1" branch="false" />
                <line number="21" hits="1" branch="false" />
                <line number="22" hits="1" branch="false" />
                <line number="23" hits="1" branch="false" />
                <line number="24" hits="1" branch="false" />
              </lines>
            </method>
            <method name="TestSetNeispravanPassword" signature="(...)" line-rate="1" branch-rate="1" complexity="1">
              <lines>
                <line number="30" hits="5" branch="false" />
                <line number="31" hits="5" branch="false" />
                <line number="33" hits="10" branch="false" />
                <line number="34" hits="5" branch="false" />
                <line number="35" hits="5" branch="false" />
              </lines>
            </method>
            <method name="TestSetIspravanPassword" signature="()" line-rate="1" branch-rate="1" complexity="1">
              <lines>
                <line number="39" hits="1" branch="false" />
                <line number="40" hits="1" branch="false" />
                <line number="41" hits="1" branch="false" />
                <line number="42" hits="1" branch="false" />
                <line number="43" hits="1" branch="false" />
                <line number="44" hits="1" branch="false" />
                <line number="45" hits="1" branch="false" />
              </lines>
            </method>
            <method name="TestKorisnikUsernameExceptions" signature="()" line-rate="1" branch-rate="1" complexity="1">
              <lines>
                <line number="50" hits="1" branch="false" />
                <line number="51" hits="1" branch="false" />
                <line number="52" hits="2" branch="false" />
                <line number="53" hits="2" branch="false" />
                <line number="54" hits="1" branch="false" />
              </lines>
            </method>
            <method name="TestKorisnikGetUsername" signature="()" line-rate="1" branch-rate="1" complexity="1">
              <lines>
                <line number="58" hits="1" branch="false" />
                <line number="59" hits="1" branch="false" />
                <line number="60" hits="1" branch="false" />
                <line number="61" hits="1" branch="false" />
                <line number="62" hits="1" branch="false" />
              </lines>
            </method>
            <method name="TestKorisnikKonstruktor" signature="()" line-rate="1" branch-rate="1" complexity="1">
              <lines>
                <line number="66" hits="1" branch="false" />
                <line number="68" hits="1" branch="false" />
                <line number="69" hits="1" branch="false" />
                <line number="70" hits="1" branch="false" />
                <line number="71" hits="1" branch="false" />
              </lines>
            </method>
          </methods>
          <lines>
            <line number="15" hits="1" branch="false" />
            <line number="16" hits="1" branch="false" />
            <line number="17" hits="1" branch="false" />
            <line number="18" hits="1" branch="false" />
            <line number="19" hits="1" branch="false" />
            <line number="20" hits="1" branch="false" />
            <line number="21" hits="1" branch="false" />
            <line number="22" hits="1" branch="false" />
            <line number="23" hits="1" branch="false" />
            <line number="24" hits="1" branch="false" />
            <line number="30" hits="5" branch="false" />
            <line number="31" hits="5" branch="false" />
            <line number="33" hits="10" branch="false" />
            <line number="34" hits="5" branch="false" />
            <line number="35" hits="5" branch="false" />
            <line number="39" hits="1" branch="false" />
            <line number="40" hits="1" branch="false" />
            <line number="41" hits="1" branch="false" />
            <line number="42" hits="1" branch="false" />
            <line number="43" hits="1" branch="false" />
            <line number="44" hits="1" branch="false" />
            <line number="45" hits="1" branch="false" />
            <line number="50" hits="1" branch="false" />
            <line number="51" hits="1" branch="false" />
            <line number="52" hits="2" branch="false" />
            <line number="53" hits="2" branch="false" />
            <line number="54" hits="1" branch="false" />
            <line number="58" hits="1" branch="false" />
            <line number="59" hits="1" branch="false" />
            <line number="60" hits="1" branch="false" />
            <line number="61" hits="1" branch="false" />
            <line number="62" hits="1" branch="false" />
            <line number="66" hits="1" branch="false" />
            <line number="68" hits="1" branch="false" />
            <line number="69" hits="1" branch="false" />
            <line number="70" hits="1" branch="false" />
            <line number="71" hits="1" branch="false" />
          </lines>
        </class>
        <class name="Unit_Testovi.LicniPodaciTest" filename="C:\Users\Mehmed\Desktop\vvs-zadaca2\Unit Testovi\LicniPodaciTest.cs" line-rate="1" branch-rate="1" complexity="13">
          <methods>
            <method name="get_NeispravanJMBG" signature="()" line-rate="1" branch-rate="1" complexity="1">
              <lines>
                <line number="16" hits="1" branch="false" />
                <line number="17" hits="1" branch="false" />
                <line number="18" hits="1" branch="false" />
                <line number="19" hits="1" branch="false" />
                <line number="20" hits="1" branch="false" />
                <line number="21" hits="1" branch="false" />
                <line number="22" hits="1" branch="false" />
                <line number="23" hits="1" branch="false" />
                <line number="24" hits="1" branch="false" />
                <line number="25" hits="1" branch="false" />
                <line number="26" hits="1" branch="false" />
              </lines>
            </method>
            <method name="TestImeSetter" signature="()" line-rate="1" branch-rate="1" complexity="1">
              <lines>
                <line number="32" hits="1" branch="false" />
                <line number="33" hits="1" branch="false" />
                <line number="34" hits="2" branch="false" />
                <line number="35" hits="2" branch="false" />
                <line number="36" hits="1" branch="false" />
                <line number="37" hits="1" branch="false" />
              </lines>
            </method>
            <method name="TestImeGetter" signature="()" line-rate="1" branch-rate="1" complexity="1">
              <lines>
                <line number="41" hits="1" branch="false" />
                <line number="42" hits="1" branch="false" />
                <line number="43" hits="1" branch="false" />
                <line number="44" hits="1" branch="false" />
                <line number="45" hits="1" branch="false" />
              </lines>
            </method>
            <method name="TestPrezimeSetter" signature="()" line-rate="1" branch-rate="1" complexity="1">
              <lines>
                <line number="49" hits="1" branch="false" />
                <line number="50" hits="1" branch="false" />
                <line number="51" hits="2" branch="false" />
                <line number="52" hits="2" branch="false" />
                <line number="53" hits="1" branch="false" />
                <line number="54" hits="1" branch="false" />
              </lines>
            </method>
            <method name="TestPrezimeGetter" signature="()" line-rate="1" branch-rate="1" complexity="1">
              <lines>
                <line number="58" hits="1" branch="false" />
                <line number="59" hits="1" branch="false" />
                <line number="60" hits="1" branch="false" />
                <line number="61" hits="1" branch="false" />
                <line number="62" hits="1" branch="false" />
              </lines>
            </method>
            <method name="TestMjestoRodjenjaProperty" signature="()" line-rate="1" branch-rate="1" complexity="1">
              <lines>
                <line number="66" hits="1" branch="false" />
                <line number="67" hits="1" branch="false" />
                <line number="70" hits="2" branch="false" />
                <line number="71" hits="2" branch="false" />
                <line number="72" hits="1" branch="false" />
                <line number="75" hits="1" branch="false" />
                <line number="76" hits="1" branch="false" />
                <line number="77" hits="1" branch="false" />
              </lines>
            </method>
            <method name="TestEmailProperty" signature="()" line-rate="1" branch-rate="1" complexity="1">
              <lines>
                <line number="81" hits="1" branch="false" />
                <line number="82" hits="1" branch="false" />
                <line number="85" hits="2" branch="false" />
                <line number="86" hits="2" branch="false" />
                <line number="87" hits="1" branch="false" />
                <line number="90" hits="1" branch="false" />
                <line number="91" hits="1" branch="false" />
                <line number="92" hits="1" branch="false" />
              </lines>
            </method>
            <method name="TestSlikaProperty" signature="()" line-rate="1" branch-rate="1" complexity="1">
              <lines>
                <line number="96" hits="1" branch="false" />
                <line number="97" hits="1" branch="false" />
                <line number="99" hits="1" branch="false" />
                <line number="100" hits="1" branch="false" />
                <line number="101" hits="1" branch="false" />
              </lines>
            </method>
            <method name="TestJMBGPropertyNeispravan" signature="(...)" line-rate="1" branch-rate="1" complexity="1">
              <lines>
                <line number="106" hits="6" branch="false" />
                <line number="107" hits="6" branch="false" />
                <line number="108" hits="12" branch="false" />
                <line number="109" hits="6" branch="false" />
                <line number="110" hits="6" branch="false" />
              </lines>
            </method>
            <method name="TestJMBGPropertyIspravan" signature="()" line-rate="1" branch-rate="1" complexity="1">
              <lines>
                <line number="114" hits="1" branch="false" />
                <line number="115" hits="1" branch="false" />
                <line number="116" hits="1" branch="false" />
                <line number="117" hits="1" branch="false" />
                <line number="118" hits="1" branch="false" />
                <line number="119" hits="1" branch="false" />
              </lines>
            </method>
            <method name="TestSpolProperty" signature="()" line-rate="1" branch-rate="1" complexity="1">
              <lines>
                <line number="123" hits="1" branch="false" />
                <line number="124" hits="1" branch="false" />
                <line number="126" hits="1" branch="false" />
                <line number="127" hits="1" branch="false" />
                <line number="128" hits="1" branch="false" />
              </lines>
            </method>
            <method name="TestDatumRodjenjaProperty" signature="()" line-rate="1" branch-rate="1" complexity="1">
              <lines>
                <line number="132" hits="1" branch="false" />
                <line number="133" hits="1" branch="false" />
                <line number="136" hits="2" branch="false" />
                <line number="137" hits="1" branch="false" />
                <line number="140" hits="1" branch="false" />
                <line number="141" hits="1" branch="false" />
                <line number="143" hits="1" branch="false" />
              </lines>
            </method>
            <method name="TestKonstruktor" signature="()" line-rate="1" branch-rate="1" complexity="1">
              <lines>
                <line number="147" hits="1" branch="false" />
                <line number="148" hits="1" branch="false" />
                <line number="150" hits="1" branch="false" />
                <line number="151" hits="1" branch="false" />
                <line number="152" hits="1" branch="false" />
                <line number="153" hits="1" branch="false" />
                <line number="154" hits="1" branch="false" />
                <line number="155" hits="1" branch="false" />
                <line number="156" hits="1" branch="false" />
                <line number="157" hits="1" branch="false" />
                <line number="158" hits="1" branch="false" />
              </lines>
            </method>
          </methods>
          <lines>
            <line number="16" hits="1" branch="false" />
            <line number="17" hits="1" branch="false" />
            <line number="18" hits="1" branch="false" />
            <line number="19" hits="1" branch="false" />
            <line number="20" hits="1" branch="false" />
            <line number="21" hits="1" branch="false" />
            <line number="22" hits="1" branch="false" />
            <line number="23" hits="1" branch="false" />
            <line number="24" hits="1" branch="false" />
            <line number="25" hits="1" branch="false" />
            <line number="26" hits="1" branch="false" />
            <line number="32" hits="1" branch="false" />
            <line number="33" hits="1" branch="false" />
            <line number="34" hits="2" branch="false" />
            <line number="35" hits="2" branch="false" />
            <line number="36" hits="1" branch="false" />
            <line number="37" hits="1" branch="false" />
            <line number="41" hits="1" branch="false" />
            <line number="42" hits="1" branch="false" />
            <line number="43" hits="1" branch="false" />
            <line number="44" hits="1" branch="false" />
            <line number="45" hits="1" branch="false" />
            <line number="49" hits="1" branch="false" />
            <line number="50" hits="1" branch="false" />
            <line number="51" hits="2" branch="false" />
            <line number="52" hits="2" branch="false" />
            <line number="53" hits="1" branch="false" />
            <line number="54" hits="1" branch="false" />
            <line number="58" hits="1" branch="false" />
            <line number="59" hits="1" branch="false" />
            <line number="60" hits="1" branch="false" />
            <line number="61" hits="1" branch="false" />
            <line number="62" hits="1" branch="false" />
            <line number="66" hits="1" branch="false" />
            <line number="67" hits="1" branch="false" />
            <line number="70" hits="2" branch="false" />
            <line number="71" hits="2" branch="false" />
            <line number="72" hits="1" branch="false" />
            <line number="75" hits="1" branch="false" />
            <line number="76" hits="1" branch="false" />
            <line number="77" hits="1" branch="false" />
            <line number="81" hits="1" branch="false" />
            <line number="82" hits="1" branch="false" />
            <line number="85" hits="2" branch="false" />
            <line number="86" hits="2" branch="false" />
            <line number="87" hits="1" branch="false" />
            <line number="90" hits="1" branch="false" />
            <line number="91" hits="1" branch="false" />
            <line number="92" hits="1" branch="false" />
            <line number="96" hits="1" branch="false" />
            <line number="97" hits="1" branch="false" />
            <line number="99" hits="1" branch="false" />
            <line number="100" hits="1" branch="false" />
            <line number="101" hits="1" branch="false" />
            <line number="106" hits="6" branch="false" />
            <line number="107" hits="6" branch="false" />
            <line number="108" hits="12" branch="false" />
            <line number="109" hits="6" branch="false" />
            <line number="110" hits="6" branch="false" />
            <line number="114" hits="1" branch="false" />
            <line number="115" hits="1" branch="false" />
            <line number="116" hits="1" branch="false" />
            <line number="117" hits="1" branch="false" />
            <line number="118" hits="1" branch="false" />
            <line number="119" hits="1" branch="false" />
            <line number="123" hits="1" branch="false" />
            <line number="124" hits="1" branch="false" />
            <line number="126" hits="1" branch="false" />
            <line number="127" hits="1" branch="false" />
            <line number="128" hits="1" branch="false" />
            <line number="132" hits="1" branch="false" />
            <line number="133" hits="1" branch="false" />
            <line number="136" hits="2" branch="false" />
            <line number="137" hits="1" branch="false" />
            <line number="140" hits="1" branch="false" />
            <line number="141" hits="1" branch="false" />
            <line number="143" hits="1" branch="false" />
            <line number="147" hits="1" branch="false" />
            <line number="148" hits="1" branch="false" />
            <line number="150" hits="1" branch="false" />
            <line number="151" hits="1" branch="false" />
            <line number="152" hits="1" branch="false" />
            <line number="153" hits="1" branch="false" />
            <line number="154" hits="1" branch="false" />
            <line number="155" hits="1" branch="false" />
            <line number="156" hits="1" branch="false" />
            <line number="157" hits="1" branch="false" />
            <line number="158" hits="1" branch="false" />
          </lines>
        </class>
        <class name="Unit_Testovi.NoviTestovi" filename="C:\Users\Mehmed\Desktop\vvs-zadaca2\Unit Testovi\NoviTestovi.cs" line-rate="0.9655172413793104" branch-rate="1" complexity="4">
          <methods>
            <method name="TestZamjenskiObjekat" signature="()" line-rate="1" branch-rate="1" complexity="1">
              <lines>
                <line number="28" hits="1" branch="false" />
                <line number="29" hits="1" branch="false" />
                <line number="31" hits="1" branch="false" />
                <line number="32" hits="1" branch="false" />
                <line number="33" hits="1" branch="false" />
                <line number="35" hits="1" branch="false" />
                <line number="37" hits="1" branch="false" />
                <line number="39" hits="1" branch="false" />
                <line number="41" hits="2" branch="false" />
                <line number="42" hits="1" branch="false" />
              </lines>
            </method>
            <method name="TestAutomatskiEmail" signature="()" line-rate="1" branch-rate="1" complexity="1">
              <lines>
                <line number="50" hits="1" branch="false" />
                <line number="51" hits="1" branch="false" />
                <line number="53" hits="1" branch="false" />
                <line number="54" hits="1" branch="false" />
                <line number="56" hits="1" branch="false" />
                <line number="58" hits="1" branch="false" />
                <line number="59" hits="1" branch="false" />
              </lines>
            </method>
            <method name="TestAutomatskaSlika" signature="()" line-rate="1" branch-rate="1" complexity="1">
              <lines>
                <line number="63" hits="1" branch="false" />
                <line number="64" hits="1" branch="false" />
                <line number="66" hits="1" branch="false" />
                <line number="67" hits="1" branch="false" />
                <line number="69" hits="1" branch="false" />
                <line number="71" hits="1" branch="false" />
                <line number="72" hits="1" branch="false" />
              </lines>
            </method>
            <method name="TestNeispravniPodaci" signature="()" line-rate="0.8" branch-rate="1" complexity="1">
              <lines>
                <line number="77" hits="1" branch="false" />
                <line number="78" hits="1" branch="false" />
                <line number="80" hits="1" branch="false" />
                <line number="82" hits="1" branch="false" />
                <line number="83" hits="0" branch="false" />
              </lines>
            </method>
          </methods>
          <lines>
            <line number="28" hits="1" branch="false" />
            <line number="29" hits="1" branch="false" />
            <line number="31" hits="1" branch="false" />
            <line number="32" hits="1" branch="false" />
            <line number="33" hits="1" branch="false" />
            <line number="35" hits="1" branch="false" />
            <line number="37" hits="1" branch="false" />
            <line number="39" hits="1" branch="false" />
            <line number="41" hits="2" branch="false" />
            <line number="42" hits="1" branch="false" />
            <line number="50" hits="1" branch="false" />
            <line number="51" hits="1" branch="false" />
            <line number="53" hits="1" branch="false" />
            <line number="54" hits="1" branch="false" />
            <line number="56" hits="1" branch="false" />
            <line number="58" hits="1" branch="false" />
            <line number="59" hits="1" branch="false" />
            <line number="63" hits="1" branch="false" />
            <line number="64" hits="1" branch="false" />
            <line number="66" hits="1" branch="false" />
            <line number="67" hits="1" branch="false" />
            <line number="69" hits="1" branch="false" />
            <line number="71" hits="1" branch="false" />
            <line number="72" hits="1" branch="false" />
            <line number="77" hits="1" branch="false" />
            <line number="78" hits="1" branch="false" />
            <line number="80" hits="1" branch="false" />
            <line number="82" hits="1" branch="false" />
            <line number="83" hits="0" branch="false" />
          </lines>
        </class>
        <class name="Unit_Testovi.PaviljonStub" filename="C:\Users\Mehmed\Desktop\vvs-zadaca2\Unit Testovi\NoviTestovi.cs" line-rate="1" branch-rate="1" complexity="1">
          <methods>
            <method name="DajImePaviljona" signature="()" line-rate="1" branch-rate="1" complexity="1">
              <lines>
                <line number="16" hits="1" branch="false" />
                <line number="17" hits="1" branch="false" />
                <line number="18" hits="1" branch="false" />
              </lines>
            </method>
          </methods>
          <lines>
            <line number="16" hits="1" branch="false" />
            <line number="17" hits="1" branch="false" />
            <line number="18" hits="1" branch="false" />
          </lines>
        </class>
        <class name="Unit_Testovi.PaviljonTest" filename="C:\Users\Mehmed\Desktop\vvs-zadaca2\Unit Testovi\PaviljonTest.cs" line-rate="0.75" branch-rate="1" complexity="1">
          <methods>
            <method name="TestDajImePaviljona" signature="()" line-rate="0.75" branch-rate="1" complexity="1">
              <lines>
                <line number="16" hits="1" branch="false" />
                <line number="17" hits="1" branch="false" />
                <line number="19" hits="1" branch="false" />
                <line number="20" hits="0" branch="false" />
              </lines>
            </method>
          </methods>
          <lines>
            <line number="16" hits="1" branch="false" />
            <line number="17" hits="1" branch="false" />
            <line number="19" hits="1" branch="false" />
            <line number="20" hits="0" branch="false" />
          </lines>
        </class>
        <class name="Unit_Testovi.SkolovanjeTest" filename="C:\Users\Mehmed\Desktop\vvs-zadaca2\Unit Testovi\SkolovanjeTest.cs" line-rate="1" branch-rate="1" complexity="1">
          <methods>
            <method name="TestBrojIndeksaSetter" signature="()" line-rate="1" branch-rate="1" complexity="1">
              <lines>
                <line number="15" hits="1" branch="false" />
                <line number="16" hits="1" branch="false" />
                <line number="17" hits="1" branch="false" />
                <line number="18" hits="1" branch="false" />
                <line number="19" hits="1" branch="false" />
                <line number="20" hits="1" branch="false" />
                <line number="21" hits="1" branch="false" />
              </lines>
            </method>
          </methods>
          <lines>
            <line number="15" hits="1" branch="false" />
            <line number="16" hits="1" branch="false" />
            <line number="17" hits="1" branch="false" />
            <line number="18" hits="1" branch="false" />
            <line number="19" hits="1" branch="false" />
            <line number="20" hits="1" branch="false" />
            <line number="21" hits="1" branch="false" />
          </lines>
        </class>
        <class name="Unit_Testovi.SobaTest" filename="C:\Users\Mehmed\Desktop\vvs-zadaca2\Unit Testovi\SobaTest.cs" line-rate="0.9722222222222222" branch-rate="1" complexity="4">
          <methods>
            <method name="TestBrojSobeProperty" signature="()" line-rate="1" branch-rate="1" complexity="1">
              <lines>
                <line number="15" hits="1" branch="false" />
                <line number="16" hits="1" branch="false" />
                <line number="18" hits="1" branch="false" />
                <line number="19" hits="1" branch="false" />
              </lines>
            </method>
            <method name="TestIsprazniSobu" signature="()" line-rate="1" branch-rate="1" complexity="1">
              <lines>
                <line number="23" hits="1" branch="false" />
                <line number="24" hits="1" branch="false" />
                <line number="25" hits="1" branch="false" />
                <line number="27" hits="1" branch="false" />
                <line number="28" hits="1" branch="false" />
                <line number="30" hits="1" branch="false" />
                <line number="31" hits="1" branch="false" />
                <line number="33" hits="1" branch="false" />
                <line number="35" hits="1" branch="false" />
                <line number="37" hits="1" branch="false" />
                <line number="38" hits="1" branch="false" />
              </lines>
            </method>
            <method name="TestDodajStanara" signature="()" line-rate="0.8888888888888888" branch-rate="1" complexity="1">
              <lines>
                <line number="43" hits="1" branch="false" />
                <line number="44" hits="1" branch="false" />
                <line number="45" hits="1" branch="false" />
                <line number="46" hits="1" branch="false" />
                <line number="47" hits="1" branch="false" />
                <line number="48" hits="1" branch="false" />
                <line number="49" hits="1" branch="false" />
                <line number="50" hits="1" branch="false" />
                <line number="51" hits="0" branch="false" />
              </lines>
            </method>
            <method name="TestIzbaciStudenta" signature="()" line-rate="1" branch-rate="1" complexity="1">
              <lines>
                <line number="55" hits="1" branch="false" />
[...]
              </lines>
            </method>
          </methods>
          <lines>
            <line number="17" hits="1" branch="false" />
            <line number="18" hits="1" branch="false" />
            <line number="19" hits="1" branch="false" />
            <line number="20" hits="1" branch="false" />
            <line number="21" hits="1" branch="false" />
            <line number="22" hits="1" branch="false" />
            <line number="23" hits="0" branch="false" />
            <line number="24" hits="0" branch="false" />
            <line number="29" hits="1" branch="false" />
            <line number="30" hits="1" branch="false" />
            <line number="31" hits="1" branch="false" />
            <line number="32" hits="1" branch="false" />
            <line number="33" hits="1" branch="false" />
            <line number="34" hits="1" branch="false" />
            <line number="35" hits="1" branch="false" />
            <line number="36" hits="1" branch="false" />
            <line number="38" hits="1" branch="false" />
            <line number="39" hits="0" branch="false" />
            <line number="43" hits="1" branch="false" />
            <line number="44" hits="1" branch="false" />
            <line number="45" hits="1" branch="false" />
            <line number="46" hits="1" branch="false" />
            <line number="47" hits="1" branch="false" />
            <line number="48" hits="1" branch="false" />
            <line number="50" hits="1" branch="false" />
            <line number="51" hits="1" branch="false" />
            <line number="53" hits="1" branch="false" />
            <line number="54" hits="1" branch="false" />
            <line number="56" hits="1" branch="false" />
            <line number="58" hits="1" branch="false" />
            <line number="59" hits="1" branch="false" />
            <line number="61" hits="1" branch="false" />
            <line number="62" hits="1" branch="false" />
            <line number="63" hits="1" branch="false" />
            <line number="67" hits="1" branch="false" />
            <line number="68" hits="1" branch="false" />
            <line number="69" hits="1" branch="false" />
            <line number="70" hits="1" branch="false" />
            <line number="71" hits="1" branch="false" />
            <line number="72" hits="1" branch="false" />
            <line number="73" hits="1" branch="false" />
            <line number="77" hits="1" branch="false" />
            <line number="78" hits="1" branch="false" />
            <line number="79" hits="1" branch="false" />
            <line number="80" hits="1" branch="false" />
            <line number="81" hits="1" branch="false" />
            <line number="82" hits="1" branch="false" />
            <line number="83" hits="1" branch="false" />
            <line number="84" hits="1" branch="false" />
            <line number="85" hits="1" branch="false" />
            <line number="86" hits="1" branch="false" />
            <line number="90" hits="1" branch="false" />
            <line number="91" hits="1" branch="false" />
            <line number="93" hits="1" branch="false" />
            <line number="95" hits="0" branch="true" condition-coverage="50% (1/2)" />
            <line number="96" hits="0" branch="true" condition-coverage="0% (0/2)" />
            <line number="97" hits="1" branch="false" />
            <line number="102" hits="1" branch="false" />
            <line number="103" hits="1" branch="false" />
            <line number="104" hits="1" branch="false" />
            <line number="105" hits="1" branch="false" />
            <line number="106" hits="1" branch="false" />
            <line number="107" hits="1" branch="false" />
            <line number="108" hits="0" branch="false" />
            <line number="113" hits="1" branch="false" />
            <line number="114" hits="1" branch="false" />
            <line number="115" hits="1" branch="false" />
            <line number="116" hits="1" branch="false" />
            <line number="117" hits="1" branch="false" />
            <line number="118" hits="1" branch="false" />
            <line number="119" hits="1" branch="false" />
            <line number="120" hits="0" branch="false" />
            <line number="125" hits="1" branch="false" />
            <line number="126" hits="1" branch="false" />
            <line number="127" hits="1" branch="false" />
            <line number="128" hits="1" branch="false" />
            <line number="129" hits="1" branch="false" />
            <line number="130" hits="1" branch="false" />
            <line number="131" hits="1" branch="false" />
            <line number="132" hits="0" branch="false" />
            <line number="137" hits="1" branch="false" />
            <line number="138" hits="1" branch="false" />
            <line number="139" hits="1" branch="false" />
            <line number="140" hits="1" branch="false" />
            <line number="141" hits="0" branch="false" />
            <line number="146" hits="1" branch="false" />
            <line number="147" hits="1" branch="false" />
            <line number="148" hits="1" branch="false" />
            <line number="149" hits="1" branch="false" />
            <line number="150" hits="1" branch="false" />
            <line number="151" hits="1" branch="false" />
            <line number="152" hits="1" branch="false" />
            <line number="153" hits="1" branch="false" />
            <line number="154" hits="0" branch="false" />
            <line number="158" hits="1" branch="false" />
            <line number="159" hits="1" branch="false" />
            <line number="160" hits="1" branch="false" />
            <line number="161" hits="1" branch="false" />
            <line number="162" hits="1" branch="false" />
            <line number="163" hits="1" branch="false" />
            <line number="164" hits="1" branch="false" />
            <line number="165" hits="1" branch="false" />
            <line number="166" hits="1" branch="false" />
            <line number="171" hits="1" branch="false" />
            <line number="172" hits="1" branch="false" />
            <line number="173" hits="1" branch="false" />
            <line number="174" hits="1" branch="false" />
            <line number="175" hits="1" branch="false" />
            <line number="176" hits="1" branch="false" />
            <line number="177" hits="0" branch="false" />
          </lines>
        </class>
        <class name="Unit_Testovi.StudentTest" filename="C:\Users\Mehmed\Desktop\vvs-zadaca2\Unit Testovi\StudentTest.cs" line-rate="1" branch-rate="1" complexity="1">
          <methods>
            <method name="TestStudentKonstruktor" signature="()" line-rate="1" branch-rate="1" complexity="1">
              <lines>
                <line number="15" hits="1" branch="false" />
                <line number="16" hits="1" branch="false" />
                <line number="19" hits="1" branch="false" />
                <line number="21" hits="1" branch="false" />
                <line number="22" hits="1" branch="false" />
                <line number="24" hits="1" branch="false" />
                <line number="25" hits="1" branch="false" />
                <line number="28" hits="1" branch="false" />
                <line number="29" hits="1" branch="false" />
                <line number="30" hits="1" branch="false" />
                <line number="31" hits="1" branch="false" />
                <line number="33" hits="1" branch="false" />
                <line number="35" hits="1" branch="false" />
                <line number="36" hits="1" branch="false" />
              </lines>
            </method>
          </methods>
          <lines>
            <line number="15" hits="1" branch="false" />
            <line number="16" hits="1" branch="false" />
            <line number="19" hits="1" branch="false" />
            <line number="21" hits="1" branch="false" />
            <line number="22" hits="1" branch="false" />
            <line number="24" hits="1" branch="false" />
            <line number="25" hits="1" branch="false" />
            <line number="28" hits="1" branch="false" />
            <line number="29" hits="1" branch="false" />
            <line number="30" hits="1" branch="false" />
            <line number="31" hits="1" branch="false" />
            <line number="33" hits="1" branch="false" />
            <line number="35" hits="1" branch="false" />
            <line number="36" hits="1" branch="false" />
          </lines>
        </class>
        <class name="Unit_Testovi.Zadatak1Testovi" filename="C:\Users\Mehmed\Desktop\vvs-zadaca2\Unit Testovi\Zadatak1Testovi.cs" line-rate="0.9506172839506173" branch-rate="1" complexity="8">
          <methods>
            <method name="TestDajHashiraniPassword_1" signature="()" line-rate="1" branch-rate="1" complexity="1">
              <lines>
                <line number="15" hits="1" branch="false" />
                <line number="16" hits="1" branch="false" />
                <line number="18" hits="1" branch="false" />
                <line number="19" hits="1" branch="false" />
                <line number="21" hits="1" branch="false" />
                <line number="22" hits="1" branch="false" />
                <line number="24" hits="1" branch="false" />
                <line number="25" hits="1" branch="false" />
              </lines>
            </method>
            <method name="TestDajHashiraniPassword_2" signature="()" line-rate="1" branch-rate="1" complexity="1">
              <lines>
                <line number="30" hits="1" branch="false" />
                <line number="31" hits="1" branch="false" />
                <line number="32" hits="1" branch="false" />
                <line number="34" hits="1" branch="false" />
                <line number="36" hits="1" branch="false" />
                <line number="37" hits="1" branch="false" />
              </lines>
            </method>
            <method name="TestPređiNaSljedećuGodinu1" signature="()" line-rate="1" branch-rate="1" complexity="1">
              <lines>
                <line number="42" hits="1" branch="false" />
                <line number="44" hits="1" branch="false" />
                <line number="45" hits="1" branch="false" />
                <line number="46" hits="1" branch="false" />
                <line number="48" hits="1" branch="false" />
                <line number="51" hits="1" branch="false" />
                <line number="52" hits="1" branch="false" />
                <line number="53" hits="1" branch="false" />
                <line number="54" hits="1" branch="false" />
                <line number="55" hits="1" branch="false" />
                <line number="56" hits="1" branch="false" />
                <line number="59" hits="1" branch="false" />
                <line number="60" hits="1" branch="false" />
                <line number="63" hits="1" branch="false" />
                <line number="64" hits="1" branch="false" />
                <line number="65" hits="1" branch="false" />
                <line number="66" hits="1" branch="false" />
                <line number="67" hits="1" branch="false" />
                <line number="70" hits="1" branch="false" />
                <line number="71" hits="1" branch="false" />
                <line number="72" hits="1" branch="false" />
                <line number="73" hits="1" branch="false" />
              </lines>
            </method>
            <method name="TestPlacanje1" signature="()" line-rate="1" branch-rate="1" complexity="1">
              <lines>
                <line number="78" hits="1" branch="false" />
                <line number="79" hits="1" branch="false" />
                <line number="80" hits="1" branch="false" />
                <line number="82" hits="1" branch="false" />
                <line number="84" hits="1" branch="false" />
                <line number="85" hits="1" branch="false" />
              </lines>
            </method>
            <method name="TestPlacanje2" signature="()" line-rate="0.8" branch-rate="1" complexity="1">
              <lines>
                <line number="91" hits="1" branch="false" />
                <line number="92" hits="1" branch="false" />
                <line number="93" hits="1" branch="false" />
                <line number="95" hits="1" branch="false" />
                <line number="96" hits="0" branch="false" />
              </lines>
            </method>
            <method name="TestPremjestajStudenta1" signature="()" line-rate="0.75" branch-rate="1" complexity="1">
              <lines>
                <line number="102" hits="1" branch="false" />
                <line number="103" hits="1" branch="false" />
                <line number="104" hits="1" branch="false" />
                <line number="105" hits="1" branch="false" />
                <line number="106" hits="1" branch="false" />
                <line number="107" hits="1" branch="false" />
                <line number="108" hits="0" branch="false" />
                <line number="109" hits="0" branch="false" />
              </lines>
            </method>
            <method name="TestPremjestajStudenta2" signature="()" line-rate="0.9" branch-rate="1" complexity="1">
              <lines>
                <line number="115" hits="1" branch="false" />
                <line number="116" hits="1" branch="false" />
                <line number="117" hits="1" branch="false" />
                <line number="118" hits="1" branch="false" />
                <line number="119" hits="1" branch="false" />
                <line number="120" hits="1" branch="false" />
                <line number="121" hits="1" branch="false" />
                <line number="122" hits="1" branch="false" />
                <line number="124" hits="1" branch="false" />
                <line number="125" hits="0" branch="false" />
              </lines>
            </method>
            <method name="TestPremjestajStudenta3" signature="()" line-rate="1" branch-rate="1" complexity="1">
              <lines>
                <line number="130" hits="1" branch="false" />
                <line number="131" hits="1" branch="false" />
                <line number="132" hits="1" branch="false" />
                <line number="133" hits="1" branch="false" />
                <line number="134" hits="1" branch="false" />
                <line number="135" hits="1" branch="false" />
                <line number="137" hits="1" branch="false" />
                <line number="138" hits="1" branch="false" />
                <line number="140" hits="1" branch="false" />
                <line number="141" hits="1" branch="false" />
                <line number="143" hits="1" branch="false" />
                <line number="145" hits="1" branch="false" />
                <line number="146" hits="1" branch="false" />
                <line number="148" hits="1" branch="false" />
                <line number="149" hits="1" branch="false" />
                <line number="150" hits="1" branch="false" />
              </lines>
            </method>
          </methods>
          <lines>
            <line number="15" hits="1" branch="false" />
            <line number="16" hits="1" branch="false" />
            <line number="18" hits="1" branch="false" />
            <line number="19" hits="1" branch="false" />
            <line number="21" hits="1" branch="false" />
            <line number="22" hits="1" branch="false" />
            <line number="24" hits="1" branch="false" />
            <line number="25" hits="1" branch="false" />
            <line number="30" hits="1" branch="false" />
            <line number="31" hits="1" branch="false" />
            <line number="32" hits="1" branch="false" />
            <line number="34" hits="1" branch="false" />
            <line number="36" hits="1" branch="false" />
            <line number="37" hits="1" branch="false" />
            <line number="42" hits="1" branch="false" />
            <line number="44" hits="1" branch="false" />
            <line number="45" hits="1" branch="false" />
            <line number="46" hits="1" branch="false" />
            <line number="48" hits="1" branch="false" />
            <line number="51" hits="1" branch="false" />
            <line number="52" hits="1" branch="false" />
            <line number="53" hits="1" branch="false" />
            <line number="54" hits="1" branch="false" />
            <line number="55" hits="1" branch="false" />
            <line number="56" hits="1" branch="false" />
            <line number="59" hits="1" branch="false" />
            <line number="60" hits="1" branch="false" />
            <line number="63" hits="1" branch="false" />
            <line number="64" hits="1" branch="false" />
            <line number="65" hits="1" branch="false" />
            <line number="66" hits="1" branch="false" />
            <line number="67" hits="1" branch="false" />
            <line number="70" hits="1" branch="false" />
            <line number="71" hits="1" branch="false" />
            <line number="72" hits="1" branch="false" />
            <line number="73" hits="1" branch="false" />
            <line number="78" hits="1" branch="false" />
            <line number="79" hits="1" branch="false" />
            <line number="80" hits="1" branch="false" />
            <line number="82" hits="1" branch="false" />
            <line number="84" hits="1" branch="false" />
            <line number="85" hits="1" branch="false" />
            <line number="91" hits="1" branch="false" />
            <line number="92" hits="1" branch="false" />
            <line number="93" hits="1" branch="false" />
            <line number="95" hits="1" branch="false" />
            <line number="96" hits="0" branch="false" />
            <line number="102" hits="1" branch="false" />
            <line number="103" hits="1" branch="false" />
            <line number="104" hits="1" branch="false" />
            <line number="105" hits="1" branch="false" />
            <line number="106" hits="1" branch="false" />
            <line number="107" hits="1" branch="false" />
            <line number="108" hits="0" branch="false" />
            <line number="109" hits="0" branch="false" />
            <line number="115" hits="1" branch="false" />
            <line number="116" hits="1" branch="false" />
            <line number="117" hits="1" branch="false" />
            <line number="118" hits="1" branch="false" />
            <line number="119" hits="1" branch="false" />
            <line number="120" hits="1" branch="false" />
            <line number="121" hits="1" branch="false" />
            <line number="122" hits="1" branch="false" />
            <line number="124" hits="1" branch="false" />
            <line number="125" hits="0" branch="false" />
            <line number="130" hits="1" branch="false" />
            <line number="131" hits="1" branch="false" />
            <line number="132" hits="1" branch="false" />
            <line number="133" hits="1" branch="false" />
            <line number="134" hits="1" branch="false" />
            <line number="135" hits="1" branch="false" />
            <line number="137" hits="1" branch="false" />
            <line number="138" hits="1" branch="false" />
            <line number="140" hits="1" branch="false" />
            <line number="141" hits="1" branch="false" />
            <line number="143" hits="1" branch="false" />
            <line number="145" hits="1" branch="false" />
            <line number="146" hits="1" branch="false" />
            <line number="148" hits="1" branch="false" />
            <line number="149" hits="1" branch="false" />
            <line number="150" hits="1" branch="false" />
          </lines>
        </class>
      </classes>
    </package>
  </packages>
</coverage>