TpTrace Information: 0 : 14452, 1, 2020/12/07, 12:55:58.359, 992200097, datacollector.dll, DataCollectorMain.Run: Starting data collector run with args: --port,56953,--parentprocessid,13332,--diag,C:\Users\Mehmed\Desktop\vvs-zadaca2\Unit Testovi\bin\Debug\fine-code-coverage\_outputfolder\diagnostics.datacollector.20-12-07_12-55-58_27218_4.log,--tracelevel,4
TpTrace Information: 0 : 14452, 1, 2020/12/07, 12:55:58.363, 992215776, datacollector.dll, DataCollector: Monitoring parent process with id: '13332'
TpTrace Information: 0 : 14452, 1, 2020/12/07, 12:55:58.368, 992268989, datacollector.dll, Trying to connect to server on socket : 127.0.0.1:56953 
TpTrace Verbose: 0 : 14452, 1, 2020/12/07, 12:55:58.378, 992369387, datacollector.dll, SocketCommunicationManager : SetupClientAsync : Attempting to connect to the server.
TpTrace Information: 0 : 14452, 5, 2020/12/07, 12:55:58.386, 992449964, datacollector.dll, Connected to the server successfully 
TpTrace Information: 0 : 14452, 5, 2020/12/07, 12:55:58.386, 992450652, datacollector.dll, Using the buffer size of 16384 bytes
TpTrace Information: 0 : 14452, 1, 2020/12/07, 12:55:58.437, 992959196, datacollector.dll, DataCollector: Start Request Processing.
TpTrace Information: 0 : 14452, 1, 2020/12/07, 12:55:58.439, 992983035, datacollector.dll, DataCollectionRequestHandler.ProcessRequests : Datacollector received message: (DataCollection.BeforeTestRunStart) -> {
  "SettingsXml": "<RunSettings><RunConfiguration><ResultsDirectory>C:\\Users\\Mehmed\\Desktop\\vvs-zadaca2\\Unit Testovi\\bin\\Debug\\fine-code-coverage\\_outputfolder</ResultsDirectory><TargetPlatform>X64</TargetPlatform><TargetFrameworkVersion>.NETCoreApp,Version=v3.1</TargetFrameworkVersion><DesignMode>False</DesignMode><CollectSourceInformation>False</CollectSourceInformation><TestAdaptersPaths>C:\\Program Files\\dotnet\\sdk\\3.1.403\\Extensions</TestAdaptersPaths></RunConfiguration><LoggerRunSettings><Loggers><Logger friendlyName=\"blame\" enabled=\"True\" /><Logger friendlyName=\"Console\" uri=\"logger://microsoft/TestPlatform/ConsoleLogger/v1\" assemblyQualifiedName=\"Microsoft.VisualStudio.TestPlatform.CommandLine.Internal.ConsoleLogger, vstest.console, Version=15.0.0.0, Culture=neutral, PublicKeyToken=b03f5f7f11d50a3a\" codeBase=\"C:\\Program Files\\dotnet\\sdk\\3.1.403\\vstest.console.dll\" enabled=\"True\" /></Loggers></LoggerRunSettings><DataCollectionRunSettings><DataCollectors><DataCollector friendlyName=\"blame\" enabled=\"True\"><Configuration><ResultsDirectory>C:\\Users\\Mehmed\\Desktop\\vvs-zadaca2\\Unit Testovi\\bin\\Debug\\fine-code-coverage\\_outputfolder</ResultsDirectory></Configuration></DataCollector></DataCollectors></DataCollectionRunSettings></RunSettings>",
  "Sources": [
    "C:\\Users\\Mehmed\\Desktop\\vvs-zadaca2\\Unit Testovi\\bin\\Debug\\fine-code-coverage\\Unit Testovi.dll"
  ]
}
TpTrace Verbose: 0 : 14452, 1, 2020/12/07, 12:55:58.472, 993312455, datacollector.dll, TestPluginCache: Update extensions started. Skip filter = False
TpTrace Verbose: 0 : 14452, 1, 2020/12/07, 12:55:58.473, 993317750, datacollector.dll, TestPluginCache: Using directories for assembly resolution 'C:\Program Files\dotnet\sdk\3.1.403\Extensions'.
TpTrace Verbose: 0 : 14452, 1, 2020/12/07, 12:55:58.473, 993318162, datacollector.dll, TestPluginCache: Updated the available extensions to 'C:\Program Files\dotnet\sdk\3.1.403\Extensions\Microsoft.TestPlatform.Extensions.BlameDataCollector.dll,C:\Program Files\dotnet\sdk\3.1.403\Extensions\Microsoft.TestPlatform.Extensions.EventLogCollector.dll'.
TpTrace Verbose: 0 : 14452, 1, 2020/12/07, 12:55:58.477, 993356878, datacollector.dll, TestPluginCache.DiscoverTestExtensions: finding test extensions in assemblies ends with: Collector.dll TPluginInfo: Microsoft.VisualStudio.TestPlatform.Common.DataCollector.DataCollectorConfig TExtension: Microsoft.VisualStudio.TestPlatform.ObjectModel.DataCollection.DataCollector
TpTrace Verbose: 0 : 14452, 1, 2020/12/07, 12:55:58.477, 993357850, datacollector.dll, TestPluginCache.GetExtensionPaths: Filtered extension paths: C:\Program Files\dotnet\sdk\3.1.403\Extensions\Microsoft.TestPlatform.Extensions.BlameDataCollector.dll
C:\Program Files\dotnet\sdk\3.1.403\Extensions\Microsoft.TestPlatform.Extensions.EventLogCollector.dll
TpTrace Verbose: 0 : 14452, 1, 2020/12/07, 12:55:58.477, 993358482, datacollector.dll, TestPluginCache.GetExtensionPaths: Added default extension paths: 
TpTrace Verbose: 0 : 14452, 1, 2020/12/07, 12:55:58.477, 993358752, datacollector.dll, TestPluginCache.GetExtensionPaths: Added unfilterableExtensionPaths: 
TpTrace Information: 0 : 14452, 1, 2020/12/07, 12:55:58.477, 993362543, datacollector.dll, AssemblyResolver.ctor: Creating AssemblyResolver with searchDirectories C:\Program Files\dotnet\sdk\3.1.403\Extensions,C:\Program Files\dotnet\sdk\3.1.403
TpTrace Verbose: 0 : 14452, 1, 2020/12/07, 12:55:58.478, 993371350, datacollector.dll, TestPluginCache.DiscoverTestExtensions: Discovering the extensions using extension path.
TpTrace Verbose: 0 : 14452, 1, 2020/12/07, 12:55:58.478, 993372154, datacollector.dll, TestPluginCache.GetExtensionPaths: Filtered extension paths: C:\Program Files\dotnet\sdk\3.1.403\Extensions\Microsoft.TestPlatform.Extensions.BlameDataCollector.dll
C:\Program Files\dotnet\sdk\3.1.403\Extensions\Microsoft.TestPlatform.Extensions.EventLogCollector.dll
TpTrace Verbose: 0 : 14452, 1, 2020/12/07, 12:55:58.478, 993372467, datacollector.dll, TestPluginCache.GetExtensionPaths: Added default extension paths: 
TpTrace Verbose: 0 : 14452, 1, 2020/12/07, 12:55:58.478, 993372661, datacollector.dll, TestPluginCache.GetExtensionPaths: Added unfilterableExtensionPaths: 
TpTrace Verbose: 0 : 14452, 1, 2020/12/07, 12:55:58.478, 993373025, datacollector.dll, TestPluginCache.DiscoverTestExtensions: Discovering the extensions using allExtensionPaths: C:\Program Files\dotnet\sdk\3.1.403\Extensions\Microsoft.TestPlatform.Extensions.BlameDataCollector.dll
C:\Program Files\dotnet\sdk\3.1.403\Extensions\Microsoft.TestPlatform.Extensions.EventLogCollector.dll
TpTrace Information: 0 : 14452, 1, 2020/12/07, 12:55:58.479, 993373658, datacollector.dll, AssemblyResolver.AddSearchDirectories: Adding more searchDirectories C:\Program Files\dotnet\sdk\3.1.403\Extensions,C:\Program Files\dotnet\sdk\3.1.403
TpTrace Information: 0 : 14452, 1, 2020/12/07, 12:55:58.479, 993374000, datacollector.dll, AssemblyResolver.AddSearchDirectories: Adding more searchDirectories C:\Program Files\dotnet\sdk\3.1.403\Extensions,C:\Program Files\dotnet\sdk\3.1.403
TpTrace Information: 0 : 14452, 1, 2020/12/07, 12:55:58.479, 993376547, datacollector.dll, AssemblyResolver.OnResolve: Microsoft.TestPlatform.Extensions.BlameDataCollector: Resolving assembly.
TpTrace Information: 0 : 14452, 1, 2020/12/07, 12:55:58.480, 993385596, datacollector.dll, AssemblyResolver.OnResolve: Resolved assembly: Microsoft.TestPlatform.Extensions.BlameDataCollector, from path: C:\Program Files\dotnet\sdk\3.1.403\Extensions\Microsoft.TestPlatform.Extensions.BlameDataCollector.dll
TpTrace Error: 0 : 14452, 1, 2020/12/07, 12:55:58.480, 993392364, datacollector.dll, The type "Microsoft.TestPlatform.Extensions.BlameDataCollector.BlameCollector" defined in "Microsoft.TestPlatform.Extensions.BlameDataCollector.dll" does not have ExtensionUri attribute.
TpTrace Information: 0 : 14452, 1, 2020/12/07, 12:55:58.481, 993396503, datacollector.dll, AssemblyResolver.OnResolve: Microsoft.TestPlatform.Extensions.EventLogCollector: Resolving assembly.
TpTrace Information: 0 : 14452, 1, 2020/12/07, 12:55:58.481, 993401884, datacollector.dll, AssemblyResolver.OnResolve: Resolved assembly: Microsoft.TestPlatform.Extensions.EventLogCollector, from path: C:\Program Files\dotnet\sdk\3.1.403\Extensions\Microsoft.TestPlatform.Extensions.EventLogCollector.dll
TpTrace Error: 0 : 14452, 1, 2020/12/07, 12:55:58.483, 993413568, datacollector.dll, The type "Microsoft.TestPlatform.Extensions.EventLogCollector.EventLogDataCollector" defined in "Microsoft.TestPlatform.Extensions.EventLogCollector.dll" does not have ExtensionUri attribute.
TpTrace Verbose: 0 : 14452, 1, 2020/12/07, 12:55:58.483, 993415297, datacollector.dll, TestPluginCache: Discovered the extensions using extension path 'C:\Program Files\dotnet\sdk\3.1.403\Extensions\Microsoft.TestPlatform.Extensions.BlameDataCollector.dll,C:\Program Files\dotnet\sdk\3.1.403\Extensions\Microsoft.TestPlatform.Extensions.EventLogCollector.dll'.
TpTrace Verbose: 0 : 14452, 1, 2020/12/07, 12:55:58.483, 993416057, datacollector.dll, TestPluginCache: Discoverers are ''.
TpTrace Verbose: 0 : 14452, 1, 2020/12/07, 12:55:58.483, 993416308, datacollector.dll, TestPluginCache: Executors are ''.
TpTrace Verbose: 0 : 14452, 1, 2020/12/07, 12:55:58.483, 993416473, datacollector.dll, TestPluginCache: Executors2 are ''.
TpTrace Verbose: 0 : 14452, 1, 2020/12/07, 12:55:58.483, 993416634, datacollector.dll, TestPluginCache: Setting providers are ''.
TpTrace Verbose: 0 : 14452, 1, 2020/12/07, 12:55:58.483, 993416795, datacollector.dll, TestPluginCache: Loggers are ''.
TpTrace Information: 0 : 14452, 1, 2020/12/07, 12:55:58.484, 993424996, datacollector.dll, TestPluginManager.CreateTestExtension: Attempting to load test extension: Microsoft.TestPlatform.Extensions.BlameDataCollector.BlameCollector
TpTrace Error: 0 : 14452, 1, 2020/12/07, 12:55:58.484, 993425814, datacollector.dll, The type "Microsoft.TestPlatform.Extensions.BlameDataCollector.BlameCollector" defined in "Microsoft.TestPlatform.Extensions.BlameDataCollector.dll" does not have ExtensionUri attribute.
TpTrace Information: 0 : 14452, 1, 2020/12/07, 12:55:58.488, 993467203, datacollector.dll, Listening on Endpoint : 127.0.0.1:56956
TpTrace Information: 0 : 14452, 1, 2020/12/07, 12:55:58.495, 993533846, datacollector.dll, DataCollectionRequestHandler.ProcessRequests : DataCollection started.
TpTrace Information: 0 : 14452, 1, 2020/12/07, 12:55:58.524, 993828950, datacollector.dll, DataCollectionRequestHandler.ProcessRequests : Datacollector received message: (DataCollection.TestHostLaunched) -> {
  "ProcessId": 14580
}
TpTrace Information: 0 : 14452, 5, 2020/12/07, 12:55:58.666, 995252027, datacollector.dll, Using the buffer size of 16384 bytes
TpTrace Information: 0 : 14452, 5, 2020/12/07, 12:55:58.666, 995253346, datacollector.dll, Accepted Client request and set the flag
TpTrace Information: 0 : 14452, 7, 2020/12/07, 12:55:58.943, 998021805, datacollector.dll, DataCollectionTestCaseEventHandler: Test case starting.
TpTrace Information: 0 : 14452, 7, 2020/12/07, 12:55:58.967, 998254251, datacollector.dll, Blame Collector : Test Case Start
TpTrace Information: 0 : 14452, 7, 2020/12/07, 12:55:58.967, 998259794, datacollector.dll, DataCollectionTestCaseEventHandler: Test case 'TestSetNeispravanPassword - 2df4b343-94da-e238-e379-4eb8f6c7aba9' started.
TpTrace Information: 0 : 14452, 7, 2020/12/07, 12:55:59.004, 998632433, datacollector.dll, DataCollectionTestCaseEventHandler : Test case completing.
TpTrace Information: 0 : 14452, 7, 2020/12/07, 12:55:59.007, 998655730, datacollector.dll, Blame Collector : Test Case End
TpTrace Error: 0 : 14452, 7, 2020/12/07, 12:55:59.016, 998747919, datacollector.dll, DataCollectionAttachmentManager.GetAttachments: Fail to get attachments: System.Collections.Generic.KeyNotFoundException: The given key 'Microsoft.VisualStudio.TestPlatform.ObjectModel.DataCollection.DataCollectionContext' was not present in the dictionary.
   at System.Collections.Generic.Dictionary`2.get_Item(TKey key)
   at Microsoft.VisualStudio.TestPlatform.Common.DataCollector.DataCollectionAttachmentManager.GetAttachments(DataCollectionContext dataCollectionContext) 
TpTrace Information: 0 : 14452, 7, 2020/12/07, 12:55:59.018, 998766915, datacollector.dll, DataCollectionTestCaseEventHandler: Test case 'TestSetNeispravanPassword - 2df4b343-94da-e238-e379-4eb8f6c7aba9' completed
TpTrace Information: 0 : 14452, 7, 2020/12/07, 12:55:59.025, 998836408, datacollector.dll, DataCollectionTestCaseEventHandler: Test case starting.
TpTrace Information: 0 : 14452, 7, 2020/12/07, 12:55:59.025, 998838916, datacollector.dll, Blame Collector : Test Case Start
TpTrace Information: 0 : 14452, 7, 2020/12/07, 12:55:59.025, 998839693, datacollector.dll, DataCollectionTestCaseEventHandler: Test case 'TestSetIspravanPassword - dfb98b7c-65f0-c76f-b19c-0d3493d7ff1d' started.
TpTrace Information: 0 : 14452, 7, 2020/12/07, 12:55:59.026, 998848988, datacollector.dll, DataCollectionTestCaseEventHandler : Test case completing.
TpTrace Information: 0 : 14452, 7, 2020/12/07, 12:55:59.026, 998850961, datacollector.dll, Blame Collector : Test Case End
TpTrace Error: 0 : 14452, 7, 2020/12/07, 12:55:59.026, 998852153, datacollector.dll, DataCollectionAttachmentManager.GetAttachments: Fail to get attachments: System.Collections.Generic.KeyNotFoundException: The given key 'Microsoft.VisualStudio.TestPlatform.ObjectModel.DataCollection.DataCollectionContext' was not present in the dictionary.
   at System.Collections.Generic.Dictionary`2.get_Item(TKey key)
   at Microsoft.VisualStudio.TestPlatform.Common.DataCollector.DataCollectionAttachmentManager.GetAttachments(DataCollectionContext dataCollectionContext) 
TpTrace Information: 0 : 14452, 7, 2020/12/07, 12:55:59.026, 998852881, datacollector.dll, DataCollectionTestCaseEventHandler: Test case 'TestSetIspravanPassword - dfb98b7c-65f0-c76f-b19c-0d3493d7ff1d' completed
TpTrace Information: 0 : 14452, 7, 2020/12/07, 12:55:59.027, 998856715, datacollector.dll, DataCollectionTestCaseEventHandler: Test case starting.
TpTrace Information: 0 : 14452, 7, 2020/12/07, 12:55:59.027, 998858614, datacollector.dll, Blame Collector : Test Case Start
TpTrace Information: 0 : 14452, 7, 2020/12/07, 12:55:59.027, 998859161, datacollector.dll, DataCollectionTestCaseEventHandler: Test case 'TestKorisnikUsernameExceptions - 11f82527-a755-3644-ac73-c1e4d7a7ddf4' started.
TpTrace Information: 0 : 14452, 7, 2020/12/07, 12:55:59.028, 998867857, datacollector.dll, DataCollectionTestCaseEventHandler : Test case completing.
TpTrace Information: 0 : 14452, 7, 2020/12/07, 12:55:59.028, 998870500, datacollector.dll, Blame Collector : Test Case End
TpTrace Error: 0 : 14452, 7, 2020/12/07, 12:55:59.028, 998871465, datacollector.dll, DataCollectionAttachmentManager.GetAttachments: Fail to get attachments: System.Collections.Generic.KeyNotFoundException: The given key 'Microsoft.VisualStudio.TestPlatform.ObjectModel.DataCollection.DataCollectionContext' was not present in the dictionary.
   at System.Collections.Generic.Dictionary`2.get_Item(TKey key)
   at Microsoft.VisualStudio.TestPlatform.Common.DataCollector.DataCollectionAttachmentManager.GetAttachments(DataCollectionContext dataCollectionContext) 
TpTrace Information: 0 : 14452, 7, 2020/12/07, 12:55:59.028, 998872175, datacollector.dll, DataCollectionTestCaseEventHandler: Test case 'TestKorisnikUsernameExceptions - 11f82527-a755-3644-ac73-c1e4d7a7ddf4' completed
TpTrace Information: 0 : 14452, 7, 2020/12/07, 12:55:59.029, 998876379, datacollector.dll, DataCollectionTestCaseEventHandler: Test case starting.
TpTrace Information: 0 : 14452, 7, 2020/12/07, 12:55:59.029, 998878320, datacollector.dll, Blame Collector : Test Case Start
TpTrace Information: 0 : 14452, 7, 2020/12/07, 12:55:59.029, 998878959, datacollector.dll, DataCollectionTestCaseEventHandler: Test case 'TestKorisnikGetUsername - 96e48996-d7d9-3ae6-8680-f3d73fd11007' started.
TpTrace Information: 0 : 14452, 7, 2020/12/07, 12:55:59.030, 998884858, datacollector.dll, DataCollectionTestCaseEventHandler : Test case completing.
TpTrace Information: 0 : 14452, 7, 2020/12/07, 12:55:59.030, 998886972, datacollector.dll, Blame Collector : Test Case End
TpTrace Error: 0 : 14452, 7, 2020/12/07, 12:55:59.030, 998887740, datacollector.dll, DataCollectionAttachmentManager.GetAttachments: Fail to get attachments: System.Collections.Generic.KeyNotFoundException: The given key 'Microsoft.VisualStudio.TestPlatform.ObjectModel.DataCollection.DataCollectionContext' was not present in the dictionary.
   at System.Collections.Generic.Dictionary`2.get_Item(TKey key)
   at Microsoft.VisualStudio.TestPlatform.Common.DataCollector.DataCollectionAttachmentManager.GetAttachments(DataCollectionContext dataCollectionContext) 
TpTrace Information: 0 : 14452, 7, 2020/12/07, 12:55:59.030, 998888755, datacollector.dll, DataCollectionTestCaseEventHandler: Test case 'TestKorisnikGetUsername - 96e48996-d7d9-3ae6-8680-f3d73fd11007' completed
TpTrace Information: 0 : 14452, 7, 2020/12/07, 12:55:59.053, 999117190, datacollector.dll, DataCollectionTestCaseEventHandler: Test case starting.
TpTrace Information: 0 : 14452, 7, 2020/12/07, 12:55:59.053, 999121203, datacollector.dll, Blame Collector : Test Case Start
TpTrace Information: 0 : 14452, 7, 2020/12/07, 12:55:59.053, 999122441, datacollector.dll, DataCollectionTestCaseEventHandler: Test case 'TestKorisnikKonstruktor - cf3d9aec-2c68-7213-080e-504778104335' started.
TpTrace Information: 0 : 14452, 7, 2020/12/07, 12:55:59.054, 999133304, datacollector.dll, DataCollectionTestCaseEventHandler : Test case completing.
TpTrace Information: 0 : 14452, 7, 2020/12/07, 12:55:59.055, 999136763, datacollector.dll, Blame Collector : Test Case End
TpTrace Error: 0 : 14452, 7, 2020/12/07, 12:55:59.055, 999138034, datacollector.dll, DataCollectionAttachmentManager.GetAttachments: Fail to get attachments: System.Collections.Generic.KeyNotFoundException: The given key 'Microsoft.VisualStudio.TestPlatform.ObjectModel.DataCollection.DataCollectionContext' was not present in the dictionary.
   at System.Collections.Generic.Dictionary`2.get_Item(TKey key)
   at Microsoft.VisualStudio.TestPlatform.Common.DataCollector.DataCollectionAttachmentManager.GetAttachments(DataCollectionContext dataCollectionContext) 
TpTrace Information: 0 : 14452, 7, 2020/12/07, 12:55:59.055, 999138721, datacollector.dll, DataCollectionTestCaseEventHandler: Test case 'TestKorisnikKonstruktor - cf3d9aec-2c68-7213-080e-504778104335' completed
TpTrace Information: 0 : 14452, 7, 2020/12/07, 12:55:59.055, 999142873, datacollector.dll, DataCollectionTestCaseEventHandler: Test case starting.
TpTrace Information: 0 : 14452, 7, 2020/12/07, 12:55:59.056, 999145122, datacollector.dll, Blame Collector : Test Case Start
TpTrace Information: 0 : 14452, 7, 2020/12/07, 12:55:59.056, 999145720, datacollector.dll, DataCollectionTestCaseEventHandler: Test case 'TestImeSetter - 760d41c9-9219-9fc4-26ec-4aa8d5415133' started.
TpTrace Information: 0 : 14452, 7, 2020/12/07, 12:55:59.057, 999156432, datacollector.dll, DataCollectionTestCaseEventHandler : Test case completing.
TpTrace Information: 0 : 14452, 7, 2020/12/07, 12:55:59.057, 999158520, datacollector.dll, Blame Collector : Test Case End
TpTrace Error: 0 : 14452, 7, 2020/12/07, 12:55:59.057, 999159600, datacollector.dll, DataCollectionAttachmentManager.GetAttachments: Fail to get attachments: System.Collections.Generic.KeyNotFoundException: The given key 'Microsoft.VisualStudio.TestPlatform.ObjectModel.DataCollection.DataCollectionContext' was not present in the dictionary.
   at System.Collections.Generic.Dictionary`2.get_Item(TKey key)
   at Microsoft.VisualStudio.TestPlatform.Common.DataCollector.DataCollectionAttachmentManager.GetAttachments(DataCollectionContext dataCollectionContext) 
TpTrace Information: 0 : 14452, 7, 2020/12/07, 12:55:59.057, 999160268, datacollector.dll, DataCollectionTestCaseEventHandler: Test case 'TestImeSetter - 760d41c9-9219-9fc4-26ec-4aa8d5415133' completed
TpTrace Information: 0 : 14452, 7, 2020/12/07, 12:55:59.058, 999165323, datacollector.dll, DataCollectionTestCaseEventHandler: Test case starting.
TpTrace Information: 0 : 14452, 7, 2020/12/07, 12:55:59.058, 999167414, datacollector.dll, Blame Collector : Test Case Start
TpTrace Information: 0 : 14452, 7, 2020/12/07, 12:55:59.058, 999167949, datacollector.dll, DataCollectionTestCaseEventHandler: Test case 'TestImeGetter - ccfaff72-b0bf-65a5-8df9-595e216a40bd' started.
TpTrace Information: 0 : 14452, 7, 2020/12/07, 12:55:59.059, 999176962, datacollector.dll, DataCollectionTestCaseEventHandler : Test case completing.
TpTrace Information: 0 : 14452, 7, 2020/12/07, 12:55:59.059, 999178929, datacollector.dll, Blame Collector : Test Case End
TpTrace Error: 0 : 14452, 7, 2020/12/07, 12:55:59.059, 999179735, datacollector.dll, DataCollectionAttachmentManager.GetAttachments: Fail to get attachments: System.Collections.Generic.KeyNotFoundException: The given key 'Microsoft.VisualStudio.TestPlatform.ObjectModel.DataCollection.DataCollectionContext' was not present in the dictionary.
   at System.Collections.Generic.Dictionary`2.get_Item(TKey key)
   at Microsoft.VisualStudio.TestPlatform.Common.DataCollector.DataCollectionAttachmentManager.GetAttachments(DataCollectionContext dataCollectionContext) 
TpTrace Information: 0 : 14452, 7, 2020/12/07, 12:55:59.059, 999180349, datacollector.dll, DataCollectionTestCaseEventHandler: Test case 'TestImeGetter - ccfaff72-b0bf-65a5-8df9-595e216a40bd' completed
TpTrace Information: 0 : 14452, 7, 2020/12/07, 12:55:59.060, 999184208, datacollector.dll, DataCollectionTestCaseEventHandler: Test case starting.
TpTrace Information: 0 : 14452, 7, 2020/12/07, 12:55:59.060, 999186103, datacollector.dll, Blame Collector : Test Case Start
TpTrace Information: 0 : 14452, 7, 2020/12/07, 12:55:59.060, 999186696, datacollector.dll, DataCollectionTestCaseEventHandler: Test case 'TestPrezimeSetter - 205af872-0219-321f-cb78-f7aaf5c792d1' started.
TpTrace Information: 0 : 14452, 7, 2020/12/07, 12:55:59.061, 999195359, datacollector.dll, DataCollectionTestCaseEventHandler : Test case completing.
TpTrace Information: 0 : 14452, 7, 2020/12/07, 12:55:59.061, 999197356, datacollector.dll, Blame Collector : Test Case End
TpTrace Error: 0 : 14452, 7, 2020/12/07, 12:55:59.061, 999198113, datacollector.dll, DataCollectionAttachmentManager.GetAttachments: Fail to get attachments: System.Collections.Generic.KeyNotFoundException: The given key 'Microsoft.VisualStudio.TestPlatform.ObjectModel.DataCollection.DataCollectionContext' was not present in the dictionary.
   at System.Collections.Generic.Dictionary`2.get_Item(TKey key)
   at Microsoft.VisualStudio.TestPlatform.Common.DataCollector.DataCollectionAttachmentManager.GetAttachments(DataCollectionContext dataCollectionContext) 
TpTrace Information: 0 : 14452, 7, 2020/12/07, 12:55:59.061, 999198693, datacollector.dll, DataCollectionTestCaseEventHandler: Test case 'TestPrezimeSetter - 205af872-0219-321f-cb78-f7aaf5c792d1' completed
TpTrace Information: 0 : 14452, 7, 2020/12/07, 12:55:59.061, 999202561, datacollector.dll, DataCollectionTestCaseEventHandler: Test case starting.
TpTrace Information: 0 : 14452, 7, 2020/12/07, 12:55:59.062, 999204685, datacollector.dll, Blame Collector : Test Case Start
TpTrace Information: 0 : 14452, 7, 2020/12/07, 12:55:59.062, 999205231, datacollector.dll, DataCollectionTestCaseEventHandler: Test case 'TestPrezimeGetter - 96e4b97a-c9ec-ab86-0155-5c00f596f077' started.
TpTrace Information: 0 : 14452, 7, 2020/12/07, 12:55:59.062, 999210303, datacollector.dll, DataCollectionTestCaseEventHandler : Test case completing.
TpTrace Information: 0 : 14452, 7, 2020/12/07, 12:55:59.062, 999212269, datacollector.dll, Blame Collector : Test Case End
TpTrace Error: 0 : 14452, 7, 2020/12/07, 12:55:59.062, 999213000, datacollector.dll, DataCollectionAttachmentManager.GetAttachments: Fail to get attachments: System.Collections.Generic.KeyNotFoundException: The given key 'Microsoft.VisualStudio.TestPlatform.ObjectModel.DataCollection.DataCollectionContext' was not present in the dictionary.
   at System.Collections.Generic.Dictionary`2.get_Item(TKey key)
   at Microsoft.VisualStudio.TestPlatform.Common.DataCollector.DataCollectionAttachmentManager.GetAttachments(DataCollectionContext dataCollectionContext) 
TpTrace Information: 0 : 14452, 7, 2020/12/07, 12:55:59.063, 999213563, datacollector.dll, DataCollectionTestCaseEventHandler: Test case 'TestPrezimeGetter - 96e4b97a-c9ec-ab86-0155-5c00f596f077' completed
TpTrace Information: 0 : 14452, 7, 2020/12/07, 12:55:59.063, 999217710, datacollector.dll, DataCollectionTestCaseEventHandler: Test case starting.
TpTrace Information: 0 : 14452, 7, 2020/12/07, 12:55:59.063, 999219615, datacollector.dll, Blame Collector : Test Case Start
TpTrace Information: 0 : 14452, 7, 2020/12/07, 12:55:59.063, 999220107, datacollector.dll, DataCollectionTestCaseEventHandler: Test case 'TestMjestoRodjenjaProperty - c0c628c6-f02b-d63f-8c2d-479801c5b921' started.
TpTrace Information: 0 : 14452, 7, 2020/12/07, 12:55:59.064, 999228451, datacollector.dll, DataCollectionTestCaseEventHandler : Test case completing.
TpTrace Information: 0 : 14452, 7, 2020/12/07, 12:55:59.064, 999230390, datacollector.dll, Blame Collector : Test Case End
TpTrace Error: 0 : 14452, 7, 2020/12/07, 12:55:59.064, 999231123, datacollector.dll, DataCollectionAttachmentManager.GetAttachments: Fail to get attachments: System.Collections.Generic.KeyNotFoundException: The given key 'Microsoft.VisualStudio.TestPlatform.ObjectModel.DataCollection.DataCollectionContext' was not present in the dictionary.
   at System.Collections.Generic.Dictionary`2.get_Item(TKey key)
   at Microsoft.VisualStudio.TestPlatform.Common.DataCollector.DataCollectionAttachmentManager.GetAttachments(DataCollectionContext dataCollectionContext) 
TpTrace Information: 0 : 14452, 7, 2020/12/07, 12:55:59.064, 999231697, datacollector.dll, DataCollectionTestCaseEventHandler: Test case 'TestMjestoRodjenjaProperty - c0c628c6-f02b-d63f-8c2d-479801c5b921' completed
TpTrace Information: 0 : 14452, 7, 2020/12/07, 12:55:59.065, 999235481, datacollector.dll, DataCollectionTestCaseEventHandler: Test case starting.
TpTrace Information: 0 : 14452, 7, 2020/12/07, 12:55:59.065, 999237369, datacollector.dll, Blame Collector : Test Case Start
TpTrace Information: 0 : 14452, 7, 2020/12/07, 12:55:59.065, 999237889, datacollector.dll, DataCollectionTestCaseEventHandler: Test case 'TestEmailProperty - a2f6a80b-0ec8-5622-368e-acde41fd5e36' started.
TpTrace Information: 0 : 14452, 7, 2020/12/07, 12:55:59.066, 999246115, datacollector.dll, DataCollectionTestCaseEventHandler : Test case completing.
TpTrace Information: 0 : 14452, 7, 2020/12/07, 12:55:59.066, 999248031, datacollector.dll, Blame Collector : Test Case End
TpTrace Error: 0 : 14452, 7, 2020/12/07, 12:55:59.066, 999248754, datacollector.dll, DataCollectionAttachmentManager.GetAttachments: Fail to get attachments: System.Collections.Generic.KeyNotFoundException: The given key 'Microsoft.VisualStudio.TestPlatform.ObjectModel.DataCollection.DataCollectionContext' was not present in the dictionary.
   at System.Collections.Generic.Dictionary`2.get_Item(TKey key)
   at Microsoft.VisualStudio.TestPlatform.Common.DataCollector.DataCollectionAttachmentManager.GetAttachments(DataCollectionContext dataCollectionContext) 
TpTrace Information: 0 : 14452, 7, 2020/12/07, 12:55:59.066, 999249322, datacollector.dll, DataCollectionTestCaseEventHandler: Test case 'TestEmailProperty - a2f6a80b-0ec8-5622-368e-acde41fd5e36' completed
TpTrace Information: 0 : 14452, 7, 2020/12/07, 12:55:59.066, 999253128, datacollector.dll, DataCollectionTestCaseEventHandler: Test case starting.
TpTrace Information: 0 : 14452, 7, 2020/12/07, 12:55:59.067, 999255292, datacollector.dll, Blame Collector : Test Case Start
TpTrace Information: 0 : 14452, 7, 2020/12/07, 12:55:59.067, 999255832, datacollector.dll, DataCollectionTestCaseEventHandler: Test case 'TestSlikaProperty - fa231976-dce5-6fbd-2e8a-f5721f3b41a6' started.
TpTrace Information: 0 : 14452, 7, 2020/12/07, 12:55:59.067, 999261486, datacollector.dll, DataCollectionTestCaseEventHandler : Test case completing.
TpTrace Information: 0 : 14452, 7, 2020/12/07, 12:55:59.068, 999263491, datacollector.dll, Blame Collector : Test Case End
TpTrace Error: 0 : 14452, 7, 2020/12/07, 12:55:59.068, 999264261, datacollector.dll, DataCollectionAttachmentManager.GetAttachments: Fail to get attachments: System.Collections.Generic.KeyNotFoundException: The given key 'Microsoft.VisualStudio.TestPlatform.ObjectModel.DataCollection.DataCollectionContext' was not present in the dictionary.
   at System.Collections.Generic.Dictionary`2.get_Item(TKey key)
   at Microsoft.VisualStudio.TestPlatform.Common.DataCollector.DataCollectionAttachmentManager.GetAttachments(DataCollectionContext dataCollectionContext) 
TpTrace Information: 0 : 14452, 7, 2020/12/07, 12:55:59.068, 999264830, datacollector.dll, DataCollectionTestCaseEventHandler: Test case 'TestSlikaProperty - fa231976-dce5-6fbd-2e8a-f5721f3b41a6' completed
TpTrace Information: 0 : 14452, 7, 2020/12/07, 12:55:59.068, 999268632, datacollector.dll, DataCollectionTestCaseEventHandler: Test case starting.
TpTrace Information: 0 : 14452, 7, 2020/12/07, 12:55:59.068, 999270501, datacollector.dll, Blame Collector : Test Case Start
TpTrace Information: 0 : 14452, 7, 2020/12/07, 12:55:59.068, 999271085, datacollector.dll, DataCollectionTestCaseEventHandler: Test case 'TestJMBGPropertyNeispravan - 37d860fc-2dd2-9f52-c707-d8ba5988bb3d' started.
TpTrace Information: 0 : 14452, 7, 2020/12/07, 12:55:59.069, 999281477, datacollector.dll, DataCollectionTestCaseEventHandler : Test case completing.
TpTrace Information: 0 : 14452, 7, 2020/12/07, 12:55:59.070, 999283488, datacollector.dll, Blame Collector : Test Case End
TpTrace Error: 0 : 14452, 7, 2020/12/07, 12:55:59.070, 999284390, datacollector.dll, DataCollectionAttachmentManager.GetAttachments: Fail to get attachments: System.Collections.Generic.KeyNotFoundException: The given key 'Microsoft.VisualStudio.TestPlatform.ObjectModel.DataCollection.DataCollectionContext' was not present in the dictionary.
   at System.Collections.Generic.Dictionary`2.get_Item(TKey key)
   at Microsoft.VisualStudio.TestPlatform.Common.DataCollector.DataCollectionAttachmentManager.GetAttachments(DataCollectionContext dataCollectionContext) 
TpTrace Information: 0 : 14452, 7, 2020/12/07, 12:55:59.070, 999284999, datacollector.dll, DataCollectionTestCaseEventHandler: Test case 'TestJMBGPropertyNeispravan - 37d860fc-2dd2-9f52-c707-d8ba5988bb3d' completed
TpTrace Information: 0 : 14452, 7, 2020/12/07, 12:55:59.075, 999334665, datacollector.dll, DataCollectionTestCaseEventHandler: Test case starting.
TpTrace Information: 0 : 14452, 7, 2020/12/07, 12:55:59.075, 999336838, datacollector.dll, Blame Collector : Test Case Start
TpTrace Information: 0 : 14452, 7, 2020/12/07, 12:55:59.075, 999337364, datacollector.dll, DataCollectionTestCaseEventHandler: Test case 'TestJMBGPropertyIspravan - a54a90d6-40fb-4161-c9aa-1cda9614f0f8' started.
TpTrace Information: 0 : 14452, 7, 2020/12/07, 12:55:59.076, 999344395, datacollector.dll, DataCollectionTestCaseEventHandler : Test case completing.
TpTrace Information: 0 : 14452, 7, 2020/12/07, 12:55:59.076, 999346510, datacollector.dll, Blame Collector : Test Case End
TpTrace Error: 0 : 14452, 7, 2020/12/07, 12:55:59.076, 999347413, datacollector.dll, DataCollectionAttachmentManager.GetAttachments: Fail to get attachments: System.Collections.Generic.KeyNotFoundException: The given key 'Microsoft.VisualStudio.TestPlatform.ObjectModel.DataCollection.DataCollectionContext' was not present in the dictionary.
   at System.Collections.Generic.Dictionary`2.get_Item(TKey key)
   at Microsoft.VisualStudio.TestPlatform.Common.DataCollector.DataCollectionAttachmentManager.GetAttachments(DataCollectionContext dataCollectionContext) 
TpTrace Information: 0 : 14452, 7, 2020/12/07, 12:55:59.076, 999348027, datacollector.dll, DataCollectionTestCaseEventHandler: Test case 'TestJMBGPropertyIspravan - a54a90d6-40fb-4161-c9aa-1cda9614f0f8' completed
TpTrace Information: 0 : 14452, 7, 2020/12/07, 12:55:59.076, 999351838, datacollector.dll, DataCollectionTestCaseEventHandler: Test case starting.
TpTrace Information: 0 : 14452, 7, 2020/12/07, 12:55:59.077, 999353789, datacollector.dll, Blame Collector : Test Case Start
TpTrace Information: 0 : 14452, 7, 2020/12/07, 12:55:59.077, 999354306, datacollector.dll, DataCollectionTestCaseEventHandler: Test case 'TestSpolProperty - 9ea2b59f-9e07-9aa7-a9bc-87596f1cf17a' started.
TpTrace Information: 0 : 14452, 7, 2020/12/07, 12:55:59.077, 999362288, datacollector.dll, DataCollectionTestCaseEventHandler : Test case completing.
TpTrace Information: 0 : 14452, 7, 2020/12/07, 12:55:59.078, 999364219, datacollector.dll, Blame Collector : Test Case End
TpTrace Error: 0 : 14452, 7, 2020/12/07, 12:55:59.078, 999364948, datacollector.dll, DataCollectionAttachmentManager.GetAttachments: Fail to get attachments: System.Collections.Generic.KeyNotFoundException: The given key 'Microsoft.VisualStudio.TestPlatform.ObjectModel.DataCollection.DataCollectionContext' was not present in the dictionary.
   at System.Collections.Generic.Dictionary`2.get_Item(TKey key)
   at Microsoft.VisualStudio.TestPlatform.Common.DataCollector.DataCollectionAttachmentManager.GetAttachments(DataCollectionContext dataCollectionContext) 
TpTrace Information: 0 : 14452, 7, 2020/12/07, 12:55:59.078, 999365954, datacollector.dll, DataCollectionTestCaseEventHandler: Test case 'TestSpolProperty - 9ea2b59f-9e07-9aa7-a9bc-87596f1cf17a' completed
TpTrace Information: 0 : 14452, 7, 2020/12/07, 12:55:59.078, 999369657, datacollector.dll, DataCollectionTestCaseEventHandler: Test case starting.
TpTrace Information: 0 : 14452, 7, 2020/12/07, 12:55:59.078, 999371521, datacollector.dll, Blame Collector : Test Case Start
TpTrace Information: 0 : 14452, 7, 2020/12/07, 12:55:59.078, 999372039, datacollector.dll, DataCollectionTestCaseEventHandler: Test case 'TestDatumRodjenjaProperty - b8f07a82-bda4-c9da-1901-f3f9d70548ae' started.
TpTrace Information: 0 : 14452, 7, 2020/12/07, 12:55:59.079, 999383102, datacollector.dll, DataCollectionTestCaseEventHandler : Test case completing.
TpTrace Information: 0 : 14452, 7, 2020/12/07, 12:55:59.080, 999385320, datacollector.dll, Blame Collector : Test Case End
TpTrace Error: 0 : 14452, 7, 2020/12/07, 12:55:59.080, 999386097, datacollector.dll, DataCollectionAttachmentManager.GetAttachments: Fail to get attachments: System.Collections.Generic.KeyNotFoundException: The given key 'Microsoft.VisualStudio.TestPlatform.ObjectModel.DataCollection.DataCollectionContext' was not present in the dictionary.
   at System.Collections.Generic.Dictionary`2.get_Item(TKey key)
   at Microsoft.VisualStudio.TestPlatform.Common.DataCollector.DataCollectionAttachmentManager.GetAttachments(DataCollectionContext dataCollectionContext) 
TpTrace Information: 0 : 14452, 7, 2020/12/07, 12:55:59.080, 999386669, datacollector.dll, DataCollectionTestCaseEventHandler: Test case 'TestDatumRodjenjaProperty - b8f07a82-bda4-c9da-1901-f3f9d70548ae' completed
TpTrace Information: 0 : 14452, 7, 2020/12/07, 12:55:59.080, 999390382, datacollector.dll, DataCollectionTestCaseEventHandler: Test case starting.
TpTrace Information: 0 : 14452, 7, 2020/12/07, 12:55:59.080, 999392295, datacollector.dll, Blame Collector : Test Case Start
TpTrace Information: 0 : 14452, 7, 2020/12/07, 12:55:59.080, 999392787, datacollector.dll, DataCollectionTestCaseEventHandler: Test case 'TestKonstruktor - b2f75099-4250-0ffb-b245-28964f22931f' started.
TpTrace Information: 0 : 14452, 7, 2020/12/07, 12:55:59.081, 999400105, datacollector.dll, DataCollectionTestCaseEventHandler : Test case completing.
TpTrace Information: 0 : 14452, 7, 2020/12/07, 12:55:59.081, 999402037, datacollector.dll, Blame Collector : Test Case End
TpTrace Error: 0 : 14452, 7, 2020/12/07, 12:55:59.081, 999402830, datacollector.dll, DataCollectionAttachmentManager.GetAttachments: Fail to get attachments: System.Collections.Generic.KeyNotFoundException: The given key 'Microsoft.VisualStudio.TestPlatform.ObjectModel.DataCollection.DataCollectionContext' was not present in the dictionary.
   at System.Collections.Generic.Dictionary`2.get_Item(TKey key)
   at Microsoft.VisualStudio.TestPlatform.Common.DataCollector.DataCollectionAttachmentManager.GetAttachments(DataCollectionContext dataCollectionContext) 
TpTrace Information: 0 : 14452, 7, 2020/12/07, 12:55:59.081, 999403427, datacollector.dll, DataCollectionTestCaseEventHandler: Test case 'TestKonstruktor - b2f75099-4250-0ffb-b245-28964f22931f' completed
TpTrace Information: 0 : 14452, 7, 2020/12/07, 12:55:59.083, 999417473, datacollector.dll, DataCollectionTestCaseEventHandler: Test case starting.
TpTrace Information: 0 : 14452, 7, 2020/12/07, 12:55:59.083, 999419399, datacollector.dll, Blame Collector : Test Case Start
TpTrace Information: 0 : 14452, 7, 2020/12/07, 12:55:59.083, 999419904, datacollector.dll, DataCollectionTestCaseEventHandler: Test case 'TestZamjenskiObjekat - aef9dec6-1181-fac1-2596-b31421e8da47' started.
TpTrace Information: 0 : 14452, 7, 2020/12/07, 12:55:59.085, 999443200, datacollector.dll, DataCollectionTestCaseEventHandler : Test case completing.
TpTrace Information: 0 : 14452, 7, 2020/12/07, 12:55:59.086, 999445589, datacollector.dll, Blame Collector : Test Case End
TpTrace Error: 0 : 14452, 7, 2020/12/07, 12:55:59.086, 999446409, datacollector.dll, DataCollectionAttachmentManager.GetAttachments: Fail to get attachments: System.Collections.Generic.KeyNotFoundException: The given key 'Microsoft.VisualStudio.TestPlatform.ObjectModel.DataCollection.DataCollectionContext' was not present in the dictionary.
   at System.Collections.Generic.Dictionary`2.get_Item(TKey key)
   at Microsoft.VisualStudio.TestPlatform.Common.DataCollector.DataCollectionAttachmentManager.GetAttachments(DataCollectionContext dataCollectionContext) 
TpTrace Information: 0 : 14452, 7, 2020/12/07, 12:55:59.086, 999446993, datacollector.dll, DataCollectionTestCaseEventHandler: Test case 'TestZamjenskiObjekat - aef9dec6-1181-fac1-2596-b31421e8da47' completed
TpTrace Information: 0 : 14452, 7, 2020/12/07, 12:55:59.086, 999451422, datacollector.dll, DataCollectionTestCaseEventHandler: Test case starting.
TpTrace Information: 0 : 14452, 7, 2020/12/07, 12:55:59.086, 999453344, datacollector.dll, Blame Collector : Test Case Start
TpTrace Information: 0 : 14452, 7, 2020/12/07, 12:55:59.087, 999453920, datacollector.dll, DataCollectionTestCaseEventHandler: Test case 'TestAutomatskiEmail - 7bfe7cec-3afd-95a1-ef27-5b2ddac54a87' started.
TpTrace Information: 0 : 14452, 7, 2020/12/07, 12:55:59.087, 999461338, datacollector.dll, DataCollectionTestCaseEventHandler : Test case completing.
TpTrace Information: 0 : 14452, 7, 2020/12/07, 12:55:59.087, 999463329, datacollector.dll, Blame Collector : Test Case End
TpTrace Error: 0 : 14452, 7, 2020/12/07, 12:55:59.088, 999464114, datacollector.dll, DataCollectionAttachmentManager.GetAttachments: Fail to get attachments: System.Collections.Generic.KeyNotFoundException: The given key 'Microsoft.VisualStudio.TestPlatform.ObjectModel.DataCollection.DataCollectionContext' was not present in the dictionary.
   at System.Collections.Generic.Dictionary`2.get_Item(TKey key)
   at Microsoft.VisualStudio.TestPlatform.Common.DataCollector.DataCollectionAttachmentManager.GetAttachments(DataCollectionContext dataCollectionContext) 
TpTrace Information: 0 : 14452, 7, 2020/12/07, 12:55:59.088, 999464664, datacollector.dll, DataCollectionTestCaseEventHandler: Test case 'TestAutomatskiEmail - 7bfe7cec-3afd-95a1-ef27-5b2ddac54a87' completed
TpTrace Information: 0 : 14452, 7, 2020/12/07, 12:55:59.088, 999468299, datacollector.dll, DataCollectionTestCaseEventHandler: Test case starting.
TpTrace Information: 0 : 14452, 7, 2020/12/07, 12:55:59.088, 999470168, datacollector.dll, Blame Collector : Test Case Start
TpTrace Information: 0 : 14452, 7, 2020/12/07, 12:55:59.088, 999470657, datacollector.dll, DataCollectionTestCaseEventHandler: Test case 'TestAutomatskaSlika - 61ae99f1-39e4-ac22-207d-9a471897e712' started.
TpTrace Information: 0 : 14452, 7, 2020/12/07, 12:55:59.089, 999475518, datacollector.dll, DataCollectionTestCaseEventHandler : Test case completing.
TpTrace Information: 0 : 14452, 7, 2020/12/07, 12:55:59.089, 999477520, datacollector.dll, Blame Collector : Test Case End
TpTrace Error: 0 : 14452, 7, 2020/12/07, 12:55:59.089, 999478252, datacollector.dll, DataCollectionAttachmentManager.GetAttachments: Fail to get attachments: System.Collections.Generic.KeyNotFoundException: The given key 'Microsoft.VisualStudio.TestPlatform.ObjectModel.DataCollection.DataCollectionContext' was not present in the dictionary.
   at System.Collections.Generic.Dictionary`2.get_Item(TKey key)
   at Microsoft.VisualStudio.TestPlatform.Common.DataCollector.DataCollectionAttachmentManager.GetAttachments(DataCollectionContext dataCollectionContext) 
TpTrace Information: 0 : 14452, 7, 2020/12/07, 12:55:59.089, 999478830, datacollector.dll, DataCollectionTestCaseEventHandler: Test case 'TestAutomatskaSlika - 61ae99f1-39e4-ac22-207d-9a471897e712' completed
TpTrace Information: 0 : 14452, 7, 2020/12/07, 12:55:59.089, 999483211, datacollector.dll, DataCollectionTestCaseEventHandler: Test case starting.
TpTrace Information: 0 : 14452, 7, 2020/12/07, 12:55:59.090, 999485831, datacollector.dll, Blame Collector : Test Case Start
TpTrace Information: 0 : 14452, 7, 2020/12/07, 12:55:59.090, 999486622, datacollector.dll, DataCollectionTestCaseEventHandler: Test case 'TestNeispravniPodaci - 2bfec0bd-4dc6-0edd-c337-37aec24c6f3e' started.
TpTrace Information: 0 : 14452, 7, 2020/12/07, 12:55:59.091, 999502515, datacollector.dll, DataCollectionTestCaseEventHandler : Test case completing.
TpTrace Information: 0 : 14452, 7, 2020/12/07, 12:55:59.092, 999504619, datacollector.dll, Blame Collector : Test Case End
TpTrace Error: 0 : 14452, 7, 2020/12/07, 12:55:59.092, 999505629, datacollector.dll, DataCollectionAttachmentManager.GetAttachments: Fail to get attachments: System.Collections.Generic.KeyNotFoundException: The given key 'Microsoft.VisualStudio.TestPlatform.ObjectModel.DataCollection.DataCollectionContext' was not present in the dictionary.
   at System.Collections.Generic.Dictionary`2.get_Item(TKey key)
   at Microsoft.VisualStudio.TestPlatform.Common.DataCollector.DataCollectionAttachmentManager.GetAttachments(DataCollectionContext dataCollectionContext) 
TpTrace Information: 0 : 14452, 7, 2020/12/07, 12:55:59.092, 999506296, datacollector.dll, DataCollectionTestCaseEventHandler: Test case 'TestNeispravniPodaci - 2bfec0bd-4dc6-0edd-c337-37aec24c6f3e' completed
TpTrace Information: 0 : 14452, 7, 2020/12/07, 12:55:59.092, 999510101, datacollector.dll, DataCollectionTestCaseEventHandler: Test case starting.
TpTrace Information: 0 : 14452, 7, 2020/12/07, 12:55:59.092, 999511989, datacollector.dll, Blame Collector : Test Case Start
TpTrace Information: 0 : 14452, 7, 2020/12/07, 12:55:59.092, 999512534, datacollector.dll, DataCollectionTestCaseEventHandler: Test case 'TestDajImePaviljona - f7c1d3df-f6a2-e855-aca0-664d8bb71faf' started.
TpTrace Information: 0 : 14452, 7, 2020/12/07, 12:55:59.093, 999521040, datacollector.dll, DataCollectionTestCaseEventHandler : Test case completing.
TpTrace Information: 0 : 14452, 7, 2020/12/07, 12:55:59.093, 999523270, datacollector.dll, Blame Collector : Test Case End
TpTrace Error: 0 : 14452, 7, 2020/12/07, 12:55:59.094, 999524144, datacollector.dll, DataCollectionAttachmentManager.GetAttachments: Fail to get attachments: System.Collections.Generic.KeyNotFoundException: The given key 'Microsoft.VisualStudio.TestPlatform.ObjectModel.DataCollection.DataCollectionContext' was not present in the dictionary.
   at System.Collections.Generic.Dictionary`2.get_Item(TKey key)
   at Microsoft.VisualStudio.TestPlatform.Common.DataCollector.DataCollectionAttachmentManager.GetAttachments(DataCollectionContext dataCollectionContext) 
TpTrace Information: 0 : 14452, 7, 2020/12/07, 12:55:59.094, 999524770, datacollector.dll, DataCollectionTestCaseEventHandler: Test case 'TestDajImePaviljona - f7c1d3df-f6a2-e855-aca0-664d8bb71faf' completed
TpTrace Information: 0 : 14452, 7, 2020/12/07, 12:55:59.094, 999529786, datacollector.dll, DataCollectionTestCaseEventHandler: Test case starting.
TpTrace Information: 0 : 14452, 7, 2020/12/07, 12:55:59.094, 999531886, datacollector.dll, Blame Collector : Test Case Start
TpTrace Information: 0 : 14452, 7, 2020/12/07, 12:55:59.094, 999532425, datacollector.dll, DataCollectionTestCaseEventHandler: Test case 'TestBrojIndeksaSetter - 8860f3e0-eb5a-5caa-9538-a773c869d3d3' started.
TpTrace Information: 0 : 14452, 7, 2020/12/07, 12:55:59.095, 999541752, datacollector.dll, DataCollectionTestCaseEventHandler : Test case completing.
TpTrace Information: 0 : 14452, 7, 2020/12/07, 12:55:59.096, 999543741, datacollector.dll, Blame Collector : Test Case End
TpTrace Error: 0 : 14452, 7, 2020/12/07, 12:55:59.096, 999544542, datacollector.dll, DataCollectionAttachmentManager.GetAttachments: Fail to get attachments: System.Collections.Generic.KeyNotFoundException: The given key 'Microsoft.VisualStudio.TestPlatform.ObjectModel.DataCollection.DataCollectionContext' was not present in the dictionary.
   at System.Collections.Generic.Dictionary`2.get_Item(TKey key)
   at Microsoft.VisualStudio.TestPlatform.Common.DataCollector.DataCollectionAttachmentManager.GetAttachments(DataCollectionContext dataCollectionContext) 
TpTrace Information: 0 : 14452, 7, 2020/12/07, 12:55:59.096, 999545614, datacollector.dll, DataCollectionTestCaseEventHandler: Test case 'TestBrojIndeksaSetter - 8860f3e0-eb5a-5caa-9538-a773c869d3d3' completed
TpTrace Information: 0 : 14452, 7, 2020/12/07, 12:55:59.096, 999549251, datacollector.dll, DataCollectionTestCaseEventHandler: Test case starting.
TpTrace Information: 0 : 14452, 7, 2020/12/07, 12:55:59.096, 999551177, datacollector.dll, Blame Collector : Test Case Start
TpTrace Information: 0 : 14452, 7, 2020/12/07, 12:55:59.096, 999551719, datacollector.dll, DataCollectionTestCaseEventHandler: Test case 'TestBrojSobeProperty - 221aa964-5a12-236a-f529-fba7e1b08111' started.
TpTrace Information: 0 : 14452, 7, 2020/12/07, 12:55:59.097, 999557584, datacollector.dll, DataCollectionTestCaseEventHandler : Test case completing.
TpTrace Information: 0 : 14452, 7, 2020/12/07, 12:55:59.097, 999559655, datacollector.dll, Blame Collector : Test Case End
TpTrace Error: 0 : 14452, 7, 2020/12/07, 12:55:59.097, 999560610, datacollector.dll, DataCollectionAttachmentManager.GetAttachments: Fail to get attachments: System.Collections.Generic.KeyNotFoundException: The given key 'Microsoft.VisualStudio.TestPlatform.ObjectModel.DataCollection.DataCollectionContext' was not present in the dictionary.
   at System.Collections.Generic.Dictionary`2.get_Item(TKey key)
   at Microsoft.VisualStudio.TestPlatform.Common.DataCollector.DataCollectionAttachmentManager.GetAttachments(DataCollectionContext dataCollectionContext) 
TpTrace Information: 0 : 14452, 7, 2020/12/07, 12:55:59.097, 999561202, datacollector.dll, DataCollectionTestCaseEventHandler: Test case 'TestBrojSobeProperty - 221aa964-5a12-236a-f529-fba7e1b08111' completed
TpTrace Information: 0 : 14452, 7, 2020/12/07, 12:55:59.098, 999564833, datacollector.dll, DataCollectionTestCaseEventHandler: Test case starting.
TpTrace Information: 0 : 14452, 7, 2020/12/07, 12:55:59.098, 999566739, datacollector.dll, Blame Collector : Test Case Start
TpTrace Information: 0 : 14452, 7, 2020/12/07, 12:55:59.098, 999567236, datacollector.dll, DataCollectionTestCaseEventHandler: Test case 'TestIsprazniSobu - 12cfd28c-fb4e-78a6-37e6-acfcbd0262a9' started.
TpTrace Information: 0 : 14452, 7, 2020/12/07, 12:55:59.099, 999574713, datacollector.dll, DataCollectionTestCaseEventHandler : Test case completing.
TpTrace Information: 0 : 14452, 7, 2020/12/07, 12:55:59.099, 999576712, datacollector.dll, Blame Collector : Test Case End
TpTrace Error: 0 : 14452, 7, 2020/12/07, 12:55:59.099, 999577474, datacollector.dll, DataCollectionAttachmentManager.GetAttachments: Fail to get attachments: System.Collections.Generic.KeyNotFoundException: The given key 'Microsoft.VisualStudio.TestPlatform.ObjectModel.DataCollection.DataCollectionContext' was not present in the dictionary.
   at System.Collections.Generic.Dictionary`2.get_Item(TKey key)
   at Microsoft.VisualStudio.TestPlatform.Common.DataCollector.DataCollectionAttachmentManager.GetAttachments(DataCollectionContext dataCollectionContext) 
TpTrace Information: 0 : 14452, 7, 2020/12/07, 12:55:59.099, 999578073, datacollector.dll, DataCollectionTestCaseEventHandler: Test case 'TestIsprazniSobu - 12cfd28c-fb4e-78a6-37e6-acfcbd0262a9' completed
TpTrace Information: 0 : 14452, 7, 2020/12/07, 12:55:59.099, 999581919, datacollector.dll, DataCollectionTestCaseEventHandler: Test case starting.
TpTrace Information: 0 : 14452, 7, 2020/12/07, 12:55:59.100, 999584452, datacollector.dll, Blame Collector : Test Case Start
TpTrace Information: 0 : 14452, 7, 2020/12/07, 12:55:59.100, 999585100, datacollector.dll, DataCollectionTestCaseEventHandler: Test case 'TestDodajStanara - 51f1a6ef-908c-2b82-2c28-a14208a6aa1c' started.
TpTrace Information: 0 : 14452, 7, 2020/12/07, 12:55:59.101, 999596521, datacollector.dll, DataCollectionTestCaseEventHandler : Test case completing.
TpTrace Information: 0 : 14452, 7, 2020/12/07, 12:55:59.101, 999598765, datacollector.dll, Blame Collector : Test Case End
TpTrace Error: 0 : 14452, 7, 2020/12/07, 12:55:59.101, 999599618, datacollector.dll, DataCollectionAttachmentManager.GetAttachments: Fail to get attachments: System.Collections.Generic.KeyNotFoundException: The given key 'Microsoft.VisualStudio.TestPlatform.ObjectModel.DataCollection.DataCollectionContext' was not present in the dictionary.
   at System.Collections.Generic.Dictionary`2.get_Item(TKey key)
   at Microsoft.VisualStudio.TestPlatform.Common.DataCollector.DataCollectionAttachmentManager.GetAttachments(DataCollectionContext dataCollectionContext) 
TpTrace Information: 0 : 14452, 7, 2020/12/07, 12:55:59.101, 999600305, datacollector.dll, DataCollectionTestCaseEventHandler: Test case 'TestDodajStanara - 51f1a6ef-908c-2b82-2c28-a14208a6aa1c' completed
TpTrace Information: 0 : 14452, 7, 2020/12/07, 12:55:59.103, 999614865, datacollector.dll, DataCollectionTestCaseEventHandler: Test case starting.
TpTrace Information: 0 : 14452, 7, 2020/12/07, 12:55:59.103, 999616873, datacollector.dll, Blame Collector : Test Case Start
TpTrace Information: 0 : 14452, 7, 2020/12/07, 12:55:59.103, 999617442, datacollector.dll, DataCollectionTestCaseEventHandler: Test case 'TestIzbaciStudenta - 3fcd92ca-9aad-bf6a-ddd6-451ceeb5ec65' started.
TpTrace Information: 0 : 14452, 7, 2020/12/07, 12:55:59.104, 999627954, datacollector.dll, DataCollectionTestCaseEventHandler : Test case completing.
TpTrace Information: 0 : 14452, 7, 2020/12/07, 12:55:59.104, 999629874, datacollector.dll, Blame Collector : Test Case End
TpTrace Error: 0 : 14452, 7, 2020/12/07, 12:55:59.104, 999630618, datacollector.dll, DataCollectionAttachmentManager.GetAttachments: Fail to get attachments: System.Collections.Generic.KeyNotFoundException: The given key 'Microsoft.VisualStudio.TestPlatform.ObjectModel.DataCollection.DataCollectionContext' was not present in the dictionary.
   at System.Collections.Generic.Dictionary`2.get_Item(TKey key)
   at Microsoft.VisualStudio.TestPlatform.Common.DataCollector.DataCollectionAttachmentManager.GetAttachments(DataCollectionContext dataCollectionContext) 
TpTrace Information: 0 : 14452, 7, 2020/12/07, 12:55:59.104, 999631217, datacollector.dll, DataCollectionTestCaseEventHandler: Test case 'TestIzbaciStudenta - 3fcd92ca-9aad-bf6a-ddd6-451ceeb5ec65' completed
TpTrace Information: 0 : 14452, 7, 2020/12/07, 12:55:59.105, 999635070, datacollector.dll, DataCollectionTestCaseEventHandler: Test case starting.
TpTrace Information: 0 : 14452, 7, 2020/12/07, 12:55:59.105, 999637039, datacollector.dll, Blame Collector : Test Case Start
TpTrace Information: 0 : 14452, 7, 2020/12/07, 12:55:59.105, 999637559, datacollector.dll, DataCollectionTestCaseEventHandler: Test case 'TestPremjestajStudenta1 - 8267f302-6c52-84cc-599a-8b99cd1b8652' started.
TpTrace Information: 0 : 14452, 7, 2020/12/07, 12:55:59.106, 999650773, datacollector.dll, DataCollectionTestCaseEventHandler : Test case completing.
TpTrace Information: 0 : 14452, 7, 2020/12/07, 12:55:59.106, 999653139, datacollector.dll, Blame Collector : Test Case End
TpTrace Error: 0 : 14452, 7, 2020/12/07, 12:55:59.107, 999654093, datacollector.dll, DataCollectionAttachmentManager.GetAttachments: Fail to get attachments: System.Collections.Generic.KeyNotFoundException: The given key 'Microsoft.VisualStudio.TestPlatform.ObjectModel.DataCollection.DataCollectionContext' was not present in the dictionary.
   at System.Collections.Generic.Dictionary`2.get_Item(TKey key)
   at Microsoft.VisualStudio.TestPlatform.Common.DataCollector.DataCollectionAttachmentManager.GetAttachments(DataCollectionContext dataCollectionContext) 
TpTrace Information: 0 : 14452, 7, 2020/12/07, 12:55:59.107, 999654748, datacollector.dll, DataCollectionTestCaseEventHandler: Test case 'TestPremjestajStudenta1 - 8267f302-6c52-84cc-599a-8b99cd1b8652' completed
TpTrace Information: 0 : 14452, 7, 2020/12/07, 12:55:59.107, 999658487, datacollector.dll, DataCollectionTestCaseEventHandler: Test case starting.
TpTrace Information: 0 : 14452, 7, 2020/12/07, 12:55:59.107, 999660450, datacollector.dll, Blame Collector : Test Case Start
TpTrace Information: 0 : 14452, 7, 2020/12/07, 12:55:59.107, 999660986, datacollector.dll, DataCollectionTestCaseEventHandler: Test case 'TestPremjestajStudenta2 - d8d56b4a-bbb0-c11e-27b0-e49c5ab37e9b' started.
TpTrace Information: 0 : 14452, 7, 2020/12/07, 12:55:59.109, 999674339, datacollector.dll, DataCollectionTestCaseEventHandler : Test case completing.
TpTrace Information: 0 : 14452, 7, 2020/12/07, 12:55:59.109, 999676390, datacollector.dll, Blame Collector : Test Case End
TpTrace Error: 0 : 14452, 7, 2020/12/07, 12:55:59.109, 999677248, datacollector.dll, DataCollectionAttachmentManager.GetAttachments: Fail to get attachments: System.Collections.Generic.KeyNotFoundException: The given key 'Microsoft.VisualStudio.TestPlatform.ObjectModel.DataCollection.DataCollectionContext' was not present in the dictionary.
   at System.Collections.Generic.Dictionary`2.get_Item(TKey key)
   at Microsoft.VisualStudio.TestPlatform.Common.DataCollector.DataCollectionAttachmentManager.GetAttachments(DataCollectionContext dataCollectionContext) 
TpTrace Information: 0 : 14452, 7, 2020/12/07, 12:55:59.109, 999677808, datacollector.dll, DataCollectionTestCaseEventHandler: Test case 'TestPremjestajStudenta2 - d8d56b4a-bbb0-c11e-27b0-e49c5ab37e9b' completed
TpTrace Information: 0 : 14452, 7, 2020/12/07, 12:55:59.109, 999682208, datacollector.dll, DataCollectionTestCaseEventHandler: Test case starting.
TpTrace Information: 0 : 14452, 7, 2020/12/07, 12:55:59.110, 999684212, datacollector.dll, Blame Collector : Test Case Start
TpTrace Information: 0 : 14452, 7, 2020/12/07, 12:55:59.110, 999684728, datacollector.dll, DataCollectionTestCaseEventHandler: Test case 'TestPremjestajStudenta3 - 0a5b0391-ddd7-db9b-aaea-543e8f5ef71f' started.
TpTrace Information: 0 : 14452, 7, 2020/12/07, 12:55:59.110, 999692970, datacollector.dll, DataCollectionTestCaseEventHandler : Test case completing.
TpTrace Information: 0 : 14452, 7, 2020/12/07, 12:55:59.111, 999694953, datacollector.dll, Blame Collector : Test Case End
TpTrace Error: 0 : 14452, 7, 2020/12/07, 12:55:59.111, 999695682, datacollector.dll, DataCollectionAttachmentManager.GetAttachments: Fail to get attachments: System.Collections.Generic.KeyNotFoundException: The given key 'Microsoft.VisualStudio.TestPlatform.ObjectModel.DataCollection.DataCollectionContext' was not present in the dictionary.
   at System.Collections.Generic.Dictionary`2.get_Item(TKey key)
   at Microsoft.VisualStudio.TestPlatform.Common.DataCollector.DataCollectionAttachmentManager.GetAttachments(DataCollectionContext dataCollectionContext) 
TpTrace Information: 0 : 14452, 7, 2020/12/07, 12:55:59.111, 999696264, datacollector.dll, DataCollectionTestCaseEventHandler: Test case 'TestPremjestajStudenta3 - 0a5b0391-ddd7-db9b-aaea-543e8f5ef71f' completed
TpTrace Information: 0 : 14452, 7, 2020/12/07, 12:55:59.111, 999700000, datacollector.dll, DataCollectionTestCaseEventHandler: Test case starting.
TpTrace Information: 0 : 14452, 7, 2020/12/07, 12:55:59.113, 999722522, datacollector.dll, Blame Collector : Test Case Start
TpTrace Information: 0 : 14452, 7, 2020/12/07, 12:55:59.113, 999723170, datacollector.dll, DataCollectionTestCaseEventHandler: Test case 'TestKonstruktor - 62dfb4b5-38a6-8734-5883-b23bd5e832fa' started.
TpTrace Information: 0 : 14452, 7, 2020/12/07, 12:55:59.114, 999728886, datacollector.dll, DataCollectionTestCaseEventHandler : Test case completing.
TpTrace Information: 0 : 14452, 7, 2020/12/07, 12:55:59.114, 999731277, datacollector.dll, Blame Collector : Test Case End
TpTrace Error: 0 : 14452, 7, 2020/12/07, 12:55:59.114, 999732381, datacollector.dll, DataCollectionAttachmentManager.GetAttachments: Fail to get attachments: System.Collections.Generic.KeyNotFoundException: The given key 'Microsoft.VisualStudio.TestPlatform.ObjectModel.DataCollection.DataCollectionContext' was not present in the dictionary.
   at System.Collections.Generic.Dictionary`2.get_Item(TKey key)
   at Microsoft.VisualStudio.TestPlatform.Common.DataCollector.DataCollectionAttachmentManager.GetAttachments(DataCollectionContext dataCollectionContext) 
TpTrace Information: 0 : 14452, 7, 2020/12/07, 12:55:59.114, 999733030, datacollector.dll, DataCollectionTestCaseEventHandler: Test case 'TestKonstruktor - 62dfb4b5-38a6-8734-5883-b23bd5e832fa' completed
TpTrace Information: 0 : 14452, 7, 2020/12/07, 12:55:59.115, 999737190, datacollector.dll, DataCollectionTestCaseEventHandler: Test case starting.
TpTrace Information: 0 : 14452, 7, 2020/12/07, 12:55:59.115, 999739424, datacollector.dll, Blame Collector : Test Case Start
TpTrace Information: 0 : 14452, 7, 2020/12/07, 12:55:59.115, 999740039, datacollector.dll, DataCollectionTestCaseEventHandler: Test case 'TestPropertya - 065ee364-7364-7195-2611-5157734ac425' started.
TpTrace Information: 0 : 14452, 7, 2020/12/07, 12:55:59.116, 999745449, datacollector.dll, DataCollectionTestCaseEventHandler : Test case completing.
TpTrace Information: 0 : 14452, 7, 2020/12/07, 12:55:59.116, 999747273, datacollector.dll, Blame Collector : Test Case End
TpTrace Error: 0 : 14452, 7, 2020/12/07, 12:55:59.116, 999748132, datacollector.dll, DataCollectionAttachmentManager.GetAttachments: Fail to get attachments: System.Collections.Generic.KeyNotFoundException: The given key 'Microsoft.VisualStudio.TestPlatform.ObjectModel.DataCollection.DataCollectionContext' was not present in the dictionary.
   at System.Collections.Generic.Dictionary`2.get_Item(TKey key)
   at Microsoft.VisualStudio.TestPlatform.Common.DataCollector.DataCollectionAttachmentManager.GetAttachments(DataCollectionContext dataCollectionContext) 
TpTrace Information: 0 : 14452, 7, 2020/12/07, 12:55:59.116, 999748728, datacollector.dll, DataCollectionTestCaseEventHandler: Test case 'TestPropertya - 065ee364-7364-7195-2611-5157734ac425' completed
TpTrace Information: 0 : 14452, 7, 2020/12/07, 12:55:59.117, 999759274, datacollector.dll, DataCollectionTestCaseEventHandler: Test case starting.
TpTrace Information: 0 : 14452, 7, 2020/12/07, 12:55:59.117, 999761154, datacollector.dll, Blame Collector : Test Case Start
TpTrace Information: 0 : 14452, 7, 2020/12/07, 12:55:59.117, 999761680, datacollector.dll, DataCollectionTestCaseEventHandler: Test case 'TestGeneriiSljedeiBroj - 03df6879-c4ac-1eb1-18e6-f6940d0633d1' started.
TpTrace Information: 0 : 14452, 7, 2020/12/07, 12:55:59.118, 999768407, datacollector.dll, DataCollectionTestCaseEventHandler : Test case completing.
TpTrace Information: 0 : 14452, 7, 2020/12/07, 12:55:59.118, 999770307, datacollector.dll, Blame Collector : Test Case End
TpTrace Error: 0 : 14452, 7, 2020/12/07, 12:55:59.118, 999771037, datacollector.dll, DataCollectionAttachmentManager.GetAttachments: Fail to get attachments: System.Collections.Generic.KeyNotFoundException: The given key 'Microsoft.VisualStudio.TestPlatform.ObjectModel.DataCollection.DataCollectionContext' was not present in the dictionary.
   at System.Collections.Generic.Dictionary`2.get_Item(TKey key)
   at Microsoft.VisualStudio.TestPlatform.Common.DataCollector.DataCollectionAttachmentManager.GetAttachments(DataCollectionContext dataCollectionContext) 
TpTrace Information: 0 : 14452, 7, 2020/12/07, 12:55:59.118, 999771605, datacollector.dll, DataCollectionTestCaseEventHandler: Test case 'TestGeneriiSljedeiBroj - 03df6879-c4ac-1eb1-18e6-f6940d0633d1' completed
TpTrace Information: 0 : 14452, 7, 2020/12/07, 12:55:59.119, 999775413, datacollector.dll, DataCollectionTestCaseEventHandler: Test case starting.
TpTrace Information: 0 : 14452, 7, 2020/12/07, 12:55:59.119, 999777238, datacollector.dll, Blame Collector : Test Case Start
TpTrace Information: 0 : 14452, 7, 2020/12/07, 12:55:59.119, 999777740, datacollector.dll, DataCollectionTestCaseEventHandler: Test case 'TestRadSaStudentom0 - ffe5daa5-4691-82f9-b235-11444fcbca77' started.
TpTrace Information: 0 : 14452, 7, 2020/12/07, 12:55:59.120, 999785664, datacollector.dll, DataCollectionTestCaseEventHandler : Test case completing.
TpTrace Information: 0 : 14452, 7, 2020/12/07, 12:55:59.120, 999787489, datacollector.dll, Blame Collector : Test Case End
TpTrace Error: 0 : 14452, 7, 2020/12/07, 12:55:59.120, 999788187, datacollector.dll, DataCollectionAttachmentManager.GetAttachments: Fail to get attachments: System.Collections.Generic.KeyNotFoundException: The given key 'Microsoft.VisualStudio.TestPlatform.ObjectModel.DataCollection.DataCollectionContext' was not present in the dictionary.
   at System.Collections.Generic.Dictionary`2.get_Item(TKey key)
   at Microsoft.VisualStudio.TestPlatform.Common.DataCollector.DataCollectionAttachmentManager.GetAttachments(DataCollectionContext dataCollectionContext) 
TpTrace Information: 0 : 14452, 7, 2020/12/07, 12:55:59.120, 999788746, datacollector.dll, DataCollectionTestCaseEventHandler: Test case 'TestRadSaStudentom0 - ffe5daa5-4691-82f9-b235-11444fcbca77' completed
TpTrace Information: 0 : 14452, 7, 2020/12/07, 12:55:59.120, 999792446, datacollector.dll, DataCollectionTestCaseEventHandler: Test case starting.
TpTrace Information: 0 : 14452, 7, 2020/12/07, 12:55:59.121, 999794544, datacollector.dll, Blame Collector : Test Case Start
TpTrace Information: 0 : 14452, 7, 2020/12/07, 12:55:59.121, 999795066, datacollector.dll, DataCollectionTestCaseEventHandler: Test case 'TestRadSaStudentom1 - bdf9849f-abd5-6306-8cb7-2d6dfbf5ab51' started.
TpTrace Information: 0 : 14452, 7, 2020/12/07, 12:55:59.122, 999803559, datacollector.dll, DataCollectionTestCaseEventHandler : Test case completing.
TpTrace Information: 0 : 14452, 7, 2020/12/07, 12:55:59.122, 999805362, datacollector.dll, Blame Collector : Test Case End
TpTrace Error: 0 : 14452, 7, 2020/12/07, 12:55:59.122, 999806103, datacollector.dll, DataCollectionAttachmentManager.GetAttachments: Fail to get attachments: System.Collections.Generic.KeyNotFoundException: The given key 'Microsoft.VisualStudio.TestPlatform.ObjectModel.DataCollection.DataCollectionContext' was not present in the dictionary.
   at System.Collections.Generic.Dictionary`2.get_Item(TKey key)
   at Microsoft.VisualStudio.TestPlatform.Common.DataCollector.DataCollectionAttachmentManager.GetAttachments(DataCollectionContext dataCollectionContext) 
TpTrace Information: 0 : 14452, 7, 2020/12/07, 12:55:59.122, 999806681, datacollector.dll, DataCollectionTestCaseEventHandler: Test case 'TestRadSaStudentom1 - bdf9849f-abd5-6306-8cb7-2d6dfbf5ab51' completed
TpTrace Information: 0 : 14452, 7, 2020/12/07, 12:55:59.123, 999821951, datacollector.dll, DataCollectionTestCaseEventHandler: Test case starting.
TpTrace Information: 0 : 14452, 7, 2020/12/07, 12:55:59.124, 999824187, datacollector.dll, Blame Collector : Test Case Start
TpTrace Information: 0 : 14452, 7, 2020/12/07, 12:55:59.124, 999824841, datacollector.dll, DataCollectionTestCaseEventHandler: Test case 'TestRadSaStudentom2 - dfeba245-f11f-dcf8-34d6-cabc9f443d8c' started.
TpTrace Information: 0 : 14452, 7, 2020/12/07, 12:55:59.124, 999832687, datacollector.dll, DataCollectionTestCaseEventHandler : Test case completing.
TpTrace Information: 0 : 14452, 7, 2020/12/07, 12:55:59.125, 999834809, datacollector.dll, Blame Collector : Test Case End
TpTrace Error: 0 : 14452, 7, 2020/12/07, 12:55:59.125, 999835573, datacollector.dll, DataCollectionAttachmentManager.GetAttachments: Fail to get attachments: System.Collections.Generic.KeyNotFoundException: The given key 'Microsoft.VisualStudio.TestPlatform.ObjectModel.DataCollection.DataCollectionContext' was not present in the dictionary.
   at System.Collections.Generic.Dictionary`2.get_Item(TKey key)
   at Microsoft.VisualStudio.TestPlatform.Common.DataCollector.DataCollectionAttachmentManager.GetAttachments(DataCollectionContext dataCollectionContext) 
TpTrace Information: 0 : 14452, 7, 2020/12/07, 12:55:59.125, 999836159, datacollector.dll, DataCollectionTestCaseEventHandler: Test case 'TestRadSaStudentom2 - dfeba245-f11f-dcf8-34d6-cabc9f443d8c' completed
TpTrace Information: 0 : 14452, 7, 2020/12/07, 12:55:59.125, 999839886, datacollector.dll, DataCollectionTestCaseEventHandler: Test case starting.
TpTrace Information: 0 : 14452, 7, 2020/12/07, 12:55:59.125, 999841862, datacollector.dll, Blame Collector : Test Case Start
TpTrace Information: 0 : 14452, 7, 2020/12/07, 12:55:59.125, 999842370, datacollector.dll, DataCollectionTestCaseEventHandler: Test case 'TestUpisUDom1 - c9ca4b6a-86cb-434a-39a7-04bab3724133' started.
TpTrace Information: 0 : 14452, 7, 2020/12/07, 12:55:59.126, 999849044, datacollector.dll, DataCollectionTestCaseEventHandler : Test case completing.
TpTrace Information: 0 : 14452, 7, 2020/12/07, 12:55:59.126, 999851134, datacollector.dll, Blame Collector : Test Case End
TpTrace Error: 0 : 14452, 7, 2020/12/07, 12:55:59.126, 999851990, datacollector.dll, DataCollectionAttachmentManager.GetAttachments: Fail to get attachments: System.Collections.Generic.KeyNotFoundException: The given key 'Microsoft.VisualStudio.TestPlatform.ObjectModel.DataCollection.DataCollectionContext' was not present in the dictionary.
   at System.Collections.Generic.Dictionary`2.get_Item(TKey key)
   at Microsoft.VisualStudio.TestPlatform.Common.DataCollector.DataCollectionAttachmentManager.GetAttachments(DataCollectionContext dataCollectionContext) 
TpTrace Information: 0 : 14452, 7, 2020/12/07, 12:55:59.126, 999852623, datacollector.dll, DataCollectionTestCaseEventHandler: Test case 'TestUpisUDom1 - c9ca4b6a-86cb-434a-39a7-04bab3724133' completed
TpTrace Information: 0 : 14452, 7, 2020/12/07, 12:55:59.127, 999857030, datacollector.dll, DataCollectionTestCaseEventHandler: Test case starting.
TpTrace Information: 0 : 14452, 7, 2020/12/07, 12:55:59.127, 999858947, datacollector.dll, Blame Collector : Test Case Start
TpTrace Information: 0 : 14452, 7, 2020/12/07, 12:55:59.127, 999859477, datacollector.dll, DataCollectionTestCaseEventHandler: Test case 'TestUpisUDom2 - 18dde9d0-6774-cb56-d73b-64c865849c3c' started.
TpTrace Information: 0 : 14452, 7, 2020/12/07, 12:55:59.128, 999866556, datacollector.dll, DataCollectionTestCaseEventHandler : Test case completing.
TpTrace Information: 0 : 14452, 7, 2020/12/07, 12:55:59.128, 999868539, datacollector.dll, Blame Collector : Test Case End
TpTrace Error: 0 : 14452, 7, 2020/12/07, 12:55:59.128, 999869314, datacollector.dll, DataCollectionAttachmentManager.GetAttachments: Fail to get attachments: System.Collections.Generic.KeyNotFoundException: The given key 'Microsoft.VisualStudio.TestPlatform.ObjectModel.DataCollection.DataCollectionContext' was not present in the dictionary.
   at System.Collections.Generic.Dictionary`2.get_Item(TKey key)
   at Microsoft.VisualStudio.TestPlatform.Common.DataCollector.DataCollectionAttachmentManager.GetAttachments(DataCollectionContext dataCollectionContext) 
TpTrace Information: 0 : 14452, 7, 2020/12/07, 12:55:59.128, 999869876, datacollector.dll, DataCollectionTestCaseEventHandler: Test case 'TestUpisUDom2 - 18dde9d0-6774-cb56-d73b-64c865849c3c' completed
TpTrace Information: 0 : 14452, 7, 2020/12/07, 12:55:59.129, 999873526, datacollector.dll, DataCollectionTestCaseEventHandler: Test case starting.
TpTrace Information: 0 : 14452, 7, 2020/12/07, 12:55:59.129, 999875715, datacollector.dll, Blame Collector : Test Case Start
TpTrace Information: 0 : 14452, 7, 2020/12/07, 12:55:59.129, 999876249, datacollector.dll, DataCollectionTestCaseEventHandler: Test case 'TestUpisUDom3 - 49e7d89e-f498-b099-7a53-de1a1853988a' started.
TpTrace Information: 0 : 14452, 7, 2020/12/07, 12:55:59.129, 999882671, datacollector.dll, DataCollectionTestCaseEventHandler : Test case completing.
TpTrace Information: 0 : 14452, 7, 2020/12/07, 12:55:59.130, 999884786, datacollector.dll, Blame Collector : Test Case End
TpTrace Error: 0 : 14452, 7, 2020/12/07, 12:55:59.130, 999885541, datacollector.dll, DataCollectionAttachmentManager.GetAttachments: Fail to get attachments: System.Collections.Generic.KeyNotFoundException: The given key 'Microsoft.VisualStudio.TestPlatform.ObjectModel.DataCollection.DataCollectionContext' was not present in the dictionary.
   at System.Collections.Generic.Dictionary`2.get_Item(TKey key)
   at Microsoft.VisualStudio.TestPlatform.Common.DataCollector.DataCollectionAttachmentManager.GetAttachments(DataCollectionContext dataCollectionContext) 
TpTrace Information: 0 : 14452, 7, 2020/12/07, 12:55:59.130, 999886131, datacollector.dll, DataCollectionTestCaseEventHandler: Test case 'TestUpisUDom3 - 49e7d89e-f498-b099-7a53-de1a1853988a' completed
TpTrace Information: 0 : 14452, 7, 2020/12/07, 12:55:59.130, 999889992, datacollector.dll, DataCollectionTestCaseEventHandler: Test case starting.
TpTrace Information: 0 : 14452, 7, 2020/12/07, 12:55:59.130, 999891942, datacollector.dll, Blame Collector : Test Case Start
TpTrace Information: 0 : 14452, 7, 2020/12/07, 12:55:59.130, 999892469, datacollector.dll, DataCollectionTestCaseEventHandler: Test case 'TestDajStudenteIzPaviljona - c145be6f-7641-2786-46d8-81670ceb2153' started.
TpTrace Information: 0 : 14452, 7, 2020/12/07, 12:55:59.131, 999900372, datacollector.dll, DataCollectionTestCaseEventHandler : Test case completing.
TpTrace Information: 0 : 14452, 7, 2020/12/07, 12:55:59.131, 999902229, datacollector.dll, Blame Collector : Test Case End
TpTrace Error: 0 : 14452, 7, 2020/12/07, 12:55:59.131, 999902953, datacollector.dll, DataCollectionAttachmentManager.GetAttachments: Fail to get attachments: System.Collections.Generic.KeyNotFoundException: The given key 'Microsoft.VisualStudio.TestPlatform.ObjectModel.DataCollection.DataCollectionContext' was not present in the dictionary.
   at System.Collections.Generic.Dictionary`2.get_Item(TKey key)
   at Microsoft.VisualStudio.TestPlatform.Common.DataCollector.DataCollectionAttachmentManager.GetAttachments(DataCollectionContext dataCollectionContext) 
TpTrace Information: 0 : 14452, 7, 2020/12/07, 12:55:59.132, 999903536, datacollector.dll, DataCollectionTestCaseEventHandler: Test case 'TestDajStudenteIzPaviljona - c145be6f-7641-2786-46d8-81670ceb2153' completed
TpTrace Information: 0 : 14452, 7, 2020/12/07, 12:55:59.132, 999907334, datacollector.dll, DataCollectionTestCaseEventHandler: Test case starting.
TpTrace Information: 0 : 14452, 7, 2020/12/07, 12:55:59.132, 999909131, datacollector.dll, Blame Collector : Test Case Start
TpTrace Information: 0 : 14452, 7, 2020/12/07, 12:55:59.132, 999909628, datacollector.dll, DataCollectionTestCaseEventHandler: Test case 'TestStudentKonstruktor - 1875bd61-a600-e508-7f7c-53cc7104feb6' started.
TpTrace Information: 0 : 14452, 7, 2020/12/07, 12:55:59.133, 999920384, datacollector.dll, DataCollectionTestCaseEventHandler : Test case completing.
TpTrace Information: 0 : 14452, 7, 2020/12/07, 12:55:59.133, 999922204, datacollector.dll, Blame Collector : Test Case End
TpTrace Error: 0 : 14452, 7, 2020/12/07, 12:55:59.133, 999922925, datacollector.dll, DataCollectionAttachmentManager.GetAttachments: Fail to get attachments: System.Collections.Generic.KeyNotFoundException: The given key 'Microsoft.VisualStudio.TestPlatform.ObjectModel.DataCollection.DataCollectionContext' was not present in the dictionary.
   at System.Collections.Generic.Dictionary`2.get_Item(TKey key)
   at Microsoft.VisualStudio.TestPlatform.Common.DataCollector.DataCollectionAttachmentManager.GetAttachments(DataCollectionContext dataCollectionContext) 
TpTrace Information: 0 : 14452, 7, 2020/12/07, 12:55:59.134, 999923506, datacollector.dll, DataCollectionTestCaseEventHandler: Test case 'TestStudentKonstruktor - 1875bd61-a600-e508-7f7c-53cc7104feb6' completed
TpTrace Information: 0 : 14452, 7, 2020/12/07, 12:55:59.134, 999927171, datacollector.dll, DataCollectionTestCaseEventHandler: Test case starting.
TpTrace Information: 0 : 14452, 7, 2020/12/07, 12:55:59.134, 999928995, datacollector.dll, Blame Collector : Test Case Start
TpTrace Information: 0 : 14452, 7, 2020/12/07, 12:55:59.134, 999929499, datacollector.dll, DataCollectionTestCaseEventHandler: Test case 'TestDajHashiraniPassword_1 - 35162b77-1d7b-2d4c-d307-3ee671edbd47' started.
TpTrace Information: 0 : 14452, 7, 2020/12/07, 12:55:59.135, 999935510, datacollector.dll, DataCollectionTestCaseEventHandler : Test case completing.
TpTrace Information: 0 : 14452, 7, 2020/12/07, 12:55:59.135, 999937682, datacollector.dll, Blame Collector : Test Case End
TpTrace Error: 0 : 14452, 7, 2020/12/07, 12:55:59.135, 999938499, datacollector.dll, DataCollectionAttachmentManager.GetAttachments: Fail to get attachments: System.Collections.Generic.KeyNotFoundException: The given key 'Microsoft.VisualStudio.TestPlatform.ObjectModel.DataCollection.DataCollectionContext' was not present in the dictionary.
   at System.Collections.Generic.Dictionary`2.get_Item(TKey key)
   at Microsoft.VisualStudio.TestPlatform.Common.DataCollector.DataCollectionAttachmentManager.GetAttachments(DataCollectionContext dataCollectionContext) 
TpTrace Information: 0 : 14452, 7, 2020/12/07, 12:55:59.135, 999939079, datacollector.dll, DataCollectionTestCaseEventHandler: Test case 'TestDajHashiraniPassword_1 - 35162b77-1d7b-2d4c-d307-3ee671edbd47' completed
TpTrace Information: 0 : 14452, 7, 2020/12/07, 12:55:59.135, 999942929, datacollector.dll, DataCollectionTestCaseEventHandler: Test case starting.
TpTrace Information: 0 : 14452, 7, 2020/12/07, 12:55:59.136, 999944787, datacollector.dll, Blame Collector : Test Case Start
TpTrace Information: 0 : 14452, 7, 2020/12/07, 12:55:59.136, 999945297, datacollector.dll, DataCollectionTestCaseEventHandler: Test case 'TestDajHashiraniPassword_2 - b26149f8-69a6-8fc8-7f5a-1bd599589938' started.
TpTrace Information: 0 : 14452, 7, 2020/12/07, 12:55:59.136, 999950558, datacollector.dll, DataCollectionTestCaseEventHandler : Test case completing.
TpTrace Information: 0 : 14452, 7, 2020/12/07, 12:55:59.136, 999952392, datacollector.dll, Blame Collector : Test Case End
TpTrace Error: 0 : 14452, 7, 2020/12/07, 12:55:59.136, 999953118, datacollector.dll, DataCollectionAttachmentManager.GetAttachments: Fail to get attachments: System.Collections.Generic.KeyNotFoundException: The given key 'Microsoft.VisualStudio.TestPlatform.ObjectModel.DataCollection.DataCollectionContext' was not present in the dictionary.
   at System.Collections.Generic.Dictionary`2.get_Item(TKey key)
   at Microsoft.VisualStudio.TestPlatform.Common.DataCollector.DataCollectionAttachmentManager.GetAttachments(DataCollectionContext dataCollectionContext) 
TpTrace Information: 0 : 14452, 7, 2020/12/07, 12:55:59.137, 999953688, datacollector.dll, DataCollectionTestCaseEventHandler: Test case 'TestDajHashiraniPassword_2 - b26149f8-69a6-8fc8-7f5a-1bd599589938' completed
TpTrace Information: 0 : 14452, 7, 2020/12/07, 12:55:59.137, 999957738, datacollector.dll, DataCollectionTestCaseEventHandler: Test case starting.
TpTrace Information: 0 : 14452, 7, 2020/12/07, 12:55:59.137, 999959639, datacollector.dll, Blame Collector : Test Case Start
TpTrace Information: 0 : 14452, 7, 2020/12/07, 12:55:59.137, 999960195, datacollector.dll, DataCollectionTestCaseEventHandler: Test case 'TestPreiNaSljedeuGodinu1 - 3f5de4f6-a747-a1aa-17c8-6758b5eeff1f' started.
TpTrace Information: 0 : 14452, 7, 2020/12/07, 12:55:59.138, 999968329, datacollector.dll, DataCollectionTestCaseEventHandler : Test case completing.
TpTrace Information: 0 : 14452, 7, 2020/12/07, 12:55:59.138, 999970218, datacollector.dll, Blame Collector : Test Case End
TpTrace Error: 0 : 14452, 7, 2020/12/07, 12:55:59.138, 999970951, datacollector.dll, DataCollectionAttachmentManager.GetAttachments: Fail to get attachments: System.Collections.Generic.KeyNotFoundException: The given key 'Microsoft.VisualStudio.TestPlatform.ObjectModel.DataCollection.DataCollectionContext' was not present in the dictionary.
   at System.Collections.Generic.Dictionary`2.get_Item(TKey key)
   at Microsoft.VisualStudio.TestPlatform.Common.DataCollector.DataCollectionAttachmentManager.GetAttachments(DataCollectionContext dataCollectionContext) 
TpTrace Information: 0 : 14452, 7, 2020/12/07, 12:55:59.138, 999971530, datacollector.dll, DataCollectionTestCaseEventHandler: Test case 'TestPreiNaSljedeuGodinu1 - 3f5de4f6-a747-a1aa-17c8-6758b5eeff1f' completed
TpTrace Information: 0 : 14452, 7, 2020/12/07, 12:55:59.140, 999989865, datacollector.dll, DataCollectionTestCaseEventHandler: Test case starting.
TpTrace Information: 0 : 14452, 7, 2020/12/07, 12:55:59.140, 999991746, datacollector.dll, Blame Collector : Test Case Start
TpTrace Information: 0 : 14452, 7, 2020/12/07, 12:55:59.140, 999992261, datacollector.dll, DataCollectionTestCaseEventHandler: Test case 'TestPlacanje1 - c0031a24-8950-7569-689d-04335b19a950' started.
TpTrace Information: 0 : 14452, 7, 2020/12/07, 12:55:59.141, 1000001325, datacollector.dll, DataCollectionTestCaseEventHandler : Test case completing.
TpTrace Information: 0 : 14452, 7, 2020/12/07, 12:55:59.141, 1000003142, datacollector.dll, Blame Collector : Test Case End
TpTrace Error: 0 : 14452, 7, 2020/12/07, 12:55:59.142, 1000003868, datacollector.dll, DataCollectionAttachmentManager.GetAttachments: Fail to get attachments: System.Collections.Generic.KeyNotFoundException: The given key 'Microsoft.VisualStudio.TestPlatform.ObjectModel.DataCollection.DataCollectionContext' was not present in the dictionary.
   at System.Collections.Generic.Dictionary`2.get_Item(TKey key)
   at Microsoft.VisualStudio.TestPlatform.Common.DataCollector.DataCollectionAttachmentManager.GetAttachments(DataCollectionContext dataCollectionContext) 
TpTrace Information: 0 : 14452, 7, 2020/12/07, 12:55:59.142, 1000004448, datacollector.dll, DataCollectionTestCaseEventHandler: Test case 'TestPlacanje1 - c0031a24-8950-7569-689d-04335b19a950' completed
TpTrace Information: 0 : 14452, 7, 2020/12/07, 12:55:59.142, 1000008383, datacollector.dll, DataCollectionTestCaseEventHandler: Test case starting.
TpTrace Information: 0 : 14452, 7, 2020/12/07, 12:55:59.142, 1000010398, datacollector.dll, Blame Collector : Test Case Start
TpTrace Information: 0 : 14452, 7, 2020/12/07, 12:55:59.142, 1000010946, datacollector.dll, DataCollectionTestCaseEventHandler: Test case 'TestPlacanje2 - 91a77a36-f0dd-03dd-4ab6-5415c566b645' started.
TpTrace Information: 0 : 14452, 7, 2020/12/07, 12:55:59.143, 1000018037, datacollector.dll, DataCollectionTestCaseEventHandler : Test case completing.
TpTrace Information: 0 : 14452, 7, 2020/12/07, 12:55:59.143, 1000019958, datacollector.dll, Blame Collector : Test Case End
TpTrace Error: 0 : 14452, 7, 2020/12/07, 12:55:59.143, 1000020660, datacollector.dll, DataCollectionAttachmentManager.GetAttachments: Fail to get attachments: System.Collections.Generic.KeyNotFoundException: The given key 'Microsoft.VisualStudio.TestPlatform.ObjectModel.DataCollection.DataCollectionContext' was not present in the dictionary.
   at System.Collections.Generic.Dictionary`2.get_Item(TKey key)
   at Microsoft.VisualStudio.TestPlatform.Common.DataCollector.DataCollectionAttachmentManager.GetAttachments(DataCollectionContext dataCollectionContext) 
TpTrace Information: 0 : 14452, 7, 2020/12/07, 12:55:59.143, 1000021221, datacollector.dll, DataCollectionTestCaseEventHandler: Test case 'TestPlacanje2 - 91a77a36-f0dd-03dd-4ab6-5415c566b645' completed
TpTrace Information: 0 : 14452, 7, 2020/12/07, 12:55:59.144, 1000025578, datacollector.dll, DataCollectionTestCaseEventHandler: Test case starting.
TpTrace Information: 0 : 14452, 7, 2020/12/07, 12:55:59.144, 1000028305, datacollector.dll, Blame Collector : Test Case Start
TpTrace Information: 0 : 14452, 7, 2020/12/07, 12:55:59.144, 1000029003, datacollector.dll, DataCollectionTestCaseEventHandler: Test case 'TestPremjestajStudenta1 - 2bfb3dd9-2bd0-b9d7-be26-aed88668c2b7' started.
TpTrace Information: 0 : 14452, 7, 2020/12/07, 12:55:59.145, 1000036505, datacollector.dll, DataCollectionTestCaseEventHandler : Test case completing.
TpTrace Information: 0 : 14452, 7, 2020/12/07, 12:55:59.145, 1000038465, datacollector.dll, Blame Collector : Test Case End
TpTrace Error: 0 : 14452, 7, 2020/12/07, 12:55:59.145, 1000039187, datacollector.dll, DataCollectionAttachmentManager.GetAttachments: Fail to get attachments: System.Collections.Generic.KeyNotFoundException: The given key 'Microsoft.VisualStudio.TestPlatform.ObjectModel.DataCollection.DataCollectionContext' was not present in the dictionary.
   at System.Collections.Generic.Dictionary`2.get_Item(TKey key)
   at Microsoft.VisualStudio.TestPlatform.Common.DataCollector.DataCollectionAttachmentManager.GetAttachments(DataCollectionContext dataCollectionContext) 
TpTrace Information: 0 : 14452, 7, 2020/12/07, 12:55:59.145, 1000039773, datacollector.dll, DataCollectionTestCaseEventHandler: Test case 'TestPremjestajStudenta1 - 2bfb3dd9-2bd0-b9d7-be26-aed88668c2b7' completed
TpTrace Information: 0 : 14452, 7, 2020/12/07, 12:55:59.146, 1000043637, datacollector.dll, DataCollectionTestCaseEventHandler: Test case starting.
TpTrace Information: 0 : 14452, 7, 2020/12/07, 12:55:59.146, 1000045719, datacollector.dll, Blame Collector : Test Case Start
TpTrace Information: 0 : 14452, 7, 2020/12/07, 12:55:59.146, 1000046307, datacollector.dll, DataCollectionTestCaseEventHandler: Test case 'TestPremjestajStudenta2 - 261fe473-48ca-4879-d85e-90e35b263b79' started.
TpTrace Information: 0 : 14452, 7, 2020/12/07, 12:55:59.146, 1000053153, datacollector.dll, DataCollectionTestCaseEventHandler : Test case completing.
TpTrace Information: 0 : 14452, 7, 2020/12/07, 12:55:59.147, 1000055028, datacollector.dll, Blame Collector : Test Case End
TpTrace Error: 0 : 14452, 7, 2020/12/07, 12:55:59.147, 1000055841, datacollector.dll, DataCollectionAttachmentManager.GetAttachments: Fail to get attachments: System.Collections.Generic.KeyNotFoundException: The given key 'Microsoft.VisualStudio.TestPlatform.ObjectModel.DataCollection.DataCollectionContext' was not present in the dictionary.
   at System.Collections.Generic.Dictionary`2.get_Item(TKey key)
   at Microsoft.VisualStudio.TestPlatform.Common.DataCollector.DataCollectionAttachmentManager.GetAttachments(DataCollectionContext dataCollectionContext) 
TpTrace Information: 0 : 14452, 7, 2020/12/07, 12:55:59.147, 1000056427, datacollector.dll, DataCollectionTestCaseEventHandler: Test case 'TestPremjestajStudenta2 - 261fe473-48ca-4879-d85e-90e35b263b79' completed
TpTrace Information: 0 : 14452, 7, 2020/12/07, 12:55:59.147, 1000060023, datacollector.dll, DataCollectionTestCaseEventHandler: Test case starting.
TpTrace Information: 0 : 14452, 7, 2020/12/07, 12:55:59.147, 1000061867, datacollector.dll, Blame Collector : Test Case Start
TpTrace Information: 0 : 14452, 7, 2020/12/07, 12:55:59.147, 1000062373, datacollector.dll, DataCollectionTestCaseEventHandler: Test case 'TestPremjestajStudenta3 - 84016b7f-5a89-2497-641a-9b0f5cb8bfa6' started.
TpTrace Information: 0 : 14452, 7, 2020/12/07, 12:55:59.148, 1000069174, datacollector.dll, DataCollectionTestCaseEventHandler : Test case completing.
TpTrace Information: 0 : 14452, 7, 2020/12/07, 12:55:59.148, 1000071084, datacollector.dll, Blame Collector : Test Case End
TpTrace Error: 0 : 14452, 7, 2020/12/07, 12:55:59.148, 1000071792, datacollector.dll, DataCollectionAttachmentManager.GetAttachments: Fail to get attachments: System.Collections.Generic.KeyNotFoundException: The given key 'Microsoft.VisualStudio.TestPlatform.ObjectModel.DataCollection.DataCollectionContext' was not present in the dictionary.
   at System.Collections.Generic.Dictionary`2.get_Item(TKey key)
   at Microsoft.VisualStudio.TestPlatform.Common.DataCollector.DataCollectionAttachmentManager.GetAttachments(DataCollectionContext dataCollectionContext) 
TpTrace Information: 0 : 14452, 7, 2020/12/07, 12:55:59.148, 1000072366, datacollector.dll, DataCollectionTestCaseEventHandler: Test case 'TestPremjestajStudenta3 - 84016b7f-5a89-2497-641a-9b0f5cb8bfa6' completed
TpTrace Information: 0 : 14452, 7, 2020/12/07, 12:55:59.153, 1000115465, datacollector.dll, DataCollectionTestCaseEventHandler: Test session ended
TpTrace Information: 0 : 14452, 1, 2020/12/07, 12:55:59.191, 1000503090, datacollector.dll, DataCollectionRequestHandler.ProcessRequests : Datacollector received message: (DataCollection.AfterTestRunEnd) -> false
TpTrace Information: 0 : 14452, 1, 2020/12/07, 12:55:59.192, 1000507986, datacollector.dll, Blame Collector : Session End
TpTrace Error: 0 : 14452, 1, 2020/12/07, 12:55:59.192, 1000509479, datacollector.dll, DataCollectionAttachmentManager.GetAttachments: Fail to get attachments: System.Collections.Generic.KeyNotFoundException: The given key 'Microsoft.VisualStudio.TestPlatform.ObjectModel.DataCollection.DataCollectionContext' was not present in the dictionary.
   at System.Collections.Generic.Dictionary`2.get_Item(TKey key)
   at Microsoft.VisualStudio.TestPlatform.Common.DataCollector.DataCollectionAttachmentManager.GetAttachments(DataCollectionContext dataCollectionContext) 
TpTrace Information: 0 : 14452, 1, 2020/12/07, 12:55:59.192, 1000509905, datacollector.dll, DataCollectionManager.CleanupPlugins: CleanupPlugins called
TpTrace Verbose: 0 : 14452, 1, 2020/12/07, 12:55:59.192, 1000510141, datacollector.dll, DataCollectionManager.CleanupPlugins: Cleaning up 1 plugins
TpTrace Verbose: 0 : 14452, 1, 2020/12/07, 12:55:59.192, 1000510782, datacollector.dll, dataCollectorInfo.DisposeDataCollector: calling Dispose() on Microsoft.TestPlatform.Extensions.BlameDataCollector.BlameCollector
TpTrace Information: 0 : 14452, 1, 2020/12/07, 12:55:59.192, 1000511202, datacollector.dll, DataCollectionManager.CleanupPlugins: CleanupPlugins finished
TpTrace Information: 0 : 14452, 1, 2020/12/07, 12:55:59.192, 1000511834, datacollector.dll, DataCollectionRequestHandler.ProcessRequests : Session End message received from server. Closing the connection.
TpTrace Information: 0 : 14452, 1, 2020/12/07, 12:55:59.192, 1000512562, datacollector.dll, Closing the connection !
TpTrace Information: 0 : 14452, 1, 2020/12/07, 12:55:59.192, 1000512786, datacollector.dll, DataCollectionRequestHandler.ProcessRequests : DataCollection completed
TpTrace Information: 0 : 14452, 1, 2020/12/07, 12:55:59.192, 1000512957, datacollector.dll, Program.Main: exiting datacollector process.
