<?xml version="1.0" encoding="utf-8"?>
<!DOCTYPE coverage SYSTEM "http://cobertura.sourceforge.net/xml/coverage-04.dtd">
<coverage line-rate="0.18475073313782991" branch-rate="0.18" lines-covered="63" lines-valid="341" branches-covered="27" branches-valid="150" complexity="196" version="0" timestamp="1609352402">
  <sources>
    <source>C:\Users\Mehmed\</source>
  </sources>
  <packages>
    <package name="Studentski Dom" line-rate="0.17065868263473055" branch-rate="0.18" complexity="194">
      <classes>
        <class name="ClassLibrary1.Korisnik" filename="C:\Users\Mehmed\Desktop\VVS-zadaca-3\Studentski Dom\Studentski Dom\Korisnik.cs" line-rate="0.11538461538461539" branch-rate="0" complexity="13">
          <methods>
            <method name="get_Username" signature="()" line-rate="0" branch-rate="1" complexity="1">
              <lines>
                <line number="22" hits="0" branch="false" />
              </lines>
            </method>
            <method name="set_Username" signature="(...)" line-rate="0" branch-rate="0" complexity="2">
              <lines>
                <line number="24" hits="0" branch="false" />
                <line number="25" hits="0" branch="true" condition-coverage="0% (0/2)" />
                <line number="26" hits="0" branch="false" />
                <line number="28" hits="0" branch="false" />
                <line number="29" hits="0" branch="false" />
              </lines>
            </method>
            <method name="set_Password" signature="(...)" line-rate="0" branch-rate="0" complexity="6">
              <lines>
                <line number="35" hits="0" branch="false" />
                <line number="36" hits="0" branch="true" condition-coverage="0% (0/6)" />
                <line number="37" hits="0" branch="false" />
                <line number="38" hits="0" branch="false" />
                <line number="39" hits="0" branch="false" />
                <line number="41" hits="0" branch="false" />
                <line number="42" hits="0" branch="false" />
              </lines>
            </method>
            <method name="DajHashiraniPassword" signature="(...)" line-rate="0" branch-rate="0" complexity="2">
              <lines>
                <line number="72" hits="0" branch="false" />
                <line number="73" hits="0" branch="true" condition-coverage="0% (0/2)" />
                <line number="74" hits="0" branch="false" />
                <line number="76" hits="0" branch="false" />
                <line number="77" hits="0" branch="false" />
              </lines>
            </method>
            <method name=".ctor" signature="(...)" line-rate="0" branch-rate="1" complexity="1">
              <lines>
                <line number="48" hits="0" branch="false" />
                <line number="49" hits="0" branch="false" />
                <line number="50" hits="0" branch="false" />
                <line number="51" hits="0" branch="false" />
                <line number="52" hits="0" branch="false" />
              </lines>
            </method>
            <method name=".ctor" signature="()" line-rate="1" branch-rate="1" complexity="1">
              <lines>
                <line number="54" hits="1" branch="false" />
                <line number="55" hits="1" branch="false" />
                <line number="57" hits="1" branch="false" />
              </lines>
            </method>
          </methods>
          <lines>
            <line number="22" hits="0" branch="false" />
            <line number="24" hits="0" branch="false" />
            <line number="25" hits="0" branch="true" condition-coverage="0% (0/2)" />
            <line number="26" hits="0" branch="false" />
            <line number="28" hits="0" branch="false" />
            <line number="29" hits="0" branch="false" />
            <line number="35" hits="0" branch="false" />
            <line number="36" hits="0" branch="true" condition-coverage="0% (0/6)" />
            <line number="37" hits="0" branch="false" />
            <line number="38" hits="0" branch="false" />
            <line number="39" hits="0" branch="false" />
            <line number="41" hits="0" branch="false" />
            <line number="42" hits="0" branch="false" />
            <line number="48" hits="0" branch="false" />
            <line number="49" hits="0" branch="false" />
            <line number="50" hits="0" branch="false" />
            <line number="51" hits="0" branch="false" />
            <line number="52" hits="0" branch="false" />
            <line number="54" hits="1" branch="false" />
            <line number="55" hits="1" branch="false" />
            <line number="57" hits="1" branch="false" />
            <line number="72" hits="0" branch="false" />
            <line number="73" hits="0" branch="true" condition-coverage="0% (0/2)" />
            <line number="74" hits="0" branch="false" />
            <line number="76" hits="0" branch="false" />
            <line number="77" hits="0" branch="false" />
          </lines>
        </class>
        <class name="ClassLibrary1.LicniPodaci" filename="C:\Users\Mehmed\Desktop\VVS-zadaca-3\Studentski Dom\Studentski Dom\LicniPodaci.cs" line-rate="0" branch-rate="0" complexity="52">
          <methods>
            <method name="get_Ime" signature="()" line-rate="0" branch-rate="1" complexity="1">
              <lines>
                <line number="29" hits="0" branch="false" />
              </lines>
            </method>
            <method name="set_Ime" signature="(...)" line-rate="0" branch-rate="0" complexity="6">
              <lines>
                <line number="31" hits="0" branch="false" />
                <line number="32" hits="0" branch="true" condition-coverage="0% (0/6)" />
                <line number="33" hits="0" branch="false" />
                <line number="34" hits="0" branch="false" />
                <line number="35" hits="0" branch="false" />
                <line number="37" hits="0" branch="false" />
                <line number="38" hits="0" branch="false" />
              </lines>
            </method>
            <method name="get_Prezime" signature="()" line-rate="0" branch-rate="1" complexity="1">
              <lines>
                <line number="43" hits="0" branch="false" />
              </lines>
            </method>
            <method name="set_Prezime" signature="(...)" line-rate="0" branch-rate="0" complexity="6">
              <lines>
                <line number="45" hits="0" branch="false" />
                <line number="46" hits="0" branch="true" condition-coverage="0% (0/6)" />
                <line number="47" hits="0" branch="false" />
                <line number="48" hits="0" branch="false" />
                <line number="49" hits="0" branch="false" />
                <line number="51" hits="0" branch="false" />
                <line number="52" hits="0" branch="false" />
              </lines>
            </method>
            <method name="get_MjestoRodjenja" signature="()" line-rate="0" branch-rate="1" complexity="1">
              <lines>
                <line number="57" hits="0" branch="false" />
              </lines>
            </method>
            <method name="set_MjestoRodjenja" signature="(...)" line-rate="0" branch-rate="0" complexity="2">
              <lines>
                <line number="59" hits="0" branch="false" />
                <line number="60" hits="0" branch="true" condition-coverage="0% (0/2)" />
                <line number="61" hits="0" branch="false" />
                <line number="63" hits="0" branch="false" />
                <line number="64" hits="0" branch="false" />
              </lines>
            </method>
            <method name="get_Email" signature="()" line-rate="0" branch-rate="1" complexity="1">
              <lines>
                <line number="69" hits="0" branch="false" />
              </lines>
            </method>
            <method name="set_Email" signature="(...)" line-rate="0" branch-rate="0" complexity="2">
              <lines>
                <line number="71" hits="0" branch="false" />
                <line number="72" hits="0" branch="true" condition-coverage="0% (0/2)" />
                <line number="73" hits="0" branch="false" />
                <line number="75" hits="0" branch="false" />
                <line number="76" hits="0" branch="false" />
              </lines>
            </method>
            <method name="get_Slika" signature="()" line-rate="0" branch-rate="1" complexity="1">
              <lines>
                <line number="81" hits="0" branch="false" />
              </lines>
            </method>
            <method name="set_Slika" signature="(...)" line-rate="0" branch-rate="1" complexity="1">
              <lines>
                <line number="82" hits="0" branch="false" />
              </lines>
            </method>
            <method name="get_JMBG" signature="()" line-rate="0" branch-rate="1" complexity="1">
              <lines>
                <line number="87" hits="0" branch="false" />
              </lines>
            </method>
            <method name="set_JMBG" signature="(...)" line-rate="0" branch-rate="0" complexity="6">
              <lines>
                <line number="89" hits="0" branch="false" />
                <line number="90" hits="0" branch="true" condition-coverage="0% (0/6)" />
                <line number="91" hits="0" branch="false" />
                <line number="92" hits="0" branch="false" />
                <line number="93" hits="0" branch="false" />
                <line number="95" hits="0" branch="false" />
                <line number="96" hits="0" branch="false" />
              </lines>
            </method>
            <method name="get_Spol" signature="()" line-rate="0" branch-rate="1" complexity="1">
              <lines>
                <line number="101" hits="0" branch="false" />
              </lines>
            </method>
            <method name="set_Spol" signature="(...)" line-rate="0" branch-rate="1" complexity="1">
              <lines>
                <line number="102" hits="0" branch="false" />
              </lines>
            </method>
            <method name="get_DatumRodjenja" signature="()" line-rate="0" branch-rate="1" complexity="1">
              <lines>
                <line number="107" hits="0" branch="false" />
              </lines>
            </method>
            <method name="set_DatumRodjenja" signature="(...)" line-rate="0" branch-rate="0" complexity="2">
              <lines>
                <line number="109" hits="0" branch="false" />
                <line number="110" hits="0" branch="true" condition-coverage="0% (0/2)" />
                <line number="111" hits="0" branch="false" />
                <line number="113" hits="0" branch="false" />
                <line number="114" hits="0" branch="false" />
              </lines>
            </method>
            <method name="AutomatskoPostavljanjeNedostajucihPodataka" signature="()" line-rate="0" branch-rate="0" complexity="8">
              <lines>
                <line number="143" hits="0" branch="false" />
                <line number="144" hits="0" branch="true" condition-coverage="0% (0/2)" />
                <line number="145" hits="0" branch="false" />
                <line number="146" hits="0" branch="true" condition-coverage="0% (0/2)" />
                <line number="147" hits="0" branch="false" />
                <line number="148" hits="0" branch="false" />
                <line number="149" hits="0" branch="false" />
                <line number="150" hits="0" branch="false" />
                <line number="151" hits="0" branch="false" />
                <line number="152" hits="0" branch="false" />
                <line number="153" hits="0" branch="true" condition-coverage="0% (0/2)" />
                <line number="154" hits="0" branch="false" />
                <line number="155" hits="0" branch="true" condition-coverage="0% (0/2)" />
                <line number="156" hits="0" branch="false" />
                <line number="158" hits="0" branch="false" />
                <line number="159" hits="0" branch="false" />
              </lines>
            </method>
            <method name="AutomatskoPostavljanjeNedostajucihPodatakaRefactored" signature="()" line-rate="0" branch-rate="0" complexity="8">
              <lines>
                <line number="162" hits="0" branch="false" />
                <line number="163" hits="0" branch="true" condition-coverage="0% (0/2)" />
                <line number="164" hits="0" branch="false" />
                <line number="165" hits="0" branch="true" condition-coverage="0% (0/2)" />
                <line number="166" hits="0" branch="false" />
                <line number="167" hits="0" branch="false" />
                <line number="168" hits="0" branch="false" />
                <line number="169" hits="0" branch="false" />
                <line number="170" hits="0" branch="false" />
                <line number="171" hits="0" branch="true" condition-coverage="0% (0/2)" />
                <line number="172" hits="0" branch="false" />
                <line number="173" hits="0" branch="true" condition-coverage="0% (0/2)" />
                <line number="174" hits="0" branch="false" />
                <line number="176" hits="0" branch="false" />
                <line number="177" hits="0" branch="false" />
              </lines>
            </method>
            <method name=".ctor" signature="(...)" line-rate="0" branch-rate="1" complexity="1">
              <lines>
                <line number="121" hits="0" branch="false" />
                <line number="122" hits="0" branch="false" />
                <line number="123" hits="0" branch="false" />
                <line number="124" hits="0" branch="false" />
                <line number="125" hits="0" branch="false" />
                <line number="126" hits="0" branch="false" />
                <line number="127" hits="0" branch="false" />
                <line number="128" hits="0" branch="false" />
                <line number="129" hits="0" branch="false" />
                <line number="130" hits="0" branch="false" />
                <line number="131" hits="0" branch="false" />
              </lines>
            </method>
            <method name=".ctor" signature="()" line-rate="0" branch-rate="1" complexity="1">
              <lines>
                <line number="133" hits="0" branch="false" />
                <line number="134" hits="0" branch="false" />
                <line number="136" hits="0" branch="false" />
              </lines>
            </method>
          </methods>
          <lines>
            <line number="29" hits="0" branch="false" />
            <line number="31" hits="0" branch="false" />
            <line number="32" hits="0" branch="true" condition-coverage="0% (0/6)" />
            <line number="33" hits="0" branch="false" />
            <line number="34" hits="0" branch="false" />
            <line number="35" hits="0" branch="false" />
            <line number="37" hits="0" branch="false" />
            <line number="38" hits="0" branch="false" />
            <line number="43" hits="0" branch="false" />
            <line number="45" hits="0" branch="false" />
            <line number="46" hits="0" branch="true" condition-coverage="0% (0/6)" />
            <line number="47" hits="0" branch="false" />
            <line number="48" hits="0" branch="false" />
            <line number="49" hits="0" branch="false" />
            <line number="51" hits="0" branch="false" />
            <line number="52" hits="0" branch="false" />
            <line number="57" hits="0" branch="false" />
            <line number="59" hits="0" branch="false" />
            <line number="60" hits="0" branch="true" condition-coverage="0% (0/2)" />
            <line number="61" hits="0" branch="false" />
            <line number="63" hits="0" branch="false" />
            <line number="64" hits="0" branch="false" />
            <line number="69" hits="0" branch="false" />
            <line number="71" hits="0" branch="false" />
            <line number="72" hits="0" branch="true" condition-coverage="0% (0/2)" />
            <line number="73" hits="0" branch="false" />
            <line number="75" hits="0" branch="false" />
            <line number="76" hits="0" branch="false" />
            <line number="81" hits="0" branch="false" />
            <line number="82" hits="0" branch="false" />
            <line number="87" hits="0" branch="false" />
            <line number="89" hits="0" branch="false" />
            <line number="90" hits="0" branch="true" condition-coverage="0% (0/6)" />
            <line number="91" hits="0" branch="false" />
            <line number="92" hits="0" branch="false" />
            <line number="93" hits="0" branch="false" />
            <line number="95" hits="0" branch="false" />
            <line number="96" hits="0" branch="false" />
            <line number="101" hits="0" branch="false" />
            <line number="102" hits="0" branch="false" />
            <line number="107" hits="0" branch="false" />
            <line number="109" hits="0" branch="false" />
            <line number="110" hits="0" branch="true" condition-coverage="0% (0/2)" />
            <line number="111" hits="0" branch="false" />
            <line number="113" hits="0" branch="false" />
            <line number="114" hits="0" branch="false" />
            <line number="121" hits="0" branch="false" />
            <line number="122" hits="0" branch="false" />
            <line number="123" hits="0" branch="false" />
            <line number="124" hits="0" branch="false" />
            <line number="125" hits="0" branch="false" />
            <line number="126" hits="0" branch="false" />
            <line number="127" hits="0" branch="false" />
            <line number="128" hits="0" branch="false" />
            <line number="129" hits="0" branch="false" />
            <line number="130" hits="0" branch="false" />
            <line number="131" hits="0" branch="false" />
            <line number="133" hits="0" branch="false" />
            <line number="134" hits="0" branch="false" />
            <line number="136" hits="0" branch="false" />
            <line number="143" hits="0" branch="false" />
            <line number="144" hits="0" branch="true" condition-coverage="0% (0/2)" />
            <line number="145" hits="0" branch="false" />
            <line number="146" hits="0" branch="true" condition-coverage="0% (0/2)" />
            <line number="147" hits="0" branch="false" />
            <line number="148" hits="0" branch="false" />
            <line number="149" hits="0" branch="false" />
            <line number="150" hits="0" branch="false" />
            <line number="151" hits="0" branch="false" />
            <line number="152" hits="0" branch="false" />
            <line number="153" hits="0" branch="true" condition-coverage="0% (0/2)" />
            <line number="154" hits="0" branch="false" />
            <line number="155" hits="0" branch="true" condition-coverage="0% (0/2)" />
            <line number="156" hits="0" branch="false" />
            <line number="158" hits="0" branch="false" />
            <line number="159" hits="0" branch="false" />
            <line number="162" hits="0" branch="false" />
            <line number="163" hits="0" branch="true" condition-coverage="0% (0/2)" />
            <line number="164" hits="0" branch="false" />
            <line number="165" hits="0" branch="true" condition-coverage="0% (0/2)" />
            <line number="166" hits="0" branch="false" />
            <line number="167" hits="0" branch="false" />
            <line number="168" hits="0" branch="false" />
            <line number="169" hits="0" branch="false" />
            <line number="170" hits="0" branch="false" />
            <line number="171" hits="0" branch="true" condition-coverage="0% (0/2)" />
            <line number="172" hits="0" branch="false" />
            <line number="173" hits="0" branch="true" condition-coverage="0% (0/2)" />
            <line number="174" hits="0" branch="false" />
            <line number="176" hits="0" branch="false" />
            <line number="177" hits="0" branch="false" />
          </lines>
        </class>
        <class name="ClassLibrary1.Paviljon" filename="C:\Users\Mehmed\Desktop\VVS-zadaca-3\Studentski Dom\Studentski Dom\Paviljon.cs" line-rate="0" branch-rate="1" complexity="1">
          <methods>
            <method name="DajImePaviljona" signature="()" line-rate="0" branch-rate="1" complexity="1">
              <lines>
                <line number="16" hits="0" branch="false" />
                <line number="17" hits="0" branch="false" />
              </lines>
            </method>
          </methods>
          <lines>
            <line number="16" hits="0" branch="false" />
            <line number="17" hits="0" branch="false" />
          </lines>
        </class>
        <class name="ClassLibrary1.Skolovanje" filename="C:\Users\Mehmed\Desktop\VVS-zadaca-3\Studentski Dom\Studentski Dom\Skolovanje.cs" line-rate="0" branch-rate="0" complexity="11">
          <methods>
            <method name="get_MaticniFakultet" signature="()" line-rate="0" branch-rate="1" complexity="1">
              <lines>
                <line number="22" hits="0" branch="false" />
              </lines>
            </method>
            <method name="set_MaticniFakultet" signature="(...)" line-rate="0" branch-rate="1" complexity="1">
              <lines>
                <line number="23" hits="0" branch="false" />
              </lines>
            </method>
            <method name="get_BrojIndeksa" signature="()" line-rate="0" branch-rate="1" complexity="1">
              <lines>
                <line number="27" hits="0" branch="false" />
              </lines>
            </method>
            <method name="set_BrojIndeksa" signature="(...)" line-rate="0" branch-rate="1" complexity="1">
              <lines>
                <line number="28" hits="0" branch="false" />
              </lines>
            </method>
            <method name="get_GodinaStudija" signature="()" line-rate="0" branch-rate="1" complexity="1">
              <lines>
                <line number="32" hits="0" branch="false" />
              </lines>
            </method>
            <method name="set_GodinaStudija" signature="(...)" line-rate="0" branch-rate="1" complexity="1">
              <lines>
                <line number="33" hits="0" branch="false" />
              </lines>
            </method>
            <method name="get_CiklusStudija" signature="()" line-rate="0" branch-rate="1" complexity="1">
              <lines>
                <line number="37" hits="0" branch="false" />
              </lines>
            </method>
            <method name="set_CiklusStudija" signature="(...)" line-rate="0" branch-rate="1" complexity="1">
              <lines>
                <line number="38" hits="0" branch="false" />
              </lines>
            </method>
            <method name="PređiNaSljedećuGodinu" signature="()" line-rate="0" branch-rate="0" complexity="2">
              <lines>
                <line number="67" hits="0" branch="false" />
                <line number="68" hits="0" branch="true" condition-coverage="0% (0/2)" />
                <line number="69" hits="0" branch="false" />
                <line number="70" hits="0" branch="false" />
                <line number="71" hits="0" branch="false" />
                <line number="72" hits="0" branch="false" />
                <line number="73" hits="0" branch="false" />
                <line number="75" hits="0" branch="false" />
                <line number="77" hits="0" branch="false" />
              </lines>
            </method>
            <method name=".ctor" signature="()" line-rate="0" branch-rate="1" complexity="1">
              <lines>
                <line number="45" hits="0" branch="false" />
                <line number="46" hits="0" branch="false" />
                <line number="47" hits="0" branch="false" />
                <line number="48" hits="0" branch="false" />
                <line number="49" hits="0" branch="false" />
                <line number="50" hits="0" branch="false" />
                <line number="51" hits="0" branch="false" />
              </lines>
            </method>
          </methods>
          <lines>
            <line number="22" hits="0" branch="false" />
            <line number="23" hits="0" branch="false" />
            <line number="27" hits="0" branch="false" />
            <line number="28" hits="0" branch="false" />
            <line number="32" hits="0" branch="false" />
            <line number="33" hits="0" branch="false" />
            <line number="37" hits="0" branch="false" />
            <line number="38" hits="0" branch="false" />
            <line number="45" hits="0" branch="false" />
            <line number="46" hits="0" branch="false" />
            <line number="47" hits="0" branch="false" />
            <line number="48" hits="0" branch="false" />
            <line number="49" hits="0" branch="false" />
            <line number="50" hits="0" branch="false" />
            <line number="51" hits="0" branch="false" />
            <line number="67" hits="0" branch="false" />
            <line number="68" hits="0" branch="true" condition-coverage="0% (0/2)" />
            <line number="69" hits="0" branch="false" />
            <line number="70" hits="0" branch="false" />
            <line number="71" hits="0" branch="false" />
            <line number="72" hits="0" branch="false" />
            <line number="73" hits="0" branch="false" />
            <line number="75" hits="0" branch="false" />
            <line number="77" hits="0" branch="false" />
          </lines>
        </class>
        <class name="ClassLibrary1.Soba" filename="C:\Users\Mehmed\Desktop\VVS-zadaca-3\Studentski Dom\Studentski Dom\Soba.cs" line-rate="0.46153846153846156" branch-rate="0.25" complexity="10">
          <methods>
            <method name="get_BrojSobe" signature="()" line-rate="0" branch-rate="1" complexity="1">
              <lines>
                <line number="22" hits="0" branch="false" />
              </lines>
            </method>
            <method name="get_Kapacitet" signature="()" line-rate="1" branch-rate="1" complexity="1">
              <lines>
                <line number="27" hits="666668" branch="false" />
              </lines>
            </method>
            <method name="get_Stanari" signature="()" line-rate="1" branch-rate="1" complexity="1">
              <lines>
                <line number="32" hits="666669" branch="false" />
              </lines>
            </method>
            <method name="DodajStanara" signature="(...)" line-rate="0.8" branch-rate="0.5" complexity="2">
              <lines>
                <line number="51" hits="1" branch="false" />
                <line number="52" hits="1" branch="true" condition-coverage="50% (1/2)" />
                <line number="53" hits="0" branch="false" />
                <line number="55" hits="1" branch="false" />
                <line number="56" hits="1" branch="false" />
              </lines>
            </method>
            <method name="IsprazniSobu" signature="()" line-rate="0" branch-rate="1" complexity="1">
              <lines>
                <line number="59" hits="0" branch="false" />
                <line number="60" hits="0" branch="false" />
                <line number="61" hits="0" branch="false" />
              </lines>
            </method>
            <method name="IzbaciStudenta" signature="(...)" line-rate="0" branch-rate="0" complexity="2">
              <lines>
                <line number="64" hits="0" branch="false" />
                <line number="65" hits="0" branch="false" />
                <line number="67" hits="0" branch="true" condition-coverage="0% (0/2)" />
                <line number="68" hits="0" branch="false" />
                <line number="70" hits="0" branch="false" />
                <line number="71" hits="0" branch="false" />
              </lines>
            </method>
            <method name="DaLiJeStanar" signature="(...)" line-rate="0" branch-rate="1" complexity="1">
              <lines>
                <line number="74" hits="0" branch="false" />
                <line number="75" hits="0" branch="false" />
                <line number="76" hits="0" branch="false" />
              </lines>
            </method>
            <method name=".ctor" signature="(...)" line-rate="1" branch-rate="1" complexity="1">
              <lines>
                <line number="39" hits="1000000" branch="false" />
                <line number="40" hits="1000000" branch="false" />
                <line number="41" hits="1000000" branch="false" />
                <line number="42" hits="1000000" branch="false" />
                <line number="43" hits="1000000" branch="false" />
                <line number="44" hits="1000000" branch="false" />
              </lines>
            </method>
          </methods>
          <lines>
            <line number="22" hits="0" branch="false" />
            <line number="27" hits="666668" branch="false" />
            <line number="32" hits="666669" branch="false" />
            <line number="39" hits="1000000" branch="false" />
            <line number="40" hits="1000000" branch="false" />
            <line number="41" hits="1000000" branch="false" />
            <line number="42" hits="1000000" branch="false" />
            <line number="43" hits="1000000" branch="false" />
            <line number="44" hits="1000000" branch="false" />
            <line number="51" hits="1" branch="false" />
            <line number="52" hits="1" branch="true" condition-coverage="50% (1/2)" />
            <line number="53" hits="0" branch="false" />
            <line number="55" hits="1" branch="false" />
            <line number="56" hits="1" branch="false" />
            <line number="59" hits="0" branch="false" />
            <line number="60" hits="0" branch="false" />
            <line number="61" hits="0" branch="false" />
            <line number="64" hits="0" branch="false" />
            <line number="65" hits="0" branch="false" />
            <line number="67" hits="0" branch="true" condition-coverage="0% (0/2)" />
            <line number="68" hits="0" branch="false" />
            <line number="70" hits="0" branch="false" />
            <line number="71" hits="0" branch="false" />
            <line number="74" hits="0" branch="false" />
            <line number="75" hits="0" branch="false" />
            <line number="76" hits="0" branch="false" />
          </lines>
        </class>
        <class name="ClassLibrary1.Student" filename="C:\Users\Mehmed\Desktop\VVS-zadaca-3\Studentski Dom\Studentski Dom\Student.cs" line-rate="0.1" branch-rate="0" complexity="14">
          <methods>
            <method name="get_IdentifikacioniBroj" signature="()" line-rate="0" branch-rate="1" complexity="1">
              <lines>
                <line number="26" hits="0" branch="false" />
              </lines>
            </method>
            <method name="get_Podaci" signature="()" line-rate="0" branch-rate="1" complexity="1">
              <lines>
                <line number="30" hits="0" branch="false" />
              </lines>
            </method>
            <method name="set_Podaci" signature="(...)" line-rate="0" branch-rate="1" complexity="1">
              <lines>
                <line number="31" hits="0" branch="false" />
              </lines>
            </method>
            <method name="get_Prebivaliste" signature="()" line-rate="0" branch-rate="1" complexity="1">
              <lines>
                <line number="35" hits="0" branch="false" />
              </lines>
            </method>
            <method name="set_Prebivaliste" signature="(...)" line-rate="0" branch-rate="1" complexity="1">
              <lines>
                <line number="36" hits="0" branch="false" />
              </lines>
            </method>
            <method name="get_Skolovanje" signature="()" line-rate="0" branch-rate="1" complexity="1">
              <lines>
                <line number="40" hits="0" branch="false" />
              </lines>
            </method>
            <method name="set_Skolovanje" signature="(...)" line-rate="0" branch-rate="1" complexity="1">
              <lines>
                <line number="41" hits="0" branch="false" />
              </lines>
            </method>
            <method name="get_StanjeRacuna" signature="()" line-rate="0" branch-rate="1" complexity="1">
              <lines>
                <line number="45" hits="0" branch="false" />
              </lines>
            </method>
            <method name="AzurirajStanjeRacuna" signature="(...)" line-rate="0" branch-rate="1" complexity="1">
              <lines>
                <line number="79" hits="0" branch="false" />
                <line number="80" hits="0" branch="false" />
                <line number="81" hits="0" branch="false" />
              </lines>
            </method>
            <method name="Placanje" signature="(...)" line-rate="0" branch-rate="0" complexity="2">
              <lines>
                <line number="91" hits="0" branch="false" />
                <line number="92" hits="0" branch="true" condition-coverage="0% (0/2)" />
                <line number="93" hits="0" branch="false" />
                <line number="95" hits="0" branch="false" />
                <line number="96" hits="0" branch="false" />
              </lines>
            </method>
            <method name=".ctor" signature="(...)" line-rate="0" branch-rate="0" complexity="2">
              <lines>
                <line number="53" hits="0" branch="false" />
                <line number="54" hits="0" branch="false" />
                <line number="55" hits="0" branch="false" />
                <line number="56" hits="0" branch="false" />
                <line number="58" hits="0" branch="true" condition-coverage="0% (0/2)" />
                <line number="59" hits="0" branch="false" />
                <line number="61" hits="0" branch="false" />
                <line number="63" hits="0" branch="false" />
                <line number="64" hits="0" branch="false" />
                <line number="66" hits="0" branch="false" />
                <line number="67" hits="0" branch="false" />
              </lines>
            </method>
            <method name=".ctor" signature="()" line-rate="1" branch-rate="1" complexity="1">
              <lines>
                <line number="69" hits="1" branch="false" />
                <line number="70" hits="1" branch="false" />
                <line number="72" hits="1" branch="false" />
              </lines>
            </method>
          </methods>
          <lines>
            <line number="26" hits="0" branch="false" />
            <line number="30" hits="0" branch="false" />
            <line number="31" hits="0" branch="false" />
            <line number="35" hits="0" branch="false" />
            <line number="36" hits="0" branch="false" />
            <line number="40" hits="0" branch="false" />
            <line number="41" hits="0" branch="false" />
            <line number="45" hits="0" branch="false" />
            <line number="53" hits="0" branch="false" />
            <line number="54" hits="0" branch="false" />
            <line number="55" hits="0" branch="false" />
            <line number="56" hits="0" branch="false" />
            <line number="58" hits="0" branch="true" condition-coverage="0% (0/2)" />
            <line number="59" hits="0" branch="false" />
            <line number="61" hits="0" branch="false" />
            <line number="63" hits="0" branch="false" />
            <line number="64" hits="0" branch="false" />
            <line number="66" hits="0" branch="false" />
            <line number="67" hits="0" branch="false" />
            <line number="69" hits="1" branch="false" />
            <line number="70" hits="1" branch="false" />
            <line number="72" hits="1" branch="false" />
            <line number="79" hits="0" branch="false" />
            <line number="80" hits="0" branch="false" />
            <line number="81" hits="0" branch="false" />
            <line number="91" hits="0" branch="false" />
            <line number="92" hits="0" branch="true" condition-coverage="0% (0/2)" />
            <line number="93" hits="0" branch="false" />
            <line number="95" hits="0" branch="false" />
            <line number="96" hits="0" branch="false" />
          </lines>
        </class>
        <class name="ClassLibrary1.StudentskiDom" filename="C:\Users\Mehmed\Desktop\VVS-zadaca-3\Studentski Dom\Studentski Dom\StudentskiDom.cs" line-rate="0.28888888888888886" branch-rate="0.28888888888888886" complexity="93">
          <methods>
            <method name="get_Studenti" signature="()" line-rate="0" branch-rate="1" complexity="1">
              <lines>
                <line number="23" hits="0" branch="false" />
              </lines>
            </method>
            <method name="get_Sobe" signature="()" line-rate="1" branch-rate="1" complexity="1">
              <lines>
                <line number="28" hits="1000002" branch="false" />
              </lines>
            </method>
            <method name="GenerišiSljedećiBroj" signature="()" line-rate="0" branch-rate="1" complexity="1">
              <lines>
                <line number="62" hits="0" branch="false" />
                <line number="64" hits="0" branch="false" />
                <line number="65" hits="0" branch="false" />
                <line number="66" hits="0" branch="false" />
                <line number="67" hits="0" branch="false" />
                <line number="68" hits="0" branch="false" />
              </lines>
            </method>
            <method name="RadSaStudentom" signature="(...)" line-rate="0" branch-rate="0" complexity="12">
              <lines>
                <line number="71" hits="0" branch="false" />
                <line number="72" hits="0" branch="true" condition-coverage="0% (0/2)" />
                <line number="73" hits="0" branch="false" />
                <line number="74" hits="0" branch="true" condition-coverage="0% (0/2)" />
                <line number="75" hits="0" branch="false" />
                <line number="76" hits="0" branch="false" />
                <line number="77" hits="0" branch="false" />
                <line number="78" hits="0" branch="true" condition-coverage="0% (0/2)" />
                <line number="79" hits="0" branch="false" />
                <line number="80" hits="0" branch="false" />
                <line number="81" hits="0" branch="true" condition-coverage="0% (0/2)" />
                <line number="82" hits="0" branch="false" />
                <line number="83" hits="0" branch="false" />
                <line number="84" hits="0" branch="false" />
                <line number="85" hits="0" branch="true" condition-coverage="0% (0/2)" />
                <line number="86" hits="0" branch="false" />
                <line number="87" hits="0" branch="false" />
                <line number="88" hits="0" branch="true" condition-coverage="0% (0/2)" />
                <line number="89" hits="0" branch="false" />
                <line number="90" hits="0" branch="false" />
                <line number="91" hits="0" branch="false" />
                <line number="92" hits="0" branch="false" />
              </lines>
            </method>
            <method name="UpisUDom" signature="(...)" line-rate="0.5862068965517241" branch-rate="0.5833333333333334" complexity="24">
              <lines>
                <line number="95" hits="1" branch="false" />
                <line number="96" hits="1" branch="false" />
                <line number="97" hits="1333336" branch="true" condition-coverage="100% (2/2)" />
                <line number="98" hits="666667" branch="false" />
                <line number="99" hits="666667" branch="true" condition-coverage="100% (2/2)" />
                <line number="100" hits="1333336" branch="true" condition-coverage="100% (2/2)" />
                <line number="101" hits="666667" branch="true" condition-coverage="75% (3/4)" />
                <line number="102" hits="1" branch="false" />
                <line number="103" hits="1" branch="false" />
                <line number="104" hits="1" branch="false" />
                <line number="106" hits="666667" branch="true" condition-coverage="100% (2/2)" />
                <line number="107" hits="1" branch="false" />
                <line number="108" hits="666666" branch="false" />
                <line number="110" hits="1" branch="true" condition-coverage="50% (2/4)" />
                <line number="111" hits="0" branch="false" />
                <line number="112" hits="1" branch="true" condition-coverage="50% (1/2)" />
                <line number="113" hits="0" branch="false" />
                <line number="114" hits="0" branch="false" />
                <line number="115" hits="0" branch="true" condition-coverage="0% (0/2)" />
                <line number="116" hits="0" branch="false" />
                <line number="117" hits="0" branch="true" condition-coverage="0% (0/2)" />
                <line number="118" hits="0" branch="false" />
                <line number="119" hits="0" branch="false" />
                <line number="120" hits="0" branch="true" condition-coverage="0% (0/2)" />
                <line number="121" hits="0" branch="false" />
                <line number="122" hits="0" branch="false" />
                <line number="123" hits="0" branch="false" />
                <line number="125" hits="1" branch="false" />
                <line number="126" hits="1" branch="false" />
              </lines>
            </method>
            <method name="UpisUDomRefactored" signature="(...)" line-rate="0" branch-rate="0" complexity="10">
              <lines>
                <line number="130" hits="0" branch="false" />
                <line number="131" hits="0" branch="true" condition-coverage="0% (0/2)" />
                <line number="132" hits="0" branch="true" condition-coverage="0% (0/4)" />
                <line number="133" hits="0" branch="false" />
                <line number="134" hits="0" branch="true" condition-coverage="0% (0/2)" />
                <line number="135" hits="0" branch="false" />
                <line number="136" hits="0" branch="false" />
                <line number="137" hits="0" branch="true" condition-coverage="0% (0/2)" />
                <line number="138" hits="0" branch="false" />
                <line number="139" hits="0" branch="false" />
                <line number="140" hits="0" branch="false" />
                <line number="142" hits="0" branch="false" />
                <line number="143" hits="0" branch="false" />
              </lines>
            </method>
            <method name="PremjestajStudenta" signature="(...)" line-rate="0" branch-rate="0" complexity="16">
              <lines>
                <line number="155" hits="0" branch="false" />
                <line number="156" hits="0" branch="true" condition-coverage="0% (0/4)" />
                <line number="157" hits="0" branch="false" />
                <line number="158" hits="0" branch="true" condition-coverage="0% (0/2)" />
                <line number="159" hits="0" branch="true" condition-coverage="0% (0/2)" />
                <line number="160" hits="0" branch="false" />
                <line number="162" hits="0" branch="true" condition-coverage="0% (0/2)" />
                <line number="163" hits="0" branch="false" />
                <line number="164" hits="0" branch="false" />
                <line number="165" hits="0" branch="true" condition-coverage="0% (0/4)" />
                <line number="166" hits="0" branch="true" condition-coverage="0% (0/2)" />
                <line number="167" hits="0" branch="false" />
                <line number="168" hits="0" branch="false" />
                <line number="169" hits="0" branch="false" />
                <line number="170" hits="0" branch="false" />
                <line number="171" hits="0" branch="false" />
              </lines>
            </method>
            <method name="PremjestajStudentaRefactored" signature="(...)" line-rate="0" branch-rate="0" complexity="12">
              <lines>
                <line number="174" hits="0" branch="false" />
                <line number="175" hits="0" branch="true" condition-coverage="0% (0/4)" />
                <line number="176" hits="0" branch="false" />
                <line number="177" hits="0" branch="true" condition-coverage="0% (0/2)" />
                <line number="178" hits="0" branch="true" condition-coverage="0% (0/2)" />
                <line number="179" hits="0" branch="false" />
                <line number="181" hits="0" branch="false" />
                <line number="182" hits="0" branch="false" />
                <line number="184" hits="0" branch="true" condition-coverage="0% (0/2)" />
                <line number="185" hits="0" branch="false" />
                <line number="186" hits="0" branch="false" />
                <line number="187" hits="0" branch="true" condition-coverage="0% (0/2)" />
                <line number="188" hits="0" branch="false" />
                <line number="189" hits="0" branch="false" />
                <line number="191" hits="0" branch="false" />
                <line number="192" hits="0" branch="false" />
                <line number="193" hits="0" branch="false" />
              </lines>
            </method>
            <method name="DajStudenteIzPaviljona" signature="(...)" line-rate="0" branch-rate="0" complexity="4">
              <lines>
                <line number="196" hits="0" branch="false" />
                <line number="197" hits="0" branch="false" />
                <line number="198" hits="0" branch="true" condition-coverage="0% (0/2)" />
                <line number="199" hits="0" branch="false" />
                <line number="200" hits="0" branch="true" condition-coverage="0% (0/2)" />
                <line number="201" hits="0" branch="false" />
                <line number="202" hits="0" branch="false" />
                <line number="203" hits="0" branch="false" />
                <line number="204" hits="0" branch="false" />
              </lines>
            </method>
            <method name=".ctor" signature="(...)" line-rate="1" branch-rate="1" complexity="12">
              <lines>
                <line number="35" hits="1" branch="false" />
                <line number="36" hits="1" branch="false" />
                <line number="37" hits="1" branch="false" />
                <line number="38" hits="1" branch="false" />
                <line number="39" hits="2000002" branch="true" condition-coverage="100% (2/2)" />
                <line number="40" hits="1000000" branch="false" />
                <line number="41" hits="1000000" branch="false" />
                <line number="42" hits="1000000" branch="false" />
                <line number="43" hits="1000000" branch="true" condition-coverage="100% (6/6)" />
                <line number="44" hits="333333" branch="false" />
                <line number="45" hits="333333" branch="false" />
                <line number="46" hits="333333" branch="false" />
                <line number="47" hits="333333" branch="false" />
                <line number="48" hits="666667" branch="true" condition-coverage="100% (4/4)" />
                <line number="49" hits="333334" branch="false" />
                <line number="50" hits="333334" branch="false" />
                <line number="51" hits="333334" branch="false" />
                <line number="52" hits="333334" branch="false" />
                <line number="53" hits="1000000" branch="false" />
                <line number="54" hits="1000000" branch="false" />
                <line number="55" hits="1" branch="false" />
              </lines>
            </method>
          </methods>
          <lines>
            <line number="23" hits="0" branch="false" />
            <line number="28" hits="1000002" branch="false" />
            <line number="35" hits="1" branch="false" />
            <line number="36" hits="1" branch="false" />
            <line number="37" hits="1" branch="false" />
            <line number="38" hits="1" branch="false" />
            <line number="39" hits="2000002" branch="true" condition-coverage="100% (2/2)" />
            <line number="40" hits="1000000" branch="false" />
            <line number="41" hits="1000000" branch="false" />
            <line number="42" hits="1000000" branch="false" />
            <line number="43" hits="1000000" branch="true" condition-coverage="100% (6/6)" />
            <line number="44" hits="333333" branch="false" />
            <line number="45" hits="333333" branch="false" />
            <line number="46" hits="333333" branch="false" />
            <line number="47" hits="333333" branch="false" />
            <line number="48" hits="666667" branch="true" condition-coverage="100% (4/4)" />
            <line number="49" hits="333334" branch="false" />
            <line number="50" hits="333334" branch="false" />
            <line number="51" hits="333334" branch="false" />
            <line number="52" hits="333334" branch="false" />
            <line number="53" hits="1000000" branch="false" />
            <line number="54" hits="1000000" branch="false" />
            <line number="55" hits="1" branch="false" />
            <line number="62" hits="0" branch="false" />
            <line number="64" hits="0" branch="false" />
            <line number="65" hits="0" branch="false" />
            <line number="66" hits="0" branch="false" />
            <line number="67" hits="0" branch="false" />
            <line number="68" hits="0" branch="false" />
            <line number="71" hits="0" branch="false" />
            <line number="72" hits="0" branch="true" condition-coverage="0% (0/2)" />
            <line number="73" hits="0" branch="false" />
            <line number="74" hits="0" branch="true" condition-coverage="0% (0/2)" />
            <line number="75" hits="0" branch="false" />
            <line number="76" hits="0" branch="false" />
            <line number="77" hits="0" branch="false" />
            <line number="78" hits="0" branch="true" condition-coverage="0% (0/2)" />
            <line number="79" hits="0" branch="false" />
            <line number="80" hits="0" branch="false" />
            <line number="81" hits="0" branch="true" condition-coverage="0% (0/2)" />
            <line number="82" hits="0" branch="false" />
            <line number="83" hits="0" branch="false" />
            <line number="84" hits="0" branch="false" />
            <line number="85" hits="0" branch="true" condition-coverage="0% (0/2)" />
            <line number="86" hits="0" branch="false" />
            <line number="87" hits="0" branch="false" />
            <line number="88" hits="0" branch="true" condition-coverage="0% (0/2)" />
            <line number="89" hits="0" branch="false" />
            <line number="90" hits="0" branch="false" />
            <line number="91" hits="0" branch="false" />
            <line number="92" hits="0" branch="false" />
            <line number="95" hits="1" branch="false" />
            <line number="96" hits="1" branch="false" />
            <line number="97" hits="1333336" branch="true" condition-coverage="100% (2/2)" />
            <line number="98" hits="666667" branch="false" />
            <line number="99" hits="666667" branch="true" condition-coverage="100% (2/2)" />
            <line number="100" hits="1333336" branch="true" condition-coverage="100% (2/2)" />
            <line number="101" hits="666667" branch="true" condition-coverage="75% (3/4)" />
            <line number="102" hits="1" branch="false" />
            <line number="103" hits="1" branch="false" />
            <line number="104" hits="1" branch="false" />
            <line number="106" hits="666667" branch="true" condition-coverage="100% (2/2)" />
            <line number="107" hits="1" branch="false" />
            <line number="108" hits="666666" branch="false" />
            <line number="110" hits="1" branch="true" condition-coverage="50% (2/4)" />
            <line number="111" hits="0" branch="false" />
            <line number="112" hits="1" branch="true" condition-coverage="50% (1/2)" />
            <line number="113" hits="0" branch="false" />
            <line number="114" hits="0" branch="false" />
            <line number="115" hits="0" branch="true" condition-coverage="0% (0/2)" />
            <line number="116" hits="0" branch="false" />
            <line number="117" hits="0" branch="true" condition-coverage="0% (0/2)" />
            <line number="118" hits="0" branch="false" />
            <line number="119" hits="0" branch="false" />
            <line number="120" hits="0" branch="true" condition-coverage="0% (0/2)" />
            <line number="121" hits="0" branch="false" />
            <line number="122" hits="0" branch="false" />
            <line number="123" hits="0" branch="false" />
            <line number="125" hits="1" branch="false" />
            <line number="126" hits="1" branch="false" />
            <line number="130" hits="0" branch="false" />
            <line number="131" hits="0" branch="true" condition-coverage="0% (0/2)" />
            <line number="132" hits="0" branch="true" condition-coverage="0% (0/4)" />
            <line number="133" hits="0" branch="false" />
            <line number="134" hits="0" branch="true" condition-coverage="0% (0/2)" />
            <line number="135" hits="0" branch="false" />
            <line number="136" hits="0" branch="false" />
            <line number="137" hits="0" branch="true" condition-coverage="0% (0/2)" />
            <line number="138" hits="0" branch="false" />
            <line number="139" hits="0" branch="false" />
            <line number="140" hits="0" branch="false" />
            <line number="142" hits="0" branch="false" />
            <line number="143" hits="0" branch="false" />
            <line number="155" hits="0" branch="false" />
            <line number="156" hits="0" branch="true" condition-coverage="0% (0/4)" />
            <line number="157" hits="0" branch="false" />
            <line number="158" hits="0" branch="true" condition-coverage="0% (0/2)" />
            <line number="159" hits="0" branch="true" condition-coverage="0% (0/2)" />
            <line number="160" hits="0" branch="false" />
            <line number="162" hits="0" branch="true" condition-coverage="0% (0/2)" />
            <line number="163" hits="0" branch="false" />
            <line number="164" hits="0" branch="false" />
            <line number="165" hits="0" branch="true" condition-coverage="0% (0/4)" />
            <line number="166" hits="0" branch="true" condition-coverage="0% (0/2)" />
            <line number="167" hits="0" branch="false" />
            <line number="168" hits="0" branch="false" />
            <line number="169" hits="0" branch="false" />
            <line number="170" hits="0" branch="false" />
            <line number="171" hits="0" branch="false" />
            <line number="174" hits="0" branch="false" />
            <line number="175" hits="0" branch="true" condition-coverage="0% (0/4)" />
            <line number="176" hits="0" branch="false" />
            <line number="177" hits="0" branch="true" condition-coverage="0% (0/2)" />
            <line number="178" hits="0" branch="true" condition-coverage="0% (0/2)" />
            <line number="179" hits="0" branch="false" />
            <line number="181" hits="0" branch="false" />
            <line number="182" hits="0" branch="false" />
            <line number="184" hits="0" branch="true" condition-coverage="0% (0/2)" />
            <line number="185" hits="0" branch="false" />
            <line number="186" hits="0" branch="false" />
            <line number="187" hits="0" branch="true" condition-coverage="0% (0/2)" />
            <line number="188" hits="0" branch="false" />
            <line number="189" hits="0" branch="false" />
            <line number="191" hits="0" branch="false" />
            <line number="192" hits="0" branch="false" />
            <line number="193" hits="0" branch="false" />
            <line number="196" hits="0" branch="false" />
            <line number="197" hits="0" branch="false" />
            <line number="198" hits="0" branch="true" condition-coverage="0% (0/2)" />
            <line number="199" hits="0" branch="false" />
            <line number="200" hits="0" branch="true" condition-coverage="0% (0/2)" />
            <line number="201" hits="0" branch="false" />
            <line number="202" hits="0" branch="false" />
            <line number="203" hits="0" branch="false" />
            <line number="204" hits="0" branch="false" />
          </lines>
        </class>
      </classes>
    </package>
    <package name="TuningTest" line-rate="0.8571428571428571" branch-rate="1" complexity="2">
      <classes>
        <class name="AutoGeneratedProgram" filename="C:\Users\Mehmed\.nuget\packages\microsoft.net.test.sdk\16.5.0\build\netcoreapp2.1\Microsoft.NET.Test.Sdk.Program.cs" line-rate="0" branch-rate="1" complexity="1">
          <methods>
            <method name="Main" signature="(...)" line-rate="0" branch-rate="1" complexity="1">
              <lines>
                <line number="4" hits="0" branch="false" />
              </lines>
            </method>
          </methods>
          <lines>
            <line number="4" hits="0" branch="false" />
          </lines>
        </class>
        <class name="TuningTest.UnitTest1" filename="C:\Users\Mehmed\Desktop\VVS-zadaca-3\Studentski Dom\TuningTest\UnitTest1.cs" line-rate="1" branch-rate="1" complexity="1">
          <methods>
            <method name="TestMethod1" signature="()" line-rate="1" branch-rate="1" complexity="1">
              <lines>
                <line number="12" hits="1" branch="false" />
                <line number="13" hits="1" branch="false" />
                <line number="15" hits="1" branch="false" />
                <line number="17" hits="1" branch="false" />
                <line number="19" hits="1" branch="false" />
                <line number="21" hits="1" branch="false" />
              </lines>
            </method>
          </methods>
          <lines>
            <line number="12" hits="1" branch="false" />
            <line number="13" hits="1" branch="false" />
            <line number="15" hits="1" branch="false" />
            <line number="17" hits="1" branch="false" />
            <line number="19" hits="1" branch="false" />
            <line number="21" hits="1" branch="false" />
          </lines>
        </class>
      </classes>
    </package>
  </packages>
</coverage>