TpTrace Information: 0 : 3444, 1, 2020/12/30, 18:20:01.033, 20948923306, datacollector.dll, DataCollectorMain.Run: Starting data collector run with args: --port,53154,--parentprocessid,13484,--diag,C:\Users\Mehmed\Desktop\VVS-zadaca-3\Studentski Dom\TuningTest\bin\Debug\netcoreapp3.1\fine-code-coverage\diagnostics.datacollector.20-12-30_18-20-00_95104_4.log,--tracelevel,4
TpTrace Information: 0 : 3444, 1, 2020/12/30, 18:20:01.036, 20948938279, datacollector.dll, DataCollector: Monitoring parent process with id: '13484'
TpTrace Information: 0 : 3444, 1, 2020/12/30, 18:20:01.041, 20948990640, datacollector.dll, Trying to connect to server on socket : 127.0.0.1:53154 
TpTrace Verbose: 0 : 3444, 1, 2020/12/30, 18:20:01.051, 20949086848, datacollector.dll, SocketCommunicationManager : SetupClientAsync : Attempting to connect to the server.
TpTrace Information: 0 : 3444, 7, 2020/12/30, 18:20:01.060, 20949171388, datacollector.dll, Connected to the server successfully 
TpTrace Information: 0 : 3444, 7, 2020/12/30, 18:20:01.060, 20949171969, datacollector.dll, Using the buffer size of 16384 bytes
TpTrace Information: 0 : 3444, 1, 2020/12/30, 18:20:01.112, 20949700928, datacollector.dll, DataCollector: Start Request Processing.
TpTrace Information: 0 : 3444, 1, 2020/12/30, 18:20:01.115, 20949726201, datacollector.dll, DataCollectionRequestHandler.ProcessRequests : Datacollector received message: (DataCollection.BeforeTestRunStart) -> {
  "SettingsXml": "<RunSettings><RunConfiguration><ResultsDirectory>C:\\Users\\Mehmed\\Desktop\\VVS-zadaca-3\\Studentski Dom\\TuningTest\\bin\\Debug\\netcoreapp3.1\\fine-code-coverage</ResultsDirectory><TargetPlatform>X64</TargetPlatform><TargetFrameworkVersion>.NETCoreApp,Version=v3.1</TargetFrameworkVersion><DesignMode>False</DesignMode><CollectSourceInformation>False</CollectSourceInformation><TestAdaptersPaths>C:\\Program Files\\dotnet\\sdk\\3.1.403\\Extensions</TestAdaptersPaths></RunConfiguration><LoggerRunSettings><Loggers><Logger friendlyName=\"blame\" enabled=\"True\" /><Logger friendlyName=\"Console\" uri=\"logger://microsoft/TestPlatform/ConsoleLogger/v1\" assemblyQualifiedName=\"Microsoft.VisualStudio.TestPlatform.CommandLine.Internal.ConsoleLogger, vstest.console, Version=15.0.0.0, Culture=neutral, PublicKeyToken=b03f5f7f11d50a3a\" codeBase=\"C:\\Program Files\\dotnet\\sdk\\3.1.403\\vstest.console.dll\" enabled=\"True\" /></Loggers></LoggerRunSettings><DataCollectionRunSettings><DataCollectors><DataCollector friendlyName=\"blame\" enabled=\"True\"><Configuration><ResultsDirectory>C:\\Users\\Mehmed\\Desktop\\VVS-zadaca-3\\Studentski Dom\\TuningTest\\bin\\Debug\\netcoreapp3.1\\fine-code-coverage</ResultsDirectory></Configuration></DataCollector></DataCollectors></DataCollectionRunSettings></RunSettings>",
  "Sources": [
    "C:\\Users\\Mehmed\\Desktop\\VVS-zadaca-3\\Studentski Dom\\TuningTest\\bin\\Debug\\netcoreapp3.1\\TuningTest.dll"
  ]
}
TpTrace Verbose: 0 : 3444, 1, 2020/12/30, 18:20:01.148, 20950054825, datacollector.dll, TestPluginCache: Update extensions started. Skip filter = False
TpTrace Verbose: 0 : 3444, 1, 2020/12/30, 18:20:01.148, 20950061192, datacollector.dll, TestPluginCache: Using directories for assembly resolution 'C:\Program Files\dotnet\sdk\3.1.403\Extensions'.
TpTrace Verbose: 0 : 3444, 1, 2020/12/30, 18:20:01.149, 20950061673, datacollector.dll, TestPluginCache: Updated the available extensions to 'C:\Program Files\dotnet\sdk\3.1.403\Extensions\Microsoft.TestPlatform.Extensions.BlameDataCollector.dll,C:\Program Files\dotnet\sdk\3.1.403\Extensions\Microsoft.TestPlatform.Extensions.EventLogCollector.dll'.
TpTrace Verbose: 0 : 3444, 1, 2020/12/30, 18:20:01.153, 20950101429, datacollector.dll, TestPluginCache.DiscoverTestExtensions: finding test extensions in assemblies ends with: Collector.dll TPluginInfo: Microsoft.VisualStudio.TestPlatform.Common.DataCollector.DataCollectorConfig TExtension: Microsoft.VisualStudio.TestPlatform.ObjectModel.DataCollection.DataCollector
TpTrace Verbose: 0 : 3444, 1, 2020/12/30, 18:20:01.153, 20950102538, datacollector.dll, TestPluginCache.GetExtensionPaths: Filtered extension paths: C:\Program Files\dotnet\sdk\3.1.403\Extensions\Microsoft.TestPlatform.Extensions.BlameDataCollector.dll
C:\Program Files\dotnet\sdk\3.1.403\Extensions\Microsoft.TestPlatform.Extensions.EventLogCollector.dll
TpTrace Verbose: 0 : 3444, 1, 2020/12/30, 18:20:01.153, 20950103461, datacollector.dll, TestPluginCache.GetExtensionPaths: Added default extension paths: 
TpTrace Verbose: 0 : 3444, 1, 2020/12/30, 18:20:01.153, 20950103819, datacollector.dll, TestPluginCache.GetExtensionPaths: Added unfilterableExtensionPaths: 
TpTrace Information: 0 : 3444, 1, 2020/12/30, 18:20:01.153, 20950108939, datacollector.dll, AssemblyResolver.ctor: Creating AssemblyResolver with searchDirectories C:\Program Files\dotnet\sdk\3.1.403\Extensions,C:\Program Files\dotnet\sdk\3.1.403
TpTrace Verbose: 0 : 3444, 1, 2020/12/30, 18:20:01.154, 20950119054, datacollector.dll, TestPluginCache.DiscoverTestExtensions: Discovering the extensions using extension path.
TpTrace Verbose: 0 : 3444, 1, 2020/12/30, 18:20:01.154, 20950120004, datacollector.dll, TestPluginCache.GetExtensionPaths: Filtered extension paths: C:\Program Files\dotnet\sdk\3.1.403\Extensions\Microsoft.TestPlatform.Extensions.BlameDataCollector.dll
C:\Program Files\dotnet\sdk\3.1.403\Extensions\Microsoft.TestPlatform.Extensions.EventLogCollector.dll
TpTrace Verbose: 0 : 3444, 1, 2020/12/30, 18:20:01.154, 20950120263, datacollector.dll, TestPluginCache.GetExtensionPaths: Added default extension paths: 
TpTrace Verbose: 0 : 3444, 1, 2020/12/30, 18:20:01.154, 20950120441, datacollector.dll, TestPluginCache.GetExtensionPaths: Added unfilterableExtensionPaths: 
TpTrace Verbose: 0 : 3444, 1, 2020/12/30, 18:20:01.154, 20950120799, datacollector.dll, TestPluginCache.DiscoverTestExtensions: Discovering the extensions using allExtensionPaths: C:\Program Files\dotnet\sdk\3.1.403\Extensions\Microsoft.TestPlatform.Extensions.BlameDataCollector.dll
C:\Program Files\dotnet\sdk\3.1.403\Extensions\Microsoft.TestPlatform.Extensions.EventLogCollector.dll
TpTrace Information: 0 : 3444, 1, 2020/12/30, 18:20:01.155, 20950121435, datacollector.dll, AssemblyResolver.AddSearchDirectories: Adding more searchDirectories C:\Program Files\dotnet\sdk\3.1.403\Extensions,C:\Program Files\dotnet\sdk\3.1.403
TpTrace Information: 0 : 3444, 1, 2020/12/30, 18:20:01.155, 20950121828, datacollector.dll, AssemblyResolver.AddSearchDirectories: Adding more searchDirectories C:\Program Files\dotnet\sdk\3.1.403\Extensions,C:\Program Files\dotnet\sdk\3.1.403
TpTrace Information: 0 : 3444, 1, 2020/12/30, 18:20:01.155, 20950124567, datacollector.dll, AssemblyResolver.OnResolve: Microsoft.TestPlatform.Extensions.BlameDataCollector: Resolving assembly.
TpTrace Information: 0 : 3444, 1, 2020/12/30, 18:20:01.156, 20950134625, datacollector.dll, AssemblyResolver.OnResolve: Resolved assembly: Microsoft.TestPlatform.Extensions.BlameDataCollector, from path: C:\Program Files\dotnet\sdk\3.1.403\Extensions\Microsoft.TestPlatform.Extensions.BlameDataCollector.dll
TpTrace Error: 0 : 3444, 1, 2020/12/30, 18:20:01.157, 20950141407, datacollector.dll, The type "Microsoft.TestPlatform.Extensions.BlameDataCollector.BlameCollector" defined in "Microsoft.TestPlatform.Extensions.BlameDataCollector.dll" does not have ExtensionUri attribute.
TpTrace Information: 0 : 3444, 1, 2020/12/30, 18:20:01.157, 20950145656, datacollector.dll, AssemblyResolver.OnResolve: Microsoft.TestPlatform.Extensions.EventLogCollector: Resolving assembly.
TpTrace Information: 0 : 3444, 1, 2020/12/30, 18:20:01.157, 20950151140, datacollector.dll, AssemblyResolver.OnResolve: Resolved assembly: Microsoft.TestPlatform.Extensions.EventLogCollector, from path: C:\Program Files\dotnet\sdk\3.1.403\Extensions\Microsoft.TestPlatform.Extensions.EventLogCollector.dll
TpTrace Error: 0 : 3444, 1, 2020/12/30, 18:20:01.159, 20950163173, datacollector.dll, The type "Microsoft.TestPlatform.Extensions.EventLogCollector.EventLogDataCollector" defined in "Microsoft.TestPlatform.Extensions.EventLogCollector.dll" does not have ExtensionUri attribute.
TpTrace Verbose: 0 : 3444, 1, 2020/12/30, 18:20:01.159, 20950165228, datacollector.dll, TestPluginCache: Discovered the extensions using extension path 'C:\Program Files\dotnet\sdk\3.1.403\Extensions\Microsoft.TestPlatform.Extensions.BlameDataCollector.dll,C:\Program Files\dotnet\sdk\3.1.403\Extensions\Microsoft.TestPlatform.Extensions.EventLogCollector.dll'.
TpTrace Verbose: 0 : 3444, 1, 2020/12/30, 18:20:01.159, 20950165597, datacollector.dll, TestPluginCache: Discoverers are ''.
TpTrace Verbose: 0 : 3444, 1, 2020/12/30, 18:20:01.159, 20950165781, datacollector.dll, TestPluginCache: Executors are ''.
TpTrace Verbose: 0 : 3444, 1, 2020/12/30, 18:20:01.159, 20950165947, datacollector.dll, TestPluginCache: Executors2 are ''.
TpTrace Verbose: 0 : 3444, 1, 2020/12/30, 18:20:01.159, 20950166141, datacollector.dll, TestPluginCache: Setting providers are ''.
TpTrace Verbose: 0 : 3444, 1, 2020/12/30, 18:20:01.159, 20950166307, datacollector.dll, TestPluginCache: Loggers are ''.
TpTrace Information: 0 : 3444, 1, 2020/12/30, 18:20:01.160, 20950178135, datacollector.dll, TestPluginManager.CreateTestExtension: Attempting to load test extension: Microsoft.TestPlatform.Extensions.BlameDataCollector.BlameCollector
TpTrace Error: 0 : 3444, 1, 2020/12/30, 18:20:01.160, 20950179888, datacollector.dll, The type "Microsoft.TestPlatform.Extensions.BlameDataCollector.BlameCollector" defined in "Microsoft.TestPlatform.Extensions.BlameDataCollector.dll" does not have ExtensionUri attribute.
TpTrace Information: 0 : 3444, 1, 2020/12/30, 18:20:01.165, 20950231056, datacollector.dll, Listening on Endpoint : 127.0.0.1:53156
TpTrace Information: 0 : 3444, 1, 2020/12/30, 18:20:01.171, 20950283907, datacollector.dll, DataCollectionRequestHandler.ProcessRequests : DataCollection started.
TpTrace Information: 0 : 3444, 1, 2020/12/30, 18:20:01.200, 20950571294, datacollector.dll, DataCollectionRequestHandler.ProcessRequests : Datacollector received message: (DataCollection.TestHostLaunched) -> {
  "ProcessId": 11944
}
TpTrace Information: 0 : 3444, 5, 2020/12/30, 18:20:01.311, 20951681639, datacollector.dll, Using the buffer size of 16384 bytes
TpTrace Information: 0 : 3444, 5, 2020/12/30, 18:20:01.311, 20951682067, datacollector.dll, Accepted Client request and set the flag
TpTrace Information: 0 : 3444, 7, 2020/12/30, 18:20:01.573, 20954303632, datacollector.dll, DataCollectionTestCaseEventHandler: Test case starting.
TpTrace Information: 0 : 3444, 7, 2020/12/30, 18:20:01.593, 20954507027, datacollector.dll, Blame Collector : Test Case Start
TpTrace Information: 0 : 3444, 7, 2020/12/30, 18:20:01.593, 20954509642, datacollector.dll, DataCollectionTestCaseEventHandler: Test case 'TestMethod1 - 3161b5dd-f536-4fef-4274-1ccf10f40623' started.
TpTrace Information: 0 : 3444, 7, 2020/12/30, 18:20:01.932, 20957896195, datacollector.dll, DataCollectionTestCaseEventHandler : Test case completing.
TpTrace Information: 0 : 3444, 7, 2020/12/30, 18:20:01.939, 20957963280, datacollector.dll, Blame Collector : Test Case End
TpTrace Error: 0 : 3444, 7, 2020/12/30, 18:20:01.948, 20958054360, datacollector.dll, DataCollectionAttachmentManager.GetAttachments: Fail to get attachments: System.Collections.Generic.KeyNotFoundException: The given key 'Microsoft.VisualStudio.TestPlatform.ObjectModel.DataCollection.DataCollectionContext' was not present in the dictionary.
   at System.Collections.Generic.Dictionary`2.get_Item(TKey key)
   at Microsoft.VisualStudio.TestPlatform.Common.DataCollector.DataCollectionAttachmentManager.GetAttachments(DataCollectionContext dataCollectionContext) 
TpTrace Information: 0 : 3444, 7, 2020/12/30, 18:20:01.950, 20958080800, datacollector.dll, DataCollectionTestCaseEventHandler: Test case 'TestMethod1 - 3161b5dd-f536-4fef-4274-1ccf10f40623' completed
TpTrace Information: 0 : 3444, 7, 2020/12/30, 18:20:01.961, 20958183978, datacollector.dll, DataCollectionTestCaseEventHandler: Test session ended
TpTrace Information: 0 : 3444, 1, 2020/12/30, 18:20:02.028, 20958852964, datacollector.dll, DataCollectionRequestHandler.ProcessRequests : Datacollector received message: (DataCollection.AfterTestRunEnd) -> false
TpTrace Information: 0 : 3444, 1, 2020/12/30, 18:20:02.028, 20958857485, datacollector.dll, Blame Collector : Session End
TpTrace Error: 0 : 3444, 1, 2020/12/30, 18:20:02.028, 20958859405, datacollector.dll, DataCollectionAttachmentManager.GetAttachments: Fail to get attachments: System.Collections.Generic.KeyNotFoundException: The given key 'Microsoft.VisualStudio.TestPlatform.ObjectModel.DataCollection.DataCollectionContext' was not present in the dictionary.
   at System.Collections.Generic.Dictionary`2.get_Item(TKey key)
   at Microsoft.VisualStudio.TestPlatform.Common.DataCollector.DataCollectionAttachmentManager.GetAttachments(DataCollectionContext dataCollectionContext) 
TpTrace Information: 0 : 3444, 1, 2020/12/30, 18:20:02.028, 20958859869, datacollector.dll, DataCollectionManager.CleanupPlugins: CleanupPlugins called
TpTrace Verbose: 0 : 3444, 1, 2020/12/30, 18:20:02.028, 20958860155, datacollector.dll, DataCollectionManager.CleanupPlugins: Cleaning up 1 plugins
TpTrace Verbose: 0 : 3444, 1, 2020/12/30, 18:20:02.028, 20958860756, datacollector.dll, dataCollectorInfo.DisposeDataCollector: calling Dispose() on Microsoft.TestPlatform.Extensions.BlameDataCollector.BlameCollector
TpTrace Information: 0 : 3444, 1, 2020/12/30, 18:20:02.028, 20958861187, datacollector.dll, DataCollectionManager.CleanupPlugins: CleanupPlugins finished
TpTrace Information: 0 : 3444, 1, 2020/12/30, 18:20:02.029, 20958861869, datacollector.dll, DataCollectionRequestHandler.ProcessRequests : Session End message received from server. Closing the connection.
TpTrace Information: 0 : 3444, 1, 2020/12/30, 18:20:02.029, 20958862600, datacollector.dll, Closing the connection !
TpTrace Information: 0 : 3444, 1, 2020/12/30, 18:20:02.029, 20958862826, datacollector.dll, DataCollectionRequestHandler.ProcessRequests : DataCollection completed
TpTrace Information: 0 : 3444, 1, 2020/12/30, 18:20:02.029, 20958863001, datacollector.dll, Program.Main: exiting datacollector process.
